


materialPath: C:\Games\steamapps\common\dayofinfamy\doi\materials
Loading d:\sourceengine\dayofinfamy\mapsrc\crossroads\maps\crossroads19.vmf
Map revision 178
Can't find surfaceprop fabric for material MAPS/DOGRED/DOI_BEACH_CAMO_A, using default
Patching WVT material: maps/crossroads19/brick/hr_brick/venice/brick_ground_a_blend_wvt_patch
fixing up env_cubemap materials on brush sides...
0...1...2...3...4...5...6...7...8...9...100...1...2...3...4...5...6...7...8...9...10Processing areas...done (0)
Building Faces...done (0)
Chop Details...done (0)
Find Visible Detail Sides...done (0)
Merging details...done (0)
FixTjuncs...
PruneNodes...
WriteBSP...
done (0)
writing d:\sourceengine\dayofinfamy\mapsrc\crossroads\maps\crossroads19.prt...Building visibility clusters...
done (0)
Finding displacement neighbors...
Finding lightmap sample positions...
Displacement Alpha : 0...1...2...3...4...5...6...7...8...9...10
Building Physics collision data...
done (1) (28908 bytes)
Error! To use model "models/characters/american/player_american_01.mdl"
      with prop_static, it must be compiled with $staticprop!
Error loading studio model "models/characters/american/player_american_01.mdl"!
Placing detail props : 0...1...2...3...4...5...6...7...8...9...10
Compacting texture/material tables...
Reduced 971 texinfos to 314
Reduced 44 texdatas to 37 (2215 bytes to 1812)
Writing d:\sourceengine\dayofinfamy\mapsrc\crossroads\maps\crossroads19.bsp
2 seconds elapsed



12 threads
reading d:\sourceengine\dayofinfamy\mapsrc\crossroads\maps\crossroads19.bsp
reading d:\sourceengine\dayofinfamy\mapsrc\crossroads\maps\crossroads19.prt
 314 portalclusters
 928 numportals
0...1...2...3...4...5...6...7...8...9...10Optimized: 3829 visible clusters (0.00%)
Total clusters visible: 88241
Average clusters visible: 281
Building PAS...
Average clusters audible: 314
visdatasize:27712  compressed from 25120
writing d:\sourceengine\dayofinfamy\mapsrc\crossroads\maps\crossroads19.bsp
0 seconds elapsed



[Reading texlights from 'lights.rad']
[6 texlights parsed from 'lights.rad']

Loading d:\sourceengine\dayofinfamy\mapsrc\crossroads\maps\crossroads19.bsp
1502 faces
1456791 square feet [209777904.00 square inches]
1025 Displacements
757812 Square Feet [109125024.00 Square Inches]
1502 patches before subdivision
63654 patches after subdivision
3 direct lights
0...1...2...3...4...5...6...7...8.


materialPath: C:\Games\steamapps\common\dayofinfamy\doi\materials
Loading d:\sourceengine\dayofinfamy\mapsrc\crossroads\maps\crossroads19.vmf
Map revision 178
Can't find surfaceprop fabric for material MAPS/DOGRED/DOI_BEACH_CAMO_A, using default
Patching WVT material: maps/crossroads19/brick/hr_brick/venice/brick_ground_a_blend_wvt_patch
fixing up env_cubemap materials on brush sides...
0...1...2...3...4...5...6...7...8...9...100...1...2...3...4...5...6...7...8...9...10Processing areas...done (0)
Building Faces...done (0)
Chop Details...done (0)
Find Visible Detail Sides...done (0)
Merging details...done (0)
FixTjuncs...
PruneNodes...
WriteBSP...
done (0)
writing d:\sourceengine\dayofinfamy\mapsrc\crossroads\maps\crossroads19.prt...Building visibility clusters...
done (0)
Finding displacement neighbors...
Finding lightmap sample positions...
Displacement Alpha : 0...1...2...3...4...5...6...7...8...9...10
Building Physics collision data...
done (1) (28908 bytes)
Error! To use model "models/characters/american/player_american_01.mdl"
      with prop_static, it must be compiled with $staticprop!
Error loading studio model "models/characters/american/player_american_01.mdl"!
Placing detail props : 0...1...2...3...4...5...6...7...8...9...10
Compacting texture/material tables...
Reduced 971 texinfos to 314
Reduced 44 texdatas to 37 (2215 bytes to 1812)
Writing d:\sourceengine\dayofinfamy\mapsrc\crossroads\maps\crossroads19.bsp
2 seconds elapsed



12 threads
reading d:\sourceengine\dayofinfamy\mapsrc\crossroads\maps\crossroads19.bsp
reading d:\sourceengine\dayofinfamy\mapsrc\crossroads\maps\crossroads19.prt
 314 portalclusters
 928 numportals
0...1...2...3...4...5...6...7...8...9...10Optimized: 3829 visible clusters (0.00%)
Total clusters visible: 88241
Average clusters visible: 281
Building PAS...
Average clusters audible: 314
visdatasize:27712  compressed from 25120
writing d:\sourceengine\dayofinfamy\mapsrc\crossroads\maps\crossroads19.bsp
0 seconds elapsed



[Reading texlights from 'lights.rad']
[6 texlights parsed from 'lights.rad']

Loading d:\sourceengine\dayofinfamy\mapsrc\crossroads\maps\crossroads19.bsp
1502 faces
1456791 square feet [209777904.00 square inches]
1025 Displacements
757812 Square Feet [109125024.00 Square Inches]
1502 patches before subdivision
63654 patches after subdivision
3 direct lights
0...1...2...3...4...5.


materialPath: C:\Games\steamapps\common\dayofinfamy\doi\materials
Loading d:\sourceengine\dayofinfamy\mapsrc\crossroads\maps\crossroads19.vmf
Map revision 179
Can't find surfaceprop fabric for material MAPS/DOGRED/DOI_BEACH_CAMO_A, using default
Patching WVT material: maps/crossroads19/brick/hr_brick/venice/brick_ground_a_blend_wvt_patch
fixing up env_cubemap materials on brush sides...
0...1...2...3...4...5...6...7...8...9...100...1...2...3...4...5...6...7...8...9...10Processing areas...done (0)
Building Faces...done (0)
Chop Details...done (0)
Find Visible Detail Sides...done (0)
Merging details...done (0)
FixTjuncs...
PruneNodes...
WriteBSP...
done (0)
writing d:\sourceengine\dayofinfamy\mapsrc\crossroads\maps\crossroads19.prt...Building visibility clusters...
done (0)
Finding displacement neighbors...
Finding lightmap sample positions...
Displacement Alpha : 0...1...2...3...4...5...6...7...8...9...10
Building Physics collision data...
done (1) (28908 bytes)
Error! To use model "models/characters/american/player_american_01.mdl"
      with prop_static, it must be compiled with $staticprop!
Error loading studio model "models/characters/american/player_american_01.mdl"!
Placing detail props : 0...1...2...3...4...5...6...7...8...9...10
Compacting texture/material tables...
Reduced 971 texinfos to 314
Reduced 44 texdatas to 37 (2215 bytes to 1812)
Writing d:\sourceengine\dayofinfamy\mapsrc\crossroads\maps\crossroads19.bsp
2 seconds elapsed



12 threads
reading d:\sourceengine\dayofinfamy\mapsrc\crossroads\maps\crossroads19.bsp
reading d:\sourceengine\dayofinfamy\mapsrc\crossroads\maps\crossroads19.prt
 314 portalclusters
 928 numportals
0...1...2...3...4...5...6...7...8...9...10Optimized: 3829 visible clusters (0.00%)
Total clusters visible: 88241
Average clusters visible: 281
Building PAS...
Average clusters audible: 314
visdatasize:27712  compressed from 25120
writing d:\sourceengine\dayofinfamy\mapsrc\crossroads\maps\crossroads19.bsp
0 seconds elapsed



[Reading texlights from 'lights.rad']
[6 texlights parsed from 'lights.rad']

Loading d:\sourceengine\dayofinfamy\mapsrc\crossroads\maps\crossroads19.bsp
1502 faces
1456791 square feet [209777904.00 square inches]
1025 Displacements
757812 Square Feet [109125024.00 Square Inches]
1502 patches before subdivision
63654 patches after subdivision
3 direct lights
0...1...2...3...4...5...6...7...8...9...100...1...2...3...4...5...6...7...8...9...10transfers 1203923, max 526
transfer lists:   9.2 megs
0...1...2...3...4...5...6...7...8...9...10	Bounce #1 added RGB(9302, 6186, 3334)
0...1...2...3...4...5...6...7...8...9...10	Bounce #2 added RGB(315, 199, 100)
Build Patch/Sample Hash Table(s).....Done<0.0345 sec>
0...1...2...3...4...5...6...7...8...9...10FinalLightFace Done
0 of 0 (0% of) surface lights went in leaf ambient cubes.
0...1...2...3...4...5...6...7...8...9...10Writing leaf ambient...done
Ready to Finish

Object names       Objects/Maxobjs  Memory / Maxmem  Fullness 
------------       ---------------  ---------------  -------- 
models                   2/1024           96/49152    ( 0.2%) 
brushes                 98/8192         1176/98304    ( 1.2%) 
brushsides             686/65536        5488/524288   ( 1.0%) 
planes                2410/65536       48200/1310720  ( 3.7%) 
vertexes              2122/65536       25464/786432   ( 3.2%) 
nodes                  639/65536       20448/2097152  ( 1.0%) 
texinfos               314/12288       22608/884736   ( 2.6%) 
texdata                 37/2048         1184/65536    ( 1.8%) 
dispinfos             1025/0          180400/0        ( 0.0%) 
disp_verts           82521/0         1650420/0        ( 0.0%) 
disp_tris           130336/0          260672/0        ( 0.0%) 
disp_multiblend        972/0           77760/0        ( 0.0%) 
disp_lmsamples     2155268/0         2155268/0        ( 0.0%) 
faces                 1502/65536       84112/3670016  ( 2.3%) 
hdr faces                0/65536           0/3670016  ( 0.0%) 
origfaces             1154/65536       64624/3670016  ( 1.8%) 
facebrushes              8/0              16/0        ( 0.0%) 
facebrushlists        1502/0            6008/0        ( 0.0%) 
leaves                 642/65536       20544/2097152  ( 1.0%) 
leaffaces              527/65536        1054/131072   ( 0.8%) 
leafbrushes            492/65536         984/131072   ( 0.8%) 
areas                    2/1024           16/8192     ( 0.2%) 
surfedges            10785/512000      43140/2048000  ( 2.1%) 
edges                 6087/256000      24348/1024000  ( 2.4%) 
LDR worldlights          3/8192          300/819200   ( 0.0%) 
HDR worldlights          0/8192            0/819200   ( 0.0%) 
leafwaterdata            3/32768          36/393216   ( 0.0%) 
waterstrips             29/32768         290/327680   ( 0.1%) 
waterverts               0/65536           0/786432   ( 0.0%) 
waterindices           426/65536         852/131072   ( 0.7%) 
cubemapsamples          36/1024          576/16384    ( 3.5%) 
overlays                 5/1024         1760/360448   ( 0.5%) 
LDR lightdata         [variable]    11526180/0        ( 0.0%) 
HDR lightdata         [variable]           0/0        ( 0.0%) 
visdata               [variable]       27712/16777216 ( 0.2%) 
entdata               [variable]       13194/393216   ( 3.4%) 
LDR ambient table      642/65536        2568/262144   ( 1.0%) 
HDR ambient table      642/65536        2568/262144   ( 1.0%) 
LDR leaf ambient      4270/65536      119560/1835008  ( 6.5%) 
HDR leaf ambient       642/65536       17976/1835008  ( 1.0%) 
occluders                0/0               0/0        ( 0.0%) 
occluder polygons        0/0               0/0        ( 0.0%) 
occluder vert ind        0/0               0/0        ( 0.0%) 
detail props          [variable]           1/12       ( 8.3%) 
static props          [variable]           1/15456    ( 0.0%) 
pakfile               [variable]       10910/0        ( 0.0%) 
physics               [variable]       28908/4194304  ( 0.7%) 
physics terrain       [variable]      341929/1048576  (32.6%) 

Level flags = 4

Total triangle count: 3165
Writing d:\sourceengine\dayofinfamy\mapsrc\crossroads\maps\crossroads19.bsp
1 minute, 8 seconds elapsed



materialPath: C:\Games\steamapps\common\dayofinfamy\doi\materials
Loading d:\sourceengine\dayofinfamy\mapsrc\crossroads\maps\crossroads19.vmf
Map revision 179
Can't find surfaceprop fabric for material MAPS/DOGRED/DOI_BEACH_CAMO_A, using default
Patching WVT material: maps/crossroads19/brick/hr_brick/venice/brick_ground_a_blend_wvt_patch
fixing up env_cubemap materials on brush sides...
0...1...2...3...4...5...6...7...8...9...100...1...2...3...4...5...6...7...8...9...10Processing areas...done (0)
Building Faces...done (0)
Chop Details...done (0)
Find Visible Detail Sides...done (0)
Merging details...done (0)
FixTjuncs...
PruneNodes...
WriteBSP...
done (0)
writing d:\sourceengine\dayofinfamy\mapsrc\crossroads\maps\crossroads19.prt...Building visibility clusters...
done (0)
Finding displacement neighbors...
Finding lightmap sample positions...
Displacement Alpha : 0...1...2...3...4...5...6...7...8...9...10
Building Physics collision data...
done (1) (28908 bytes)
Error! To use model "models/characters/american/player_american_01.mdl"
      with prop_static, it must be compiled with $staticprop!
Error loading studio model "models/characters/american/player_american_01.mdl"!
Placing detail props : 0...1...2...3...4...5...6...7...8...9...10
Compacting texture/material tables...
Reduced 971 texinfos to 314
Reduced 44 texdatas to 37 (2215 bytes to 1812)
Writing d:\sourceengine\dayofinfamy\mapsrc\crossroads\maps\crossroads19.bsp
2 seconds elapsed



12 threads
reading d:\sourceengine\dayofinfamy\mapsrc\crossroads\maps\crossroads19.bsp
reading d:\sourceengine\dayofinfamy\mapsrc\crossroads\maps\crossroads19.prt
 314 portalclusters
 928 numportals
0...1...2...3...4...5...6...7...8...9...10Optimized: 3829 visible clusters (0.00%)
Total clusters visible: 88241
Average clusters visible: 281
Building PAS...
Average clusters audible: 314
visdatasize:27712  compressed from 25120
writing d:\sourceengine\dayofinfamy\mapsrc\crossroads\maps\crossroads19.bsp
0 seconds elapsed



[Reading texlights from 'lights.rad']
[6 texlights parsed from 'lights.rad']

Loading d:\sourceengine\dayofinfamy\mapsrc\crossroads\maps\crossroads19.bsp



materialPath: C:\Games\steamapps\common\dayofinfamy\doi\materials
Loading d:\sourceengine\dayofinfamy\mapsrc\crossroads\maps\crossroads19.vmf
Map revision 180
Can't find surfaceprop fabric for material MAPS/DOGRED/DOI_BEACH_CAMO_A, using default
Patching WVT material: maps/crossroads19/brick/hr_brick/venice/brick_ground_a_blend_wvt_patch
fixing up env_cubemap materials on brush sides...
0...1...2...3...4...5...6...7...8...9...100...1...2...3...4...5...6...7...8...9...10Processing areas...done (0)
Building Faces...done (0)
Chop Details...done (0)
Find Visible Detail Sides...done (0)
Merging details...done (0)
FixTjuncs...
PruneNodes...
WriteBSP...
done (0)
writing d:\sourceengine\dayofinfamy\mapsrc\crossroads\maps\crossroads19.prt...Building visibility clusters...
done (0)
Finding displacement neighbors...
Finding lightmap sample positions...
Displacement Alpha : 0...1...2...3...4...5...6...7...8...9...10
Building Physics collision data...
done (1) (28908 bytes)
Error! To use model "models/characters/american/player_american_01.mdl"
      with prop_static, it must be compiled with $staticprop!
Error loading studio model "models/characters/american/player_american_01.mdl"!
Placing detail props : 0...1...2...3...4...5...6...7...8...9...10
Compacting texture/material tables...
Reduced 971 texinfos to 314
Reduced 44 texdatas to 37 (2215 bytes to 1812)
Writing d:\sourceengine\dayofinfamy\mapsrc\crossroads\maps\crossroads19.bsp
2 seconds elapsed



12 threads
reading d:\sourceengine\dayofinfamy\mapsrc\crossroads\maps\crossroads19.bsp
reading d:\sourceengine\dayofinfamy\mapsrc\crossroads\maps\crossroads19.prt
 314 portalclusters
 928 numportals
0...1...2...3...4...5...6...7...8...9...10Optimized: 3829 visible clusters (0.00%)
Total clusters visible: 88241
Average clusters visible: 281
Building PAS...
Average clusters audible: 314
visdatasize:27712  compressed from 25120
writing d:\sourceengine\dayofinfamy\mapsrc\crossroads\maps\crossroads19.bsp
0 seconds elapsed



[Reading texlights from 'lights.rad']
[6 texlights parsed from 'lights.rad']

Loading d:\sourceengine\dayofinfamy\mapsrc\crossroads\maps\crossroads19.bsp
1502 faces
1456791 square feet [209777904.00 square inches]
1025 Displacements
757812 Square Feet [109125024.00 Square Inches]
1502 patches before subdivision
63654 patches after subdivision
3 direct lights
0...1...2...3...4...5...6...7...8...9...100...1...2...3...4...5...6...7...8...9...10transfers 1203923, max 526
transfer lists:   9.2 megs
0...1...2...3...4...5...6...7...8...9...10	Bounce #1 added RGB(9302, 6186, 3334)
0...1...2...3...4...5...6...7...8...9...10	Bounce #2 added RGB(315, 199, 100)
Build Patch/Sample Hash Table(s).....Done<0.0332 sec>
0...1...2...3...4...5...6...7...8...9...10FinalLightFace Done
0 of 0 (0% of) surface lights went in leaf ambient cubes.
0...1...2...3...4...5...6...7...8...9...10Writing leaf ambient...done
Ready to Finish

Object names       Objects/Maxobjs  Memory / Maxmem  Fullness 
------------       ---------------  ---------------  -------- 
models                   2/1024           96/49152    ( 0.2%) 
brushes                 98/8192         1176/98304    ( 1.2%) 
brushsides             686/65536        5488/524288   ( 1.0%) 
planes                2410/65536       48200/1310720  ( 3.7%) 
vertexes              2122/65536       25464/786432   ( 3.2%) 
nodes                  639/65536       20448/2097152  ( 1.0%) 
texinfos               314/12288       22608/884736   ( 2.6%) 
texdata                 37/2048         1184/65536    ( 1.8%) 
dispinfos             1025/0          180400/0        ( 0.0%) 
disp_verts           82521/0         1650420/0        ( 0.0%) 
disp_tris           130336/0          260672/0        ( 0.0%) 
disp_multiblend        972/0           77760/0        ( 0.0%) 
disp_lmsamples     2155268/0         2155268/0        ( 0.0%) 
faces                 1502/65536       84112/3670016  ( 2.3%) 
hdr faces                0/65536           0/3670016  ( 0.0%) 
origfaces             1154/65536       64624/3670016  ( 1.8%) 
facebrushes              8/0              16/0        ( 0.0%) 
facebrushlists        1502/0            6008/0        ( 0.0%) 
leaves                 642/65536       20544/2097152  ( 1.0%) 
leaffaces              527/65536        1054/131072   ( 0.8%) 
leafbrushes            492/65536         984/131072   ( 0.8%) 
areas                    2/1024           16/8192     ( 0.2%) 
surfedges            10785/512000      43140/2048000  ( 2.1%) 
edges                 6087/256000      24348/1024000  ( 2.4%) 
LDR worldlights          3/8192          300/819200   ( 0.0%) 
HDR worldlights          0/8192            0/819200   ( 0.0%) 
leafwaterdata            3/32768          36/393216   ( 0.0%) 
waterstrips             29/32768         290/327680   ( 0.1%) 
waterverts               0/65536           0/786432   ( 0.0%) 
waterindices           426/65536         852/131072   ( 0.7%) 
cubemapsamples          36/1024          576/16384    ( 3.5%) 
overlays                 5/1024         1760/360448   ( 0.5%) 
LDR lightdata         [variable]    11526180/0        ( 0.0%) 
HDR lightdata         [variable]           0/0        ( 0.0%) 
visdata               [variable]       27712/16777216 ( 0.2%) 
entdata               [variable]       13205/393216   ( 3.4%) 
LDR ambient table      642/65536        2568/262144   ( 1.0%) 
HDR ambient table      642/65536        2568/262144   ( 1.0%) 
LDR leaf ambient      4270/65536      119560/1835008  ( 6.5%) 
HDR leaf ambient       642/65536       17976/1835008  ( 1.0%) 
occluders                0/0               0/0        ( 0.0%) 
occluder polygons        0/0               0/0        ( 0.0%) 
occluder vert ind        0/0               0/0        ( 0.0%) 
detail props          [variable]           1/12       ( 8.3%) 
static props          [variable]           1/15456    ( 0.0%) 
pakfile               [variable]       10910/0        ( 0.0%) 
physics               [variable]       28908/4194304  ( 0.7%) 
physics terrain       [variable]      341929/1048576  (32.6%) 

Level flags = 4

Total triangle count: 3165
Writing d:\sourceengine\dayofinfamy\mapsrc\crossroads\maps\crossroads19.bsp
1 minute, 8 seconds elapsed
