


materialPath: C:\Games\steamapps\common\dayofinfamy\doi\materials
Loading d:\sourceengine\dayofinfamy\mapsrc\crossroads\maps\crossroads16.vmf
Map revision 124
Patching WVT material: maps/crossroads16/brick/hr_brick/venice/brick_ground_a_blend_wvt_patch
fixing up env_cubemap materials on brush sides...
0...1...2...3...4...5...6...7...8...9...100...1...2...3...4...5...6...7...8...9...10Processing areas...done (0)
Building Faces...done (0)
Chop Details...done (0)
Find Visible Detail Sides...done (0)
Merging details...done (0)
FixTjuncs...
PruneNodes...
WriteBSP...
done (0)
writing d:\sourceengine\dayofinfamy\mapsrc\crossroads\maps\crossroads16.prt...Building visibility clusters...
done (0)
Finding displacement neighbors...
Finding lightmap sample positions...
Displacement Alpha : 0...1...2...3...4...5...6...7...8...9...10
Building Physics collision data...
done (1) (20749 bytes)
Error! To use model "models/characters/american/player_american_01.mdl"
      with prop_static, it must be compiled with $staticprop!
Error loading studio model "models/characters/american/player_american_01.mdl"!
Placing detail props : 0...1...2...3...4...5...6...7...8...9...10
Water found with no water_lod_control entity, creating a default one.
Compacting texture/material tables...
Reduced 611 texinfos to 195
Reduced 15 texdatas to 14 (436 bytes to 387)
Writing d:\sourceengine\dayofinfamy\mapsrc\crossroads\maps\crossroads16.bsp
1 second elapsed



12 threads
reading d:\sourceengine\dayofinfamy\mapsrc\crossroads\maps\crossroads16.bsp
reading d:\sourceengine\dayofinfamy\mapsrc\crossroads\maps\crossroads16.prt
 310 portalclusters
 919 numportals
0...1...2...3...4...5...6...7...8...9...100...1...2...3...4...5...6...7...8...9...10Optimized: 50 visible clusters (0.00%)
Total clusters visible: 72862
Average clusters visible: 235
Building PAS...
Average clusters audible: 310
visdatasize:26720  compressed from 24800
writing d:\sourceengine\dayofinfamy\mapsrc\crossroads\maps\crossroads16.bsp
0 seconds elapsed



[Reading texlights from 'lights.rad']
[6 texlights parsed from 'lights.rad']

Loading d:\sourceengine\dayofinfamy\mapsrc\crossroads\maps\crossroads16.bsp
1427 faces
1451161 square feet [208967232.00 square inches]
1015 Displacements
754963 Square Feet [108714760.00 Square Inches]
1427 patches before subdivision
63441 patches after subdivision
2 direct lights
0..


materialPath: C:\Games\steamapps\common\dayofinfamy\doi\materials
Loading d:\sourceengine\dayofinfamy\mapsrc\crossroads\maps\crossroads16.vmf
Map revision 124
Patching WVT material: maps/crossroads16/brick/hr_brick/venice/brick_ground_a_blend_wvt_patch
fixing up env_cubemap materials on brush sides...
0...1...2...3...4...5...6...7...8...9...100...1...2...3...4...5...6...7...8...9...10Processing areas...done (0)
Building Faces...done (0)
Chop Details...done (0)
Find Visible Detail Sides...done (0)
Merging details...done (0)
FixTjuncs...
PruneNodes...
WriteBSP...
done (0)
writing d:\sourceengine\dayofinfamy\mapsrc\crossroads\maps\crossroads16.prt...Building visibility clusters...
done (0)
Finding displacement neighbors...
Finding lightmap sample positions...
Displacement Alpha : 0...1...2...3...4...5...6...7...8...9...10
Building Physics collision data...
done (1) (20749 bytes)
Error! To use model "models/characters/american/player_american_01.mdl"
      with prop_static, it must be compiled with $staticprop!
Error loading studio model "models/characters/american/player_american_01.mdl"!
Placing detail props : 0...1...2...3...4...5...6...7...8...9...10
Water found with no water_lod_control entity, creating a default one.
Compacting texture/material tables...
Reduced 611 texinfos to 195
Reduced 15 texdatas to 14 (436 bytes to 387)
Writing d:\sourceengine\dayofinfamy\mapsrc\crossroads\maps\crossroads16.bsp
1 second elapsed



12 threads
reading d:\sourceengine\dayofinfamy\mapsrc\crossroads\maps\crossroads16.bsp
reading d:\sourceengine\dayofinfamy\mapsrc\crossroads\maps\crossroads16.prt
 310 portalclusters
 919 numportals
0...1...2...3...4...5...6...7...8...9...10Optimized: 3536 visible clusters (0.00%)
Total clusters visible: 88694
Average clusters visible: 286
Building PAS...
Average clusters audible: 310
visdatasize:26720  compressed from 24800
writing d:\sourceengine\dayofinfamy\mapsrc\crossroads\maps\crossroads16.bsp
0 seconds elapsed



[Reading texlights from 'lights.rad']
[6 texlights parsed from 'lights.rad']

Loading d:\sourceengine\dayofinfamy\mapsrc\crossroads\maps\crossroads16.bsp
1427 faces
1451161 square feet [208967232.00 square inches]
1015 Displacements
754963 Square Feet [108714760.00 Square Inches]
1427 patches before subdivision
63441 patches after subdivision
2 direct lights
0...1...2...3...4...5...6...7...8...9...100...1...2.


materialPath: C:\Games\steamapps\common\dayofinfamy\doi\materials
Loading d:\sourceengine\dayofinfamy\mapsrc\crossroads\maps\crossroads16.vmf
Map revision 125
Patching WVT material: maps/crossroads16/brick/hr_brick/venice/brick_ground_a_blend_wvt_patch
fixing up env_cubemap materials on brush sides...
0...1...2...3...4...5...6...7...8...9...100...1...2...3...4...5...6...7...8...9...10Processing areas...done (0)
Building Faces...done (0)
Chop Details...done (0)
Find Visible Detail Sides...done (0)
Merging details...done (0)
FixTjuncs...
PruneNodes...
WriteBSP...
done (0)
writing d:\sourceengine\dayofinfamy\mapsrc\crossroads\maps\crossroads16.prt...Building visibility clusters...
done (0)
Finding displacement neighbors...
Finding lightmap sample positions...
Displacement Alpha : 0...1...2...3...4...5...6...7...8...9...10
Building Physics collision data...
done (1) (20749 bytes)
Error! To use model "models/characters/american/player_american_01.mdl"
      with prop_static, it must be compiled with $staticprop!
Error loading studio model "models/characters/american/player_american_01.mdl"!
Placing detail props : 0...1...2...3...4...5...6...7...8...9...10
Water found with no water_lod_control entity, creating a default one.
Compacting texture/material tables...
Reduced 611 texinfos to 195
Reduced 15 texdatas to 14 (436 bytes to 387)
Writing d:\sourceengine\dayofinfamy\mapsrc\crossroads\maps\crossroads16.bsp
1 second elapsed



12 threads
reading d:\sourceengine\dayofinfamy\mapsrc\crossroads\maps\crossroads16.bsp
reading d:\sourceengine\dayofinfamy\mapsrc\crossroads\maps\crossroads16.prt
 310 portalclusters
 919 numportals
0...1...2...3...4...5...6...7...8...9...10Optimized: 3536 visible clusters (0.00%)
Total clusters visible: 88694
Average clusters visible: 286
Building PAS...
Average clusters audible: 310
visdatasize:26720  compressed from 24800
writing d:\sourceengine\dayofinfamy\mapsrc\crossroads\maps\crossroads16.bsp
0 seconds elapsed



[Reading texlights from 'lights.rad']
[6 texlights parsed from 'lights.rad']

Loading d:\sourceengine\dayofinfamy\mapsrc\crossroads\maps\crossroads16.bsp
1427 faces
1451161 square feet [208967232.00 square inches]
1015 Displacements
754963 Square Feet [108714760.00 Square Inches]
1427 patches before subdivision
63441 patches after subdivision
2 direct lights
0...1...2...3...4...5...6...7


materialPath: C:\Games\steamapps\common\dayofinfamy\doi\materials
Loading d:\sourceengine\dayofinfamy\mapsrc\crossroads\maps\crossroads16.vmf
Map revision 126
Patching WVT material: maps/crossroads16/brick/hr_brick/venice/brick_ground_a_blend_wvt_patch
fixing up env_cubemap materials on brush sides...
0...1...2...3...4...5...6...7...8...9...100...1...2...3...4...5...6...7...8...9...10Processing areas...done (0)
Building Faces...done (0)
Chop Details...done (0)
Find Visible Detail Sides...done (0)
Merging details...done (0)
FixTjuncs...
PruneNodes...
WriteBSP...
done (0)
writing d:\sourceengine\dayofinfamy\mapsrc\crossroads\maps\crossroads16.prt...Building visibility clusters...
done (0)
Finding displacement neighbors...
Finding lightmap sample positions...
Displacement Alpha : 0...1...2...3...4...5...6...7...8...9...10
Building Physics collision data...
done (1) (20749 bytes)
Error! To use model "models/characters/american/player_american_01.mdl"
      with prop_static, it must be compiled with $staticprop!
Error loading studio model "models/characters/american/player_american_01.mdl"!
Placing detail props : 0...1...2...3...4...5...6...7...8...9...10
Water found with no water_lod_control entity, creating a default one.
Compacting texture/material tables...
Reduced 611 texinfos to 195
Reduced 15 texdatas to 14 (436 bytes to 387)
Writing d:\sourceengine\dayofinfamy\mapsrc\crossroads\maps\crossroads16.bsp
1 second elapsed



12 threads
reading d:\sourceengine\dayofinfamy\mapsrc\crossroads\maps\crossroads16.bsp
reading d:\sourceengine\dayofinfamy\mapsrc\crossroads\maps\crossroads16.prt
 310 portalclusters
 919 numportals
0...1...2...3...4...5...6...7...8...9...10Optimized: 3536 visible clusters (0.00%)
Total clusters visible: 88694
Average clusters visible: 286
Building PAS...
Average clusters audible: 310
visdatasize:26720  compressed from 24800
writing d:\sourceengine\dayofinfamy\mapsrc\crossroads\maps\crossroads16.bsp
0 seconds elapsed



[Reading texlights from 'lights.rad']
[6 texlights parsed from 'lights.rad']

Loading d:\sourceengine\dayofinfamy\mapsrc\crossroads\maps\crossroads16.bsp
1427 faces
1451161 square feet [208967232.00 square inches]
1015 Displacements
754963 Square Feet [108714760.00 Square Inches]
1427 patches before subdivision
63441 patches after subdivision
2 direct lights
0...1...2...3...4...5...6...7...8...9..


materialPath: C:\Games\steamapps\common\dayofinfamy\doi\materials
Loading d:\sourceengine\dayofinfamy\mapsrc\crossroads\maps\crossroads16.vmf
Map revision 127
Patching WVT material: maps/crossroads16/brick/hr_brick/venice/brick_ground_a_blend_wvt_patch
fixing up env_cubemap materials on brush sides...
0...1...2...3...4...5...6...7...8...9...100...1...2...3...4...5...6...7...8...9...10Processing areas...done (0)
Building Faces...done (0)
Chop Details...done (0)
Find Visible Detail Sides...done (0)
Merging details...done (0)
FixTjuncs...
PruneNodes...
WriteBSP...
done (0)
writing d:\sourceengine\dayofinfamy\mapsrc\crossroads\maps\crossroads16.prt...Building visibility clusters...
done (0)
Finding displacement neighbors...
Finding lightmap sample positions...
Displacement Alpha : 0...1...2...3...4...5...6...7...8...9...10
Building Physics collision data...
done (1) (20749 bytes)
Error! To use model "models/characters/american/player_american_01.mdl"
      with prop_static, it must be compiled with $staticprop!
Error loading studio model "models/characters/american/player_american_01.mdl"!
Placing detail props : 0...1...2...3...4...5...6...7...8...9...10
Compacting texture/material tables...
Reduced 611 texinfos to 195
Reduced 15 texdatas to 14 (436 bytes to 387)
Writing d:\sourceengine\dayofinfamy\mapsrc\crossroads\maps\crossroads16.bsp
1 second elapsed



12 threads
reading d:\sourceengine\dayofinfamy\mapsrc\crossroads\maps\crossroads16.bsp
reading d:\sourceengine\dayofinfamy\mapsrc\crossroads\maps\crossroads16.prt
 310 portalclusters
 919 numportals
0...1...2...3...4...5...6...7...8...9...10Optimized: 3536 visible clusters (0.00%)
Total clusters visible: 88694
Average clusters visible: 286
Building PAS...
Average clusters audible: 310
visdatasize:26720  compressed from 24800
writing d:\sourceengine\dayofinfamy\mapsrc\crossroads\maps\crossroads16.bsp
0 seconds elapsed



[Reading texlights from 'lights.rad']
[6 texlights parsed from 'lights.rad']

Loading d:\sourceengine\dayofinfamy\mapsrc\crossroads\maps\crossroads16.bsp
1427 faces
1451161 square feet [208967232.00 square inches]
1015 Displacements
754963 Square Feet [108714760.00 Square Inches]
1427 patches before subdivision
63441 patches after subdivision
2 direct lights
0...1...2...3...4...5...6...7...8...9...100...1...2...3...4...5...6...7...8...9...10transfers 1519012, max 541
transfer lists:  11.6 megs
0...1...2...3...4...5...6...7...8...9...10	Bounce #1 added RGB(790, 768, 760)
0...1...2...3...4...5...6...7...8...9...10	Bounce #2 added RGB(9, 8, 7)
Build Patch/Sample Hash Table(s).....Done<0.0328 sec>
0...1...2...3...4...5..


materialPath: C:\Games\steamapps\common\dayofinfamy\doi\materials
Loading d:\sourceengine\dayofinfamy\mapsrc\crossroads\maps\crossroads16.vmf
Map revision 128
Patching WVT material: maps/crossroads16/brick/hr_brick/venice/brick_ground_a_blend_wvt_patch
fixing up env_cubemap materials on brush sides...
0...1...2...3...4...5...6...7...8...9...100...1...2...3...4...5...6...7...8...9...10Processing areas...done (0)
Building Faces...done (0)
Chop Details...done (0)
Find Visible Detail Sides...done (0)
Merging details...done (0)
FixTjuncs...
PruneNodes...
WriteBSP...
done (0)
writing d:\sourceengine\dayofinfamy\mapsrc\crossroads\maps\crossroads16.prt...Building visibility clusters...
done (0)
Finding displacement neighbors...
Finding lightmap sample positions...
Displacement Alpha : 0...1...2...3...4...5...6...7...8...9...10
Building Physics collision data...
done (1) (20749 bytes)
Error! To use model "models/characters/american/player_american_01.mdl"
      with prop_static, it must be compiled with $staticprop!
Error loading studio model "models/characters/american/player_american_01.mdl"!
Placing detail props : 0...1...2...3...4...5...6...7...8...9...10
Compacting texture/material tables...
Reduced 611 texinfos to 195
Reduced 15 texdatas to 14 (436 bytes to 387)
Writing d:\sourceengine\dayofinfamy\mapsrc\crossroads\maps\crossroads16.bsp
1 second elapsed



12 threads
reading d:\sourceengine\dayofinfamy\mapsrc\crossroads\maps\crossroads16.bsp
reading d:\sourceengine\dayofinfamy\mapsrc\crossroads\maps\crossroads16.prt
 310 portalclusters
 919 numportals
0...1...2...3...4...5...6...7...8...9...10Optimized: 3536 visible clusters (0.00%)
Total clusters visible: 88694
Average clusters visible: 286
Building PAS...
Average clusters audible: 310
visdatasize:26720  compressed from 24800
writing d:\sourceengine\dayofinfamy\mapsrc\crossroads\maps\crossroads16.bsp
0 seconds elapsed



[Reading texlights from 'lights.rad']
[6 texlights parsed from 'lights.rad']

Loading d:\sourceengine\dayofinfamy\mapsrc\crossroads\maps\crossroads16.bsp
1427 faces
1451161 square feet [208967232.00 square inches]
1015 Displacements
754963 Square Feet [108714760.00 Square Inches]
1427 patches before subdivision
63441 patches after subdivision
2 direct lights
0...1...2...3...4...5...6...7...8...9...100...1...2...3...4...5...6...7...8...9...10transfers 1519012, max 541
transfer lists:  11.6 megs
0...1...2...3...4...5...6...7...8...9...10	Bounce #1 added RGB(1545, 1540, 1441)
0...1...2...3...4...5...6...7...8...9...10	Bounce #2 added RGB(14, 13, 11)
Build Patch/Sample Hash Table(s).....Done<0.0326 sec>
0...1...2...3...4...5...6...7...8...9...10FinalLightFace Done
0 of 0 (0% of) surface lights went in leaf ambient cubes.
0...1...2...3...4...5...6...7...8...9...10Writing leaf ambient...done
Ready to Finish

Object names       Objects/Maxobjs  Memory / Maxmem  Fullness 
------------       ---------------  ---------------  -------- 
models                   1/1024           48/49152    ( 0.1%) 
brushes                 45/8192          540/98304    ( 0.5%) 
brushsides             298/65536        2384/524288   ( 0.5%) 
planes                1798/65536       35960/1310720  ( 2.7%) 
vertexes              1968/65536       23616/786432   ( 3.0%) 
nodes                  629/65536       20128/2097152  ( 1.0%) 
texinfos               195/12288       14040/884736   ( 1.6%) 
texdata                 14/2048          448/65536    ( 0.7%) 
dispinfos             1015/0          178640/0        ( 0.0%) 
disp_verts           82215/0         1644300/0        ( 0.0%) 
disp_tris           129920/0          259840/0        ( 0.0%) 
disp_multiblend        729/0           58320/0        ( 0.0%) 
disp_lmsamples     2139812/0         2139812/0        ( 0.0%) 
faces                 1427/65536       79912/3670016  ( 2.2%) 
hdr faces                0/65536           0/3670016  ( 0.0%) 
origfaces             1078/65536       60368/3670016  ( 1.6%) 
facebrushes              8/0              16/0        ( 0.0%) 
facebrushlists        1427/0            5708/0        ( 0.0%) 
leaves                 631/65536       20192/2097152  ( 1.0%) 
leaffaces              457/65536         914/131072   ( 0.7%) 
leafbrushes            415/65536         830/131072   ( 0.6%) 
areas                    2/1024           16/8192     ( 0.2%) 
surfedges            10183/512000      40732/2048000  ( 2.0%) 
edges                 5698/256000      22792/1024000  ( 2.2%) 
LDR worldlights          2/8192          200/819200   ( 0.0%) 
HDR worldlights          0/8192            0/819200   ( 0.0%) 
leafwaterdata            3/32768          36/393216   ( 0.0%) 
waterstrips             28/32768         280/327680   ( 0.1%) 
waterverts               0/65536           0/786432   ( 0.0%) 
waterindices           408/65536         816/131072   ( 0.6%) 
cubemapsamples           0/1024            0/16384    ( 0.0%) 
overlays                 3/1024         1056/360448   ( 0.3%) 
LDR lightdata         [variable]     5051260/0        ( 0.0%) 
HDR lightdata         [variable]           0/0        ( 0.0%) 
visdata               [variable]       26720/16777216 ( 0.2%) 
entdata               [variable]        1240/393216   ( 0.3%) 
LDR ambient table      631/65536        2524/262144   ( 1.0%) 
HDR ambient table      631/65536        2524/262144   ( 1.0%) 
LDR leaf ambient      4007/65536      112196/1835008  ( 6.1%) 
HDR leaf ambient       631/65536       17668/1835008  ( 1.0%) 
occluders                0/0               0/0        ( 0.0%) 
occluder polygons        0/0               0/0        ( 0.0%) 
occluder vert ind        0/0               0/0        ( 0.0%) 
detail props          [variable]           1/12       ( 8.3%) 
static props          [variable]           1/11180    ( 0.0%) 
pakfile               [variable]        1278/0        ( 0.0%) 
physics               [variable]       20749/4194304  ( 0.5%) 
physics terrain       [variable]      294247/1048576  (28.1%) 

Level flags = 4

Total triangle count: 3017
Writing d:\sourceengine\dayofinfamy\mapsrc\crossroads\maps\crossroads16.bsp
33 seconds elapsed
