PRT1
310
919
4 0 3 (5632 3072 -128 ) (5632 3072 1920 ) (5120 3072 1920 ) (5120 3072 -128 ) 
4 0 1 (5120 3072 -128 ) (5120 3072 1920 ) (5120 4096 1920 ) (5120 4096 -128 ) 
4 1 10 (5120 3072 -128 ) (5120 3072 1920 ) (4096 3072 1920 ) (4096 3072 -128 ) 
4 1 2 (4096 3072 -128 ) (4096 3072 1920 ) (4096 4096 1920 ) (4096 4096 -128 ) 
4 2 24 (3072 3072 -128 ) (3072 3072 1920 ) (3072 4096 1920 ) (3072 4096 -128 ) 
4 2 11 (4096 3072 -128 ) (4096 3072 1920 ) (3072 3072 1920 ) (3072 3072 -128 ) 
4 3 10 (5120 3072 1920 ) (5120 3072 -128 ) (5120 2048 -128 ) (5120 2048 1920 ) 
4 3 4 (5632 2048 -128 ) (5632 2048 1920 ) (5120 2048 1920 ) (5120 2048 -128 ) 
4 4 12 (5120 1024 -128 ) (5120 1024 1920 ) (5120 2048 1920 ) (5120 2048 -128 ) 
4 4 6 (5120 1024 -44 ) (5120 1024 -128 ) (5632 1024 -128 ) (5632 1024 -44 ) 
4 4 5 (5120 1024 1920 ) (5120 1024 -44 ) (5632 1024 -44 ) (5632 1024 1920 ) 
4 5 104 (5632 0 1920 ) (5120 0 1920 ) (5120 0 -44 ) (5632 0 -44 ) 
4 5 14 (5120 0 -44 ) (5120 0 1920 ) (5120 1024 1920 ) (5120 1024 -44 ) 
4 5 7 (5120 128 -44 ) (5120 448 -44 ) (5632 448 -44 ) (5632 128 -44 ) 
4 5 6 (5120 448 -44 ) (5120 1024 -44 ) (5632 1024 -44 ) (5632 448 -44 ) 
4 5 9 (5632 0 -44 ) (5120 0 -44 ) (5120 128 -44 ) (5632 128 -44 ) 
4 6 18 (5120 1024 -48 ) (5120 1024 -128 ) (5120 448 -128 ) (5120 448 -48 ) 
4 6 15 (5120 448 -44 ) (5120 1024 -44 ) (5120 1024 -48 ) (5120 448 -48 ) 
4 6 8 (5120 448 -128 ) (5632 448 -128 ) (5632 448 -48 ) (5120 448 -48 ) 
4 6 7 (5632 448 -48 ) (5632 448 -44 ) (5120 448 -44 ) (5120 448 -48 ) 
4 7 16 (5120 128 -44 ) (5120 448 -44 ) (5120 448 -48 ) (5120 128 -48 ) 
4 7 9 (5632 128 -48 ) (5632 128 -44 ) (5120 128 -44 ) (5120 128 -48 ) 
4 7 8 (5632 128 -48 ) (5120 128 -48 ) (5120 448 -48 ) (5632 448 -48 ) 
4 8 18 (5120 448 -48 ) (5120 448 -128 ) (5120 128 -128 ) (5120 128 -48 ) 
4 8 9 (5120 128 -128 ) (5632 128 -128 ) (5632 128 -48 ) (5120 128 -48 ) 
4 9 104 (5632 0 -128 ) (5632 0 -44 ) (5120 0 -44 ) (5120 0 -128 ) 
4 9 18 (5120 0 -128 ) (5120 0 -48 ) (5120 128 -48 ) (5120 128 -128 ) 
4 9 17 (5120 0 -48 ) (5120 0 -44 ) (5120 128 -44 ) (5120 128 -48 ) 
4 10 12 (5120 2048 -128 ) (5120 2048 1920 ) (4096 2048 1920 ) (4096 2048 -128 ) 
4 10 11 (4096 3072 1920 ) (4096 3072 -128 ) (4096 2048 -128 ) (4096 2048 1920 ) 
4 11 34 (3072 2048 -128 ) (3072 2048 1920 ) (3072 3072 1920 ) (3072 3072 -128 ) 
4 11 13 (4096 2048 -128 ) (4096 2048 1920 ) (3072 2048 1920 ) (3072 2048 -128 ) 
4 12 18 (5120 1024 -128 ) (5120 1024 -48 ) (4096 1024 -48 ) (4096 1024 -128 ) 
4 12 15 (5120 1024 -48 ) (5120 1024 -44 ) (4096 1024 -44 ) (4096 1024 -48 ) 
4 12 14 (5120 1024 -44 ) (5120 1024 1920 ) (4096 1024 1920 ) (4096 1024 -44 ) 
4 12 13 (4096 1024 -128 ) (4096 1024 1920 ) (4096 2048 1920 ) (4096 2048 -128 ) 
4 13 36 (3072 1024 -128 ) (3072 1024 1920 ) (3072 2048 1920 ) (3072 2048 -128 ) 
4 13 23 (3072 1024 -48 ) (3072 1024 -128 ) (4096 1024 -128 ) (4096 1024 -48 ) 
4 13 20 (3072 1024 -44 ) (3072 1024 -48 ) (4096 1024 -48 ) (4096 1024 -44 ) 
4 13 19 (3072 1024 1920 ) (3072 1024 -44 ) (4096 1024 -44 ) (4096 1024 1920 ) 
4 14 112 (5120 0 -44 ) (5120 0 128 ) (4096 0 128 ) (4096 0 -44 ) 
4 14 111 (5120 0 128 ) (5120 0 1920 ) (4096 0 1920 ) (4096 0 128 ) 
4 14 19 (4096 1024 1920 ) (4096 1024 -44 ) (4096 0 -44 ) (4096 0 1920 ) 
4 14 16 (4096 128 -44 ) (4096 448 -44 ) (5120 448 -44 ) (5120 128 -44 ) 
4 14 15 (4096 448 -44 ) (4096 1024 -44 ) (5120 1024 -44 ) (5120 448 -44 ) 
4 14 17 (5120 0 -44 ) (4096 0 -44 ) (4096 128 -44 ) (5120 128 -44 ) 
4 15 20 (4096 1024 -44 ) (4096 1024 -48 ) (4096 448 -48 ) (4096 448 -44 ) 
4 15 18 (4096 448 -48 ) (4096 1024 -48 ) (5120 1024 -48 ) (5120 448 -48 ) 
4 15 16 (4096 448 -48 ) (5120 448 -48 ) (5120 448 -44 ) (4096 448 -44 ) 
4 16 21 (4096 448 -48 ) (4096 128 -48 ) (4096 128 -44 ) (4096 448 -44 ) 
4 16 18 (4096 128 -48 ) (4096 448 -48 ) (5120 448 -48 ) (5120 128 -48 ) 
4 16 17 (4096 128 -48 ) (5120 128 -48 ) (5120 128 -44 ) (4096 128 -44 ) 
4 17 112 (5120 0 -48 ) (5120 0 -44 ) (4096 0 -44 ) (4096 0 -48 ) 
4 17 22 (4096 128 -48 ) (4096 0 -48 ) (4096 0 -44 ) (4096 128 -44 ) 
4 17 18 (4096 0 -48 ) (4096 128 -48 ) (5120 128 -48 ) (5120 0 -48 ) 
4 18 112 (5120 0 -128 ) (5120 0 -48 ) (4096 0 -48 ) (4096 0 -128 ) 
4 18 23 (4096 1024 -48 ) (4096 1024 -128 ) (4096 0 -128 ) (4096 0 -48 ) 
4 19 114 (4096 0 -44 ) (4096 0 128 ) (3072 0 128 ) (3072 0 -44 ) 
4 19 113 (4096 0 128 ) (4096 0 1920 ) (3072 0 1920 ) (3072 0 128 ) 
4 19 38 (3072 0 -44 ) (3072 0 1920 ) (3072 1024 1920 ) (3072 1024 -44 ) 
4 19 21 (3072 128 -44 ) (3072 448 -44 ) (4096 448 -44 ) (4096 128 -44 ) 
4 19 20 (3072 448 -44 ) (3072 1024 -44 ) (4096 1024 -44 ) (4096 448 -44 ) 
4 19 22 (3072 0 -44 ) (3072 128 -44 ) (4096 128 -44 ) (4096 0 -44 ) 
4 20 39 (3072 448 -44 ) (3072 1024 -44 ) (3072 1024 -48 ) (3072 448 -48 ) 
4 20 23 (3072 448 -48 ) (3072 1024 -48 ) (4096 1024 -48 ) (4096 448 -48 ) 
4 20 21 (3072 448 -48 ) (4096 448 -48 ) (4096 448 -44 ) (3072 448 -44 ) 
4 21 40 (3072 128 -44 ) (3072 448 -44 ) (3072 448 -48 ) (3072 128 -48 ) 
4 21 23 (3072 128 -48 ) (3072 448 -48 ) (4096 448 -48 ) (4096 128 -48 ) 
4 21 22 (3072 128 -48 ) (4096 128 -48 ) (4096 128 -44 ) (3072 128 -44 ) 
4 22 114 (4096 0 -48 ) (4096 0 -44 ) (3072 0 -44 ) (3072 0 -48 ) 
4 22 41 (3072 0 -48 ) (3072 0 -44 ) (3072 128 -44 ) (3072 128 -48 ) 
4 22 23 (4096 0 -48 ) (3072 0 -48 ) (3072 128 -48 ) (4096 128 -48 ) 
4 23 114 (4096 0 -128 ) (4096 0 -48 ) (3072 0 -48 ) (3072 0 -128 ) 
4 23 42 (3072 0 -128 ) (3072 0 -48 ) (3072 1024 -48 ) (3072 1024 -128 ) 
4 24 34 (3072 3072 -128 ) (3072 3072 1920 ) (2048 3072 1920 ) (2048 3072 -128 ) 
4 24 25 (2048 3072 -128 ) (2048 3072 1920 ) (2048 4096 1920 ) (2048 4096 -128 ) 
4 25 35 (2048 3072 -128 ) (2048 3072 1920 ) (1024 3072 1920 ) (1024 3072 -128 ) 
4 25 27 (1024 3072 -128 ) (1024 3072 64 ) (1024 4096 64 ) (1024 4096 -128 ) 
4 25 26 (1024 3072 64 ) (1024 3072 1920 ) (1024 4096 1920 ) (1024 4096 64 ) 
4 26 61 (1024 3072 64 ) (1024 3072 1920 ) (0 3072 1920 ) (0 3072 64 ) 
4 26 29 (0 3072 64 ) (0 3072 1920 ) (0 4096 1920 ) (0 4096 64 ) 
4 26 27 (896 4096 64 ) (1024 4096 64 ) (1024 3072 64 ) (896 3072 64 ) 
4 26 28 (0 3072 64 ) (0 4096 64 ) (640 4096 64 ) (640 3072 64 ) 
4 27 62 (1024 3072 -128 ) (1024 3072 64 ) (896 3072 64 ) (896 3072 -128 ) 
4 28 63 (640 3072 64 ) (0 3072 64 ) (0 3072 -128 ) (640 3072 -128 ) 
4 28 33 (0 3072 -128 ) (0 3072 -48 ) (0 4096 -48 ) (0 4096 -128 ) 
4 28 30 (0 3072 -48 ) (0 3072 -44 ) (0 4096 -44 ) (0 4096 -48 ) 
4 28 29 (0 3072 -44 ) (0 3072 64 ) (0 4096 64 ) (0 4096 -44 ) 
4 29 175 (-1024 3072 -44 ) (-1024 3072 1920 ) (-1024 4096 1920 ) (-1024 4096 -44 ) 
4 29 64 (0 3072 -44 ) (0 3072 1920 ) (-1024 3072 1920 ) (-1024 3072 -44 ) 
4 29 31 (-928 4096 -44 ) (-608 4096 -44 ) (-608 3072 -44 ) (-928 3072 -44 ) 
4 29 30 (-608 4096 -44 ) (0 4096 -44 ) (0 3072 -44 ) (-608 3072 -44 ) 
4 29 32 (-1024 3072 -44 ) (-1024 4096 -44 ) (-928 4096 -44 ) (-928 3072 -44 ) 
4 30 65 (0 3072 -48 ) (0 3072 -44 ) (-608 3072 -44 ) (-608 3072 -48 ) 
4 30 33 (0 3072 -48 ) (-608 3072 -48 ) (-608 4096 -48 ) (0 4096 -48 ) 
4 30 31 (-608 4096 -48 ) (-608 3072 -48 ) (-608 3072 -44 ) (-608 4096 -44 ) 
4 31 66 (-608 3072 -44 ) (-928 3072 -44 ) (-928 3072 -48 ) (-608 3072 -48 ) 
4 31 33 (-608 3072 -48 ) (-928 3072 -48 ) (-928 4096 -48 ) (-608 4096 -48 ) 
4 31 32 (-928 4096 -48 ) (-928 3072 -48 ) (-928 3072 -44 ) (-928 4096 -44 ) 
4 32 175 (-1024 3072 -48 ) (-1024 3072 -44 ) (-1024 4096 -44 ) (-1024 4096 -48 ) 
4 32 67 (-928 3072 -44 ) (-1024 3072 -44 ) (-1024 3072 -48 ) (-928 3072 -48 ) 
4 32 33 (-928 3072 -48 ) (-1024 3072 -48 ) (-1024 4096 -48 ) (-928 4096 -48 ) 
4 33 175 (-1024 3072 -128 ) (-1024 3072 -48 ) (-1024 4096 -48 ) (-1024 4096 -128 ) 
4 33 68 (0 3072 -128 ) (0 3072 -48 ) (-1024 3072 -48 ) (-1024 3072 -128 ) 
4 34 36 (3072 2048 -128 ) (3072 2048 1920 ) (2048 2048 1920 ) (2048 2048 -128 ) 
4 34 35 (2048 3072 1920 ) (2048 3072 -128 ) (2048 2048 -128 ) (2048 2048 1920 ) 
4 35 62 (1024 3072 64 ) (1024 3072 -128 ) (1024 2048 -128 ) (1024 2048 64 ) 
4 35 61 (1024 3072 1920 ) (1024 3072 64 ) (1024 2048 64 ) (1024 2048 1920 ) 
4 35 37 (2048 2048 -128 ) (2048 2048 1920 ) (1024 2048 1920 ) (1024 2048 -128 ) 
4 36 42 (3072 1024 -128 ) (3072 1024 -48 ) (2048 1024 -48 ) (2048 1024 -128 ) 
4 36 39 (3072 1024 -48 ) (3072 1024 -44 ) (2048 1024 -44 ) (2048 1024 -48 ) 
4 36 38 (3072 1024 -44 ) (3072 1024 1920 ) (2048 1024 1920 ) (2048 1024 -44 ) 
4 36 37 (2048 1024 -128 ) (2048 1024 1920 ) (2048 2048 1920 ) (2048 2048 -128 ) 
4 37 70 (1024 1024 -128 ) (1024 1024 64 ) (1024 2048 64 ) (1024 2048 -128 ) 
4 37 69 (1024 1024 64 ) (1024 1024 1920 ) (1024 2048 1920 ) (1024 2048 64 ) 
4 37 59 (1024 1024 -48 ) (1024 1024 -128 ) (1216 1024 -128 ) (1216 1024 -48 ) 
4 37 58 (1216 1024 -128 ) (2048 1024 -128 ) (2048 1024 -48 ) (1216 1024 -48 ) 
4 37 55 (1024 1024 -44 ) (1024 1024 -48 ) (1184 1024 -48 ) (1184 1024 -44 ) 
4 37 49 (1184 1024 -48 ) (2048 1024 -48 ) (2048 1024 -44 ) (1184 1024 -44 ) 
4 37 47 (1024 1024 144 ) (1024 1024 -44 ) (1184 1024 -44 ) (1184 1024 144 ) 
4 37 45 (1184 1024 -44 ) (1216 1024 -44 ) (1216 1024 144 ) (1184 1024 144 ) 
4 37 44 (1216 1024 -44 ) (2048 1024 -44 ) (2048 1024 144 ) (1216 1024 144 ) 
4 37 43 (1024 1024 1920 ) (1024 1024 144 ) (2048 1024 144 ) (2048 1024 1920 ) 
4 38 129 (3072 0 -44 ) (3072 0 128 ) (2048 0 128 ) (2048 0 -44 ) 
4 38 128 (3072 0 128 ) (3072 0 1920 ) (2048 0 1920 ) (2048 0 128 ) 
4 38 44 (2048 1024 144 ) (2048 1024 -44 ) (2048 0 -44 ) (2048 0 144 ) 
4 38 43 (2048 1024 1920 ) (2048 1024 144 ) (2048 0 144 ) (2048 0 1920 ) 
4 38 40 (2048 128 -44 ) (2048 448 -44 ) (3072 448 -44 ) (3072 128 -44 ) 
4 38 39 (2048 448 -44 ) (2048 1024 -44 ) (3072 1024 -44 ) (3072 448 -44 ) 
4 38 41 (3072 0 -44 ) (2048 0 -44 ) (2048 128 -44 ) (3072 128 -44 ) 
4 39 50 (2048 512 -48 ) (2048 448 -48 ) (2048 448 -44 ) (2048 512 -44 ) 
4 39 49 (2048 1024 -44 ) (2048 1024 -48 ) (2048 512 -48 ) (2048 512 -44 ) 
4 39 42 (2048 448 -48 ) (2048 1024 -48 ) (3072 1024 -48 ) (3072 448 -48 ) 
4 39 40 (2048 448 -48 ) (3072 448 -48 ) (3072 448 -44 ) (2048 448 -44 ) 
4 40 52 (2048 256 -48 ) (2048 128 -48 ) (2048 128 -44 ) (2048 256 -44 ) 
4 40 51 (2048 448 -48 ) (2048 256 -48 ) (2048 256 -44 ) (2048 448 -44 ) 
4 40 42 (2048 128 -48 ) (2048 448 -48 ) (3072 448 -48 ) (3072 128 -48 ) 
4 40 41 (2048 128 -48 ) (3072 128 -48 ) (3072 128 -44 ) (2048 128 -44 ) 
4 41 129 (3072 0 -48 ) (3072 0 -44 ) (2048 0 -44 ) (2048 0 -48 ) 
4 41 53 (2048 128 -48 ) (2048 0 -48 ) (2048 0 -44 ) (2048 128 -44 ) 
4 41 42 (2048 0 -48 ) (2048 128 -48 ) (3072 128 -48 ) (3072 0 -48 ) 
4 42 129 (3072 0 -128 ) (3072 0 -48 ) (2048 0 -48 ) (2048 0 -128 ) 
4 42 58 (2048 1024 -48 ) (2048 1024 -128 ) (2048 0 -128 ) (2048 0 -48 ) 
4 43 130 (2048 0 144 ) (2048 0 1920 ) (1024 0 1920 ) (1024 0 144 ) 
4 43 77 (1024 0 144 ) (1024 0 1920 ) (1024 1024 1920 ) (1024 1024 144 ) 
4 43 47 (1024 512 144 ) (1024 1024 144 ) (1184 1024 144 ) (1184 512 144 ) 
4 43 45 (1184 512 144 ) (1184 1024 144 ) (1216 1024 144 ) (1216 512 144 ) 
4 43 44 (2048 0 144 ) (1216 0 144 ) (1216 1024 144 ) (2048 1024 144 ) 
4 44 131 (2048 0 -44 ) (2048 0 128 ) (1216 0 128 ) (1216 0 -44 ) 
4 44 130 (2048 0 128 ) (2048 0 144 ) (1216 0 144 ) (1216 0 128 ) 
4 44 53 (2048 128 -44 ) (2048 0 -44 ) (1216 0 -44 ) (1216 128 -44 ) 
4 44 52 (2048 256 -44 ) (2048 128 -44 ) (1216 128 -44 ) (1216 256 -44 ) 
4 44 51 (2048 448 -44 ) (2048 256 -44 ) (1216 256 -44 ) (1216 448 -44 ) 
4 44 50 (2048 512 -44 ) (2048 448 -44 ) (1216 448 -44 ) (1216 512 -44 ) 
4 44 49 (1216 1024 -44 ) (2048 1024 -44 ) (2048 512 -44 ) (1216 512 -44 ) 
4 44 46 (1216 256 -44 ) (1216 112 -44 ) (1216 112 80 ) (1216 256 80 ) 
4 44 45 (1216 1024 -44 ) (1216 512 -44 ) (1216 512 144 ) (1216 1024 144 ) 
4 45 49 (1184 1024 -44 ) (1216 1024 -44 ) (1216 512 -44 ) (1184 512 -44 ) 
4 45 47 (1184 1024 -44 ) (1184 512 -44 ) (1184 512 144 ) (1184 1024 144 ) 
4 46 54 (1216 128 -44 ) (1216 112 -44 ) (1184 112 -44 ) (1184 128 -44 ) 
4 46 52 (1216 256 -44 ) (1216 128 -44 ) (1184 128 -44 ) (1184 256 -44 ) 
4 46 48 (1184 256 -44 ) (1184 112 -44 ) (1184 112 80 ) (1184 256 80 ) 
4 47 78 (1024 512 144 ) (1024 1024 144 ) (1024 1024 -44 ) (1024 512 -44 ) 
4 47 55 (1024 512 -44 ) (1024 1024 -44 ) (1184 1024 -44 ) (1184 512 -44 ) 
4 48 81 (1024 448 80 ) (1024 448 -44 ) (1024 112 -44 ) (1024 112 80 ) 
4 48 57 (1024 112 -44 ) (1024 128 -44 ) (1184 128 -44 ) (1184 112 -44 ) 
4 48 56 (1024 128 -44 ) (1024 448 -44 ) (1184 448 -44 ) (1184 128 -44 ) 
4 49 59 (1184 512 -48 ) (1184 1024 -48 ) (1216 1024 -48 ) (1216 512 -48 ) 
4 49 58 (1216 1024 -48 ) (2048 1024 -48 ) (2048 512 -48 ) (1216 512 -48 ) 
4 49 55 (1184 1024 -48 ) (1184 512 -48 ) (1184 512 -44 ) (1184 1024 -44 ) 
4 49 50 (1216 512 -48 ) (2048 512 -48 ) (2048 512 -44 ) (1216 512 -44 ) 
4 50 58 (1216 512 -48 ) (2048 512 -48 ) (2048 448 -48 ) (1216 448 -48 ) 
4 50 51 (1216 448 -44 ) (1216 448 -48 ) (2048 448 -48 ) (2048 448 -44 ) 
4 51 58 (2048 448 -48 ) (2048 256 -48 ) (1216 256 -48 ) (1216 448 -48 ) 
4 51 52 (1216 256 -48 ) (2048 256 -48 ) (2048 256 -44 ) (1216 256 -44 ) 
4 52 58 (1216 256 -48 ) (2048 256 -48 ) (2048 128 -48 ) (1216 128 -48 ) 
4 52 56 (1184 256 -48 ) (1184 128 -48 ) (1184 128 -44 ) (1184 256 -44 ) 
4 52 54 (1184 128 -44 ) (1184 128 -48 ) (1216 128 -48 ) (1216 128 -44 ) 
4 52 53 (1216 128 -48 ) (2048 128 -48 ) (2048 128 -44 ) (1216 128 -44 ) 
4 53 131 (2048 0 -48 ) (2048 0 -44 ) (1216 0 -44 ) (1216 0 -48 ) 
4 53 58 (2048 0 -48 ) (1216 0 -48 ) (1216 128 -48 ) (2048 128 -48 ) 
4 53 54 (1216 128 -44 ) (1216 128 -48 ) (1216 112 -48 ) (1216 112 -44 ) 
4 54 57 (1184 128 -48 ) (1184 112 -48 ) (1184 112 -44 ) (1184 128 -44 ) 
4 55 85 (1024 512 -44 ) (1024 1024 -44 ) (1024 1024 -48 ) (1024 512 -48 ) 
4 55 59 (1024 512 -48 ) (1024 1024 -48 ) (1184 1024 -48 ) (1184 512 -48 ) 
4 56 88 (1024 128 -44 ) (1024 448 -44 ) (1024 448 -48 ) (1024 128 -48 ) 
4 56 57 (1024 128 -48 ) (1184 128 -48 ) (1184 128 -44 ) (1024 128 -44 ) 
4 57 89 (1024 112 -44 ) (1024 128 -44 ) (1024 128 -48 ) (1024 112 -48 ) 
4 58 131 (2048 0 -128 ) (2048 0 -48 ) (1216 0 -48 ) (1216 0 -128 ) 
4 58 60 (1216 512 -128 ) (1216 0 -128 ) (1216 0 -112 ) (1216 512 -112 ) 
4 58 59 (1216 1024 -128 ) (1216 512 -128 ) (1216 512 -48 ) (1216 1024 -48 ) 
4 59 93 (1024 512 -48 ) (1024 1024 -48 ) (1024 1024 -128 ) (1024 512 -128 ) 
4 59 60 (1024 512 -128 ) (1216 512 -128 ) (1216 512 -112 ) (1024 512 -112 ) 
4 60 131 (1024 0 -112 ) (1024 0 -128 ) (1216 0 -128 ) (1216 0 -112 ) 
4 60 95 (1024 0 -128 ) (1024 0 -112 ) (1024 512 -112 ) (1024 512 -128 ) 
4 61 69 (1024 2048 64 ) (1024 2048 1920 ) (0 2048 1920 ) (0 2048 64 ) 
4 61 64 (0 3072 1920 ) (0 3072 64 ) (0 2048 64 ) (0 2048 1920 ) 
4 61 62 (896 3072 64 ) (1024 3072 64 ) (1024 2048 64 ) (896 2048 64 ) 
4 61 63 (0 2048 64 ) (0 3072 64 ) (640 3072 64 ) (640 2048 64 ) 
4 62 70 (1024 2048 -128 ) (1024 2048 64 ) (896 2048 64 ) (896 2048 -128 ) 
4 63 71 (640 2048 64 ) (0 2048 64 ) (0 2048 -128 ) (640 2048 -128 ) 
4 63 68 (0 3072 -48 ) (0 3072 -128 ) (0 2048 -128 ) (0 2048 -48 ) 
4 63 65 (0 3072 -44 ) (0 3072 -48 ) (0 2048 -48 ) (0 2048 -44 ) 
4 63 64 (0 3072 64 ) (0 3072 -44 ) (0 2048 -44 ) (0 2048 64 ) 
4 64 179 (-1024 2048 -44 ) (-1024 2048 1920 ) (-1024 3072 1920 ) (-1024 3072 -44 ) 
4 64 72 (0 2048 -44 ) (0 2048 1920 ) (-1024 2048 1920 ) (-1024 2048 -44 ) 
4 64 66 (-608 2048 -44 ) (-928 2048 -44 ) (-928 3072 -44 ) (-608 3072 -44 ) 
4 64 65 (0 3072 -44 ) (0 2048 -44 ) (-608 2048 -44 ) (-608 3072 -44 ) 
4 64 67 (-928 2048 -44 ) (-1024 2048 -44 ) (-1024 3072 -44 ) (-928 3072 -44 ) 
4 65 73 (0 2048 -48 ) (0 2048 -44 ) (-608 2048 -44 ) (-608 2048 -48 ) 
4 65 68 (0 2048 -48 ) (-608 2048 -48 ) (-608 3072 -48 ) (0 3072 -48 ) 
4 65 66 (-608 3072 -48 ) (-608 2048 -48 ) (-608 2048 -44 ) (-608 3072 -44 ) 
4 66 74 (-608 2048 -44 ) (-928 2048 -44 ) (-928 2048 -48 ) (-608 2048 -48 ) 
4 66 68 (-608 2048 -48 ) (-928 2048 -48 ) (-928 3072 -48 ) (-608 3072 -48 ) 
4 66 67 (-928 3072 -48 ) (-928 2048 -48 ) (-928 2048 -44 ) (-928 3072 -44 ) 
4 67 179 (-1024 2048 -48 ) (-1024 2048 -44 ) (-1024 3072 -44 ) (-1024 3072 -48 ) 
4 67 75 (-928 2048 -44 ) (-1024 2048 -44 ) (-1024 2048 -48 ) (-928 2048 -48 ) 
4 67 68 (-928 2048 -48 ) (-1024 2048 -48 ) (-1024 3072 -48 ) (-928 3072 -48 ) 
4 68 179 (-1024 2048 -128 ) (-1024 2048 -48 ) (-1024 3072 -48 ) (-1024 3072 -128 ) 
4 68 76 (0 2048 -128 ) (0 2048 -48 ) (-1024 2048 -48 ) (-1024 2048 -128 ) 
4 69 82 (224 1024 144 ) (192 1024 144 ) (192 1024 64 ) (224 1024 64 ) 
4 69 84 (192 1024 144 ) (0 1024 144 ) (0 1024 64 ) (192 1024 64 ) 
4 69 79 (896 1024 144 ) (640 1024 144 ) (640 1024 64 ) (896 1024 64 ) 
4 69 78 (1024 1024 64 ) (1024 1024 144 ) (896 1024 144 ) (896 1024 64 ) 
4 69 80 (640 1024 144 ) (224 1024 144 ) (224 1024 64 ) (640 1024 64 ) 
4 69 77 (1024 1024 144 ) (1024 1024 1920 ) (0 1024 1920 ) (0 1024 144 ) 
4 69 72 (0 1024 64 ) (0 1024 1920 ) (0 2048 1920 ) (0 2048 64 ) 
4 69 70 (896 2048 64 ) (1024 2048 64 ) (1024 1024 64 ) (896 1024 64 ) 
4 69 71 (0 1024 64 ) (0 2048 64 ) (640 2048 64 ) (640 1024 64 ) 
4 70 93 (1024 1024 -128 ) (1024 1024 -48 ) (896 1024 -48 ) (896 1024 -128 ) 
4 70 85 (1024 1024 -48 ) (1024 1024 -44 ) (896 1024 -44 ) (896 1024 -48 ) 
4 70 78 (1024 1024 -44 ) (1024 1024 64 ) (896 1024 64 ) (896 1024 -44 ) 
4 71 94 (0 1024 -48 ) (0 1024 -128 ) (640 1024 -128 ) (640 1024 -48 ) 
4 71 86 (0 1024 -44 ) (0 1024 -48 ) (640 1024 -48 ) (640 1024 -44 ) 
4 71 82 (224 1024 64 ) (192 1024 64 ) (192 1024 -44 ) (224 1024 -44 ) 
4 71 84 (192 1024 64 ) (0 1024 64 ) (0 1024 -44 ) (192 1024 -44 ) 
4 71 80 (640 1024 64 ) (224 1024 64 ) (224 1024 -44 ) (640 1024 -44 ) 
4 71 76 (0 1024 -128 ) (0 1024 -48 ) (0 2048 -48 ) (0 2048 -128 ) 
4 71 73 (0 1024 -48 ) (0 1024 -44 ) (0 2048 -44 ) (0 2048 -48 ) 
4 71 72 (0 1024 -44 ) (0 1024 64 ) (0 2048 64 ) (0 2048 -44 ) 
4 72 181 (-1024 1024 -44 ) (-1024 1024 1920 ) (-1024 2048 1920 ) (-1024 2048 -44 ) 
4 72 97 (-1024 1024 1920 ) (-1024 1024 -44 ) (0 1024 -44 ) (0 1024 1920 ) 
4 72 74 (-928 2048 -44 ) (-608 2048 -44 ) (-608 1024 -44 ) (-928 1024 -44 ) 
4 72 73 (-608 2048 -44 ) (0 2048 -44 ) (0 1024 -44 ) (-608 1024 -44 ) 
4 72 75 (-1024 2048 -44 ) (-928 2048 -44 ) (-928 1024 -44 ) (-1024 1024 -44 ) 
4 73 98 (-608 1024 -48 ) (0 1024 -48 ) (0 1024 -44 ) (-608 1024 -44 ) 
4 73 76 (0 1024 -48 ) (-608 1024 -48 ) (-608 2048 -48 ) (0 2048 -48 ) 
4 73 74 (-608 2048 -48 ) (-608 1024 -48 ) (-608 1024 -44 ) (-608 2048 -44 ) 
4 74 99 (-928 1024 -48 ) (-608 1024 -48 ) (-608 1024 -44 ) (-928 1024 -44 ) 
4 74 76 (-608 1024 -48 ) (-928 1024 -48 ) (-928 2048 -48 ) (-608 2048 -48 ) 
4 74 75 (-928 2048 -48 ) (-928 1024 -48 ) (-928 1024 -44 ) (-928 2048 -44 ) 
4 75 181 (-1024 1024 -48 ) (-1024 1024 -44 ) (-1024 2048 -44 ) (-1024 2048 -48 ) 
4 75 100 (-1024 1024 -44 ) (-1024 1024 -48 ) (-928 1024 -48 ) (-928 1024 -44 ) 
4 75 76 (-928 1024 -48 ) (-1024 1024 -48 ) (-1024 2048 -48 ) (-928 2048 -48 ) 
4 76 181 (-1024 1024 -128 ) (-1024 1024 -48 ) (-1024 2048 -48 ) (-1024 2048 -128 ) 
4 76 103 (-1024 1024 -48 ) (-1024 1024 -128 ) (0 1024 -128 ) (0 1024 -48 ) 
4 77 142 (1024 0 144 ) (1024 0 1920 ) (0 0 1920 ) (0 0 144 ) 
4 77 97 (0 1024 1920 ) (0 1024 144 ) (0 0 144 ) (0 0 1920 ) 
4 77 82 (192 1024 144 ) (224 1024 144 ) (224 512 144 ) (192 512 144 ) 
4 77 84 (0 0 144 ) (0 1024 144 ) (192 1024 144 ) (192 0 144 ) 
4 77 79 (640 1024 144 ) (896 1024 144 ) (896 512 144 ) (640 512 144 ) 
4 77 78 (896 1024 144 ) (1024 1024 144 ) (1024 512 144 ) (896 512 144 ) 
4 77 80 (224 1024 144 ) (640 1024 144 ) (640 512 144 ) (224 512 144 ) 
4 78 85 (896 1024 -44 ) (1024 1024 -44 ) (1024 512 -44 ) (896 512 -44 ) 
4 78 79 (896 512 64 ) (896 512 144 ) (896 1024 144 ) (896 1024 64 ) 
4 79 80 (640 512 64 ) (640 512 144 ) (640 1024 144 ) (640 1024 64 ) 
4 80 86 (224 512 -44 ) (224 1024 -44 ) (640 1024 -44 ) (640 512 -44 ) 
4 80 82 (224 1024 -44 ) (224 512 -44 ) (224 512 144 ) (224 1024 144 ) 
4 81 89 (224 112 -44 ) (224 128 -44 ) (1024 128 -44 ) (1024 112 -44 ) 
4 81 88 (224 128 -44 ) (224 448 -44 ) (1024 448 -44 ) (1024 128 -44 ) 
4 81 83 (224 448 -44 ) (224 304 -44 ) (224 304 80 ) (224 448 80 ) 
4 82 86 (192 512 -44 ) (192 1024 -44 ) (224 1024 -44 ) (224 512 -44 ) 
4 82 84 (192 1024 -44 ) (192 512 -44 ) (192 512 144 ) (192 1024 144 ) 
4 83 90 (192 304 -44 ) (192 448 -44 ) (224 448 -44 ) (224 304 -44 ) 
4 83 84 (192 448 -44 ) (192 304 -44 ) (192 304 80 ) (192 448 80 ) 
4 84 144 (0 0 128 ) (0 0 -44 ) (192 0 -44 ) (192 0 128 ) 
4 84 142 (192 0 144 ) (0 0 144 ) (0 0 128 ) (192 0 128 ) 
4 84 97 (0 1024 144 ) (0 1024 -44 ) (0 0 -44 ) (0 0 144 ) 
4 84 92 (192 0 -44 ) (0 0 -44 ) (0 128 -44 ) (192 128 -44 ) 
4 84 91 (0 128 -44 ) (0 304 -44 ) (192 304 -44 ) (192 128 -44 ) 
4 84 90 (0 304 -44 ) (0 448 -44 ) (192 448 -44 ) (192 304 -44 ) 
4 84 87 (0 448 -44 ) (0 512 -44 ) (192 512 -44 ) (192 448 -44 ) 
4 84 86 (0 512 -44 ) (0 1024 -44 ) (192 1024 -44 ) (192 512 -44 ) 
4 85 93 (896 1024 -48 ) (1024 1024 -48 ) (1024 512 -48 ) (896 512 -48 ) 
4 86 98 (0 1024 -44 ) (0 1024 -48 ) (0 512 -48 ) (0 512 -44 ) 
4 86 94 (0 512 -48 ) (0 1024 -48 ) (640 1024 -48 ) (640 512 -48 ) 
4 86 87 (0 512 -48 ) (192 512 -48 ) (192 512 -44 ) (0 512 -44 ) 
4 87 98 (0 512 -48 ) (0 448 -48 ) (0 448 -44 ) (0 512 -44 ) 
4 87 96 (0 448 -48 ) (0 512 -48 ) (192 512 -48 ) (192 448 -48 ) 
4 87 90 (0 448 -48 ) (192 448 -48 ) (192 448 -44 ) (0 448 -44 ) 
4 88 90 (224 448 -44 ) (224 448 -48 ) (224 304 -48 ) (224 304 -44 ) 
4 88 89 (224 128 -44 ) (224 128 -48 ) (1024 128 -48 ) (1024 128 -44 ) 
4 90 101 (0 448 -48 ) (0 304 -48 ) (0 304 -44 ) (0 448 -44 ) 
4 90 96 (0 304 -48 ) (0 448 -48 ) (192 448 -48 ) (192 304 -48 ) 
4 90 91 (0 304 -48 ) (192 304 -48 ) (192 304 -44 ) (0 304 -44 ) 
4 91 101 (0 304 -48 ) (0 128 -48 ) (0 128 -44 ) (0 304 -44 ) 
4 91 96 (0 128 -48 ) (0 304 -48 ) (192 304 -48 ) (192 128 -48 ) 
4 91 92 (0 128 -48 ) (192 128 -48 ) (192 128 -44 ) (0 128 -44 ) 
4 92 144 (192 0 -44 ) (0 0 -44 ) (0 0 -48 ) (192 0 -48 ) 
4 92 102 (0 128 -48 ) (0 0 -48 ) (0 0 -44 ) (0 128 -44 ) 
4 92 96 (0 0 -48 ) (0 128 -48 ) (192 128 -48 ) (192 0 -48 ) 
4 93 95 (896 512 -128 ) (1024 512 -128 ) (1024 512 -112 ) (896 512 -112 ) 
4 94 103 (0 1024 -48 ) (0 1024 -128 ) (0 512 -128 ) (0 512 -48 ) 
4 94 95 (192 512 -128 ) (640 512 -128 ) (640 512 -112 ) (192 512 -112 ) 
4 94 96 (0 512 -128 ) (192 512 -128 ) (192 512 -48 ) (0 512 -48 ) 
4 95 143 (1024 0 -128 ) (1024 0 -112 ) (896 0 -112 ) (896 0 -128 ) 
4 95 144 (640 0 -112 ) (192 0 -112 ) (192 0 -128 ) (640 0 -128 ) 
4 95 96 (192 512 -112 ) (192 512 -128 ) (192 0 -128 ) (192 0 -112 ) 
4 96 144 (192 0 -48 ) (0 0 -48 ) (0 0 -128 ) (192 0 -128 ) 
4 96 103 (0 512 -128 ) (0 0 -128 ) (0 0 -48 ) (0 512 -48 ) 
4 97 183 (-1024 0 -44 ) (-1024 0 1920 ) (-1024 1024 1920 ) (-1024 1024 -44 ) 
4 97 146 (0 0 -44 ) (0 0 128 ) (-1024 0 128 ) (-1024 0 -44 ) 
4 97 145 (0 0 128 ) (0 0 1920 ) (-1024 0 1920 ) (-1024 0 128 ) 
4 97 102 (-1024 0 -44 ) (-1024 128 -44 ) (0 128 -44 ) (0 0 -44 ) 
4 97 101 (-1024 128 -44 ) (-1024 448 -44 ) (0 448 -44 ) (0 128 -44 ) 
4 97 99 (-928 1024 -44 ) (-608 1024 -44 ) (-608 448 -44 ) (-928 448 -44 ) 
4 97 98 (-608 1024 -44 ) (0 1024 -44 ) (0 448 -44 ) (-608 448 -44 ) 
4 97 100 (-1024 448 -44 ) (-1024 1024 -44 ) (-928 1024 -44 ) (-928 448 -44 ) 
4 98 103 (-608 1024 -48 ) (0 1024 -48 ) (0 448 -48 ) (-608 448 -48 ) 
4 98 101 (-608 448 -48 ) (0 448 -48 ) (0 448 -44 ) (-608 448 -44 ) 
4 98 99 (-608 1024 -48 ) (-608 448 -48 ) (-608 448 -44 ) (-608 1024 -44 ) 
4 99 103 (-928 1024 -48 ) (-608 1024 -48 ) (-608 448 -48 ) (-928 448 -48 ) 
4 99 101 (-928 448 -48 ) (-608 448 -48 ) (-608 448 -44 ) (-928 448 -44 ) 
4 99 100 (-928 1024 -48 ) (-928 448 -48 ) (-928 448 -44 ) (-928 1024 -44 ) 
4 100 184 (-1024 448 -44 ) (-1024 1024 -44 ) (-1024 1024 -48 ) (-1024 448 -48 ) 
4 100 103 (-1024 448 -48 ) (-1024 1024 -48 ) (-928 1024 -48 ) (-928 448 -48 ) 
4 100 101 (-1024 448 -48 ) (-928 448 -48 ) (-928 448 -44 ) (-1024 448 -44 ) 
4 101 185 (-1024 128 -44 ) (-1024 448 -44 ) (-1024 448 -48 ) (-1024 128 -48 ) 
4 101 103 (-1024 128 -48 ) (-1024 448 -48 ) (0 448 -48 ) (0 128 -48 ) 
4 101 102 (-1024 128 -48 ) (0 128 -48 ) (0 128 -44 ) (-1024 128 -44 ) 
4 102 186 (-1024 0 -48 ) (-1024 0 -44 ) (-1024 128 -44 ) (-1024 128 -48 ) 
4 102 146 (0 0 -48 ) (0 0 -44 ) (-1024 0 -44 ) (-1024 0 -48 ) 
4 102 103 (0 0 -48 ) (-1024 0 -48 ) (-1024 128 -48 ) (0 128 -48 ) 
4 103 187 (-1024 0 -128 ) (-1024 0 -48 ) (-1024 1024 -48 ) (-1024 1024 -128 ) 
4 103 146 (0 0 -128 ) (0 0 -48 ) (-1024 0 -48 ) (-1024 0 -128 ) 
4 104 112 (5120 0 128 ) (5120 0 -128 ) (5120 -640 -128 ) (5120 -640 128 ) 
4 104 111 (5120 0 1920 ) (5120 0 128 ) (5120 -640 128 ) (5120 -640 1920 ) 
4 104 105 (5632 -640 128 ) (5632 -640 1920 ) (5120 -640 1920 ) (5120 -640 128 ) 
4 105 111 (5120 -1024 128 ) (5120 -1024 1920 ) (5120 -640 1920 ) (5120 -640 128 ) 
4 105 106 (5632 -1024 128 ) (5632 -1024 1920 ) (5120 -1024 1920 ) (5120 -1024 128 ) 
4 106 116 (5120 -1024 256 ) (5120 -1024 128 ) (5120 -1216 128 ) (5120 -1216 256 ) 
4 106 115 (5120 -1216 1920 ) (5120 -1024 1920 ) (5120 -1024 256 ) (5120 -1216 256 ) 
4 106 107 (5632 -1216 256 ) (5632 -1216 1920 ) (5120 -1216 1920 ) (5120 -1216 256 ) 
4 107 115 (5120 -1344 1920 ) (5120 -1216 1920 ) (5120 -1216 256 ) (5120 -1344 256 ) 
4 107 108 (5632 -1344 256 ) (5632 -1344 1920 ) (5120 -1344 1920 ) (5120 -1344 256 ) 
4 108 117 (5120 -2048 128 ) (5120 -2048 256 ) (5120 -1344 256 ) (5120 -1344 128 ) 
4 108 115 (5120 -2048 256 ) (5120 -2048 1920 ) (5120 -1344 1920 ) (5120 -1344 256 ) 
4 108 110 (5120 -2048 1920 ) (5120 -2048 128 ) (5632 -2048 128 ) (5632 -2048 1920 ) 
4 108 109 (5120 -2048 128 ) (5120 -1536 128 ) (5632 -1536 128 ) (5632 -2048 128 ) 
4 109 118 (5120 -2048 -128 ) (5120 -2048 128 ) (5120 -1536 128 ) (5120 -1536 -128 ) 
4 109 110 (5120 -2048 128 ) (5120 -2048 -128 ) (5632 -2048 -128 ) (5632 -2048 128 ) 
4 110 125 (5632 -3072 -128 ) (5632 -3072 1920 ) (5120 -3072 1920 ) (5120 -3072 -128 ) 
4 110 123 (5120 -3072 -128 ) (5120 -3072 1920 ) (5120 -2048 1920 ) (5120 -2048 -128 ) 
4 111 116 (5120 -1024 128 ) (5120 -1024 256 ) (4096 -1024 256 ) (4096 -1024 128 ) 
4 111 115 (5120 -1024 256 ) (5120 -1024 1920 ) (4096 -1024 1920 ) (4096 -1024 256 ) 
4 111 113 (4096 0 1920 ) (4096 0 128 ) (4096 -1024 128 ) (4096 -1024 1920 ) 
4 111 112 (4096 -640 128 ) (4096 0 128 ) (5120 0 128 ) (5120 -640 128 ) 
4 112 114 (4096 0 128 ) (4096 0 -128 ) (4096 -640 -128 ) (4096 -640 128 ) 
4 113 128 (3072 0 1920 ) (3072 0 128 ) (3072 -1024 128 ) (3072 -1024 1920 ) 
4 113 120 (4096 -1024 128 ) (4096 -1024 256 ) (3072 -1024 256 ) (3072 -1024 128 ) 
4 113 119 (4096 -1024 256 ) (4096 -1024 1920 ) (3072 -1024 1920 ) (3072 -1024 256 ) 
4 113 114 (3072 -640 128 ) (3072 0 128 ) (4096 0 128 ) (4096 -640 128 ) 
4 114 129 (3072 0 128 ) (3072 0 -128 ) (3072 -640 -128 ) (3072 -640 128 ) 
4 115 123 (5120 -2048 256 ) (5120 -2048 1920 ) (4096 -2048 1920 ) (4096 -2048 256 ) 
4 115 119 (4096 -2048 256 ) (4096 -2048 1920 ) (4096 -1024 1920 ) (4096 -1024 256 ) 
4 115 116 (4096 -1216 256 ) (4096 -1024 256 ) (5120 -1024 256 ) (5120 -1216 256 ) 
4 115 117 (4096 -2048 256 ) (4096 -1344 256 ) (5120 -1344 256 ) (5120 -2048 256 ) 
4 116 120 (4096 -1216 256 ) (4096 -1024 256 ) (4096 -1024 128 ) (4096 -1216 128 ) 
4 117 123 (5120 -2048 128 ) (5120 -2048 256 ) (4096 -2048 256 ) (4096 -2048 128 ) 
4 117 121 (4096 -2048 128 ) (4096 -2048 256 ) (4096 -1344 256 ) (4096 -1344 128 ) 
4 117 118 (5120 -2048 128 ) (4096 -2048 128 ) (4096 -1536 128 ) (5120 -1536 128 ) 
4 118 123 (5120 -2048 -128 ) (5120 -2048 128 ) (4096 -2048 128 ) (4096 -2048 -128 ) 
4 118 122 (4096 -2048 -128 ) (4096 -2048 128 ) (4096 -1536 128 ) (4096 -1536 -128 ) 
4 119 132 (3072 -2048 256 ) (3072 -2048 1920 ) (3072 -1024 1920 ) (3072 -1024 256 ) 
4 119 124 (3072 -2048 1920 ) (3072 -2048 256 ) (4096 -2048 256 ) (4096 -2048 1920 ) 
4 119 120 (3072 -1216 256 ) (3072 -1024 256 ) (4096 -1024 256 ) (4096 -1216 256 ) 
4 119 121 (4096 -2048 256 ) (3072 -2048 256 ) (3072 -1344 256 ) (4096 -1344 256 ) 
4 120 133 (3072 -1216 256 ) (3072 -1024 256 ) (3072 -1024 128 ) (3072 -1216 128 ) 
4 121 134 (3072 -2048 128 ) (3072 -2048 256 ) (3072 -1344 256 ) (3072 -1344 128 ) 
4 121 124 (3072 -2048 256 ) (3072 -2048 128 ) (4096 -2048 128 ) (4096 -2048 256 ) 
4 121 122 (4096 -1536 128 ) (4096 -2048 128 ) (3072 -2048 128 ) (3072 -1536 128 ) 
4 122 135 (3072 -2048 -128 ) (3072 -2048 128 ) (3072 -1536 128 ) (3072 -1536 -128 ) 
4 122 124 (3072 -2048 128 ) (3072 -2048 -128 ) (4096 -2048 -128 ) (4096 -2048 128 ) 
4 123 126 (5120 -3072 -128 ) (5120 -3072 1920 ) (4096 -3072 1920 ) (4096 -3072 -128 ) 
4 123 124 (4096 -2048 1920 ) (4096 -2048 -128 ) (4096 -3072 -128 ) (4096 -3072 1920 ) 
4 124 140 (3072 -3072 -128 ) (3072 -3072 1920 ) (3072 -2048 1920 ) (3072 -2048 -128 ) 
4 124 127 (4096 -3072 -128 ) (4096 -3072 1920 ) (3072 -3072 1920 ) (3072 -3072 -128 ) 
4 125 126 (5120 -3072 1920 ) (5120 -3072 -128 ) (5120 -4096 -128 ) (5120 -4096 1920 ) 
4 126 127 (4096 -3072 1920 ) (4096 -3072 -128 ) (4096 -4096 -128 ) (4096 -4096 1920 ) 
4 127 165 (3072 -4096 -128 ) (3072 -4096 1920 ) (3072 -3072 1920 ) (3072 -3072 -128 ) 
4 128 133 (3072 -1024 128 ) (3072 -1024 256 ) (2048 -1024 256 ) (2048 -1024 128 ) 
4 128 132 (3072 -1024 256 ) (3072 -1024 1920 ) (2048 -1024 1920 ) (2048 -1024 256 ) 
4 128 130 (2048 0 1920 ) (2048 0 128 ) (2048 -1024 128 ) (2048 -1024 1920 ) 
4 128 129 (2048 -640 128 ) (2048 0 128 ) (3072 0 128 ) (3072 -640 128 ) 
4 129 131 (2048 0 128 ) (2048 0 -128 ) (2048 -640 -128 ) (2048 -640 128 ) 
4 130 142 (1024 0 1920 ) (1024 0 128 ) (1024 -1024 128 ) (1024 -1024 1920 ) 
4 130 137 (2048 -1024 128 ) (2048 -1024 256 ) (1024 -1024 256 ) (1024 -1024 128 ) 
4 130 136 (2048 -1024 256 ) (2048 -1024 1920 ) (1024 -1024 1920 ) (1024 -1024 256 ) 
4 130 131 (1024 -640 128 ) (1024 0 128 ) (2048 0 128 ) (2048 -640 128 ) 
4 131 143 (1024 0 128 ) (1024 0 -128 ) (1024 -640 -128 ) (1024 -640 128 ) 
4 132 140 (3072 -2048 256 ) (3072 -2048 1920 ) (2048 -2048 1920 ) (2048 -2048 256 ) 
4 132 136 (2048 -2048 256 ) (2048 -2048 1920 ) (2048 -1024 1920 ) (2048 -1024 256 ) 
4 132 133 (2048 -1216 256 ) (2048 -1024 256 ) (3072 -1024 256 ) (3072 -1216 256 ) 
4 132 134 (2048 -2048 256 ) (2048 -1344 256 ) (3072 -1344 256 ) (3072 -2048 256 ) 
4 133 137 (2048 -1216 256 ) (2048 -1024 256 ) (2048 -1024 128 ) (2048 -1216 128 ) 
4 134 140 (3072 -2048 128 ) (3072 -2048 256 ) (2048 -2048 256 ) (2048 -2048 128 ) 
4 134 138 (2048 -2048 128 ) (2048 -2048 256 ) (2048 -1344 256 ) (2048 -1344 128 ) 
4 134 135 (3072 -2048 128 ) (2048 -2048 128 ) (2048 -1536 128 ) (3072 -1536 128 ) 
4 135 140 (3072 -2048 -128 ) (3072 -2048 128 ) (2048 -2048 128 ) (2048 -2048 -128 ) 
4 135 139 (2048 -2048 -128 ) (2048 -2048 128 ) (2048 -1536 128 ) (2048 -1536 -128 ) 
4 136 147 (1024 -2048 256 ) (1024 -2048 1920 ) (1024 -1024 1920 ) (1024 -1024 256 ) 
4 136 141 (1024 -2048 1920 ) (1024 -2048 256 ) (2048 -2048 256 ) (2048 -2048 1920 ) 
4 136 137 (1024 -1216 256 ) (1024 -1024 256 ) (2048 -1024 256 ) (2048 -1216 256 ) 
4 136 138 (2048 -2048 256 ) (1024 -2048 256 ) (1024 -1344 256 ) (2048 -1344 256 ) 
4 137 148 (1024 -1216 256 ) (1024 -1024 256 ) (1024 -1024 128 ) (1024 -1216 128 ) 
4 138 149 (1024 -2048 128 ) (1024 -2048 256 ) (1024 -1344 256 ) (1024 -1344 128 ) 
4 138 141 (1024 -2048 256 ) (1024 -2048 128 ) (2048 -2048 128 ) (2048 -2048 256 ) 
4 138 139 (2048 -1536 128 ) (2048 -2048 128 ) (1024 -2048 128 ) (1024 -1536 128 ) 
4 139 151 (1024 -2048 -128 ) (1024 -2048 128 ) (1024 -1536 128 ) (1024 -1536 -128 ) 
4 139 141 (1024 -2048 128 ) (1024 -2048 -128 ) (2048 -2048 -128 ) (2048 -2048 128 ) 
4 140 165 (3072 -3072 -128 ) (3072 -3072 1920 ) (2048 -3072 1920 ) (2048 -3072 -128 ) 
4 140 141 (2048 -2048 1920 ) (2048 -2048 -128 ) (2048 -3072 -128 ) (2048 -3072 1920 ) 
4 141 166 (2048 -3072 -128 ) (2048 -3072 1920 ) (1024 -3072 1920 ) (1024 -3072 -128 ) 
4 141 161 (1024 -3072 -128 ) (1024 -3072 -48 ) (1024 -2048 -48 ) (1024 -2048 -128 ) 
4 141 157 (1024 -3072 -48 ) (1024 -3072 -44 ) (1024 -2048 -44 ) (1024 -2048 -48 ) 
4 141 156 (1024 -3072 -44 ) (1024 -3072 1920 ) (1024 -2048 1920 ) (1024 -2048 -44 ) 
4 142 148 (1024 -1024 128 ) (1024 -1024 256 ) (512 -1024 256 ) (512 -1024 128 ) 
4 142 150 (512 -1024 256 ) (0 -1024 256 ) (0 -1024 128 ) (512 -1024 128 ) 
4 142 147 (1024 -1024 256 ) (1024 -1024 1920 ) (0 -1024 1920 ) (0 -1024 256 ) 
4 142 145 (0 0 1920 ) (0 0 128 ) (0 -1024 128 ) (0 -1024 1920 ) 
4 142 143 (896 0 128 ) (1024 0 128 ) (1024 -640 128 ) (896 -640 128 ) 
4 142 144 (0 -640 128 ) (0 0 128 ) (640 0 128 ) (640 -640 128 ) 
4 144 146 (0 0 128 ) (0 0 -128 ) (0 -640 -128 ) (0 -640 128 ) 
4 145 237 (-1024 -1024 128 ) (-1024 -1024 1920 ) (-1024 0 1920 ) (-1024 0 128 ) 
4 145 152 (0 -1024 128 ) (0 -1024 1920 ) (-1024 -1024 1920 ) (-1024 -1024 128 ) 
4 145 146 (-1024 -640 128 ) (-1024 0 128 ) (0 0 128 ) (0 -640 128 ) 
4 146 238 (-1024 -640 128 ) (-1024 0 128 ) (-1024 0 -128 ) (-1024 -640 -128 ) 
4 147 156 (1024 -2048 256 ) (1024 -2048 1920 ) (0 -2048 1920 ) (0 -2048 256 ) 
4 147 153 (0 -2048 256 ) (0 -2048 1920 ) (0 -1536 1920 ) (0 -1536 256 ) 
4 147 152 (0 -1536 1920 ) (0 -1024 1920 ) (0 -1024 256 ) (0 -1536 256 ) 
4 147 148 (512 -1024 256 ) (1024 -1024 256 ) (1024 -1216 256 ) (512 -1216 256 ) 
4 147 149 (1024 -1344 256 ) (1024 -2048 256 ) (512 -2048 256 ) (512 -1344 256 ) 
4 147 150 (0 -2048 256 ) (0 -1024 256 ) (512 -1024 256 ) (512 -2048 256 ) 
4 148 150 (512 -1024 128 ) (512 -1216 128 ) (512 -1216 256 ) (512 -1024 256 ) 
4 149 156 (1024 -2048 128 ) (1024 -2048 256 ) (512 -2048 256 ) (512 -2048 128 ) 
4 149 151 (1024 -2048 128 ) (512 -2048 128 ) (512 -1536 128 ) (1024 -1536 128 ) 
4 149 150 (512 -1344 128 ) (512 -2048 128 ) (512 -2048 256 ) (512 -1344 256 ) 
4 150 156 (512 -2048 256 ) (0 -2048 256 ) (0 -2048 128 ) (512 -2048 128 ) 
4 150 153 (0 -2048 128 ) (0 -2048 256 ) (0 -1536 256 ) (0 -1536 128 ) 
4 150 152 (0 -1536 256 ) (0 -1024 256 ) (0 -1024 128 ) (0 -1536 128 ) 
4 150 151 (512 -2048 128 ) (0 -2048 128 ) (0 -1536 128 ) (512 -1536 128 ) 
4 151 161 (1024 -2048 -128 ) (1024 -2048 -48 ) (0 -2048 -48 ) (0 -2048 -128 ) 
4 151 158 (928 -2048 -44 ) (608 -2048 -44 ) (608 -2048 -48 ) (928 -2048 -48 ) 
4 151 157 (1024 -2048 -48 ) (1024 -2048 -44 ) (928 -2048 -44 ) (928 -2048 -48 ) 
4 151 160 (608 -2048 -44 ) (0 -2048 -44 ) (0 -2048 -48 ) (608 -2048 -48 ) 
4 151 156 (1024 -2048 -44 ) (1024 -2048 128 ) (0 -2048 128 ) (0 -2048 -44 ) 
4 151 153 (0 -2048 -128 ) (0 -2048 128 ) (0 -1536 128 ) (0 -1536 -128 ) 
4 152 242 (-1024 -1024 256 ) (-1024 -1024 128 ) (-1024 -1216 128 ) (-1024 -1216 256 ) 
4 152 243 (-1024 -1344 128 ) (-1024 -1536 128 ) (-1024 -1536 256 ) (-1024 -1344 256 ) 
4 152 241 (-1024 -1024 1920 ) (-1024 -1024 256 ) (-1024 -1536 256 ) (-1024 -1536 1920 ) 
4 152 154 (-128 -1536 1920 ) (-384 -1536 1920 ) (-384 -1536 128 ) (-128 -1536 128 ) 
4 152 153 (0 -1536 128 ) (0 -1536 1920 ) (-128 -1536 1920 ) (-128 -1536 128 ) 
4 152 155 (-384 -1536 1920 ) (-1024 -1536 1920 ) (-1024 -1536 128 ) (-384 -1536 128 ) 
4 153 163 (-128 -2048 -128 ) (0 -2048 -128 ) (0 -2048 64 ) (-128 -2048 64 ) 
4 153 162 (0 -2048 64 ) (0 -2048 1920 ) (-128 -2048 1920 ) (-128 -2048 64 ) 
4 153 154 (-128 -2048 1920 ) (-128 -1536 1920 ) (-128 -1536 64 ) (-128 -2048 64 ) 
4 154 162 (-128 -2048 64 ) (-128 -2048 1920 ) (-384 -2048 1920 ) (-384 -2048 64 ) 
4 154 155 (-384 -2048 1920 ) (-384 -1536 1920 ) (-384 -1536 64 ) (-384 -2048 64 ) 
4 155 244 (-1024 -2048 -128 ) (-1024 -2048 128 ) (-1024 -1536 128 ) (-1024 -1536 -128 ) 
4 155 243 (-1024 -2048 128 ) (-1024 -2048 256 ) (-1024 -1536 256 ) (-1024 -1536 128 ) 
4 155 241 (-1024 -2048 256 ) (-1024 -2048 1920 ) (-1024 -1536 1920 ) (-1024 -1536 256 ) 
4 155 164 (-1024 -2048 64 ) (-1024 -2048 -128 ) (-384 -2048 -128 ) (-384 -2048 64 ) 
4 155 162 (-1024 -2048 1920 ) (-1024 -2048 64 ) (-384 -2048 64 ) (-384 -2048 1920 ) 
4 156 167 (1024 -3072 -44 ) (1024 -3072 1920 ) (0 -3072 1920 ) (0 -3072 -44 ) 
4 156 163 (0 -2048 64 ) (0 -2048 -44 ) (0 -3072 -44 ) (0 -3072 64 ) 
4 156 162 (0 -2048 1920 ) (0 -2048 64 ) (0 -3072 64 ) (0 -3072 1920 ) 
4 156 159 (928 -3072 -44 ) (608 -3072 -44 ) (608 -2560 -44 ) (928 -2560 -44 ) 
4 156 158 (608 -2560 -44 ) (608 -2048 -44 ) (928 -2048 -44 ) (928 -2560 -44 ) 
4 156 157 (1024 -3072 -44 ) (928 -3072 -44 ) (928 -2048 -44 ) (1024 -2048 -44 ) 
4 156 160 (608 -3072 -44 ) (0 -3072 -44 ) (0 -2048 -44 ) (608 -2048 -44 ) 
4 157 168 (1024 -3072 -48 ) (1024 -3072 -44 ) (928 -3072 -44 ) (928 -3072 -48 ) 
4 157 161 (928 -2048 -48 ) (1024 -2048 -48 ) (1024 -3072 -48 ) (928 -3072 -48 ) 
4 157 159 (928 -2560 -48 ) (928 -3072 -48 ) (928 -3072 -44 ) (928 -2560 -44 ) 
4 157 158 (928 -2048 -48 ) (928 -2560 -48 ) (928 -2560 -44 ) (928 -2048 -44 ) 
4 158 161 (608 -2048 -48 ) (928 -2048 -48 ) (928 -2560 -48 ) (608 -2560 -48 ) 
4 158 160 (608 -2048 -48 ) (608 -2560 -48 ) (608 -2560 -44 ) (608 -2048 -44 ) 
4 158 159 (608 -2560 -44 ) (608 -2560 -48 ) (928 -2560 -48 ) (928 -2560 -44 ) 
4 159 169 (928 -3072 -44 ) (608 -3072 -44 ) (608 -3072 -48 ) (928 -3072 -48 ) 
4 159 161 (928 -2560 -48 ) (928 -3072 -48 ) (608 -3072 -48 ) (608 -2560 -48 ) 
4 159 160 (608 -2560 -48 ) (608 -3072 -48 ) (608 -3072 -44 ) (608 -2560 -44 ) 
4 160 170 (608 -3072 -44 ) (0 -3072 -44 ) (0 -3072 -48 ) (608 -3072 -48 ) 
4 160 163 (0 -2048 -44 ) (0 -2048 -48 ) (0 -3072 -48 ) (0 -3072 -44 ) 
4 160 161 (0 -3072 -48 ) (0 -2048 -48 ) (608 -2048 -48 ) (608 -3072 -48 ) 
4 161 171 (1024 -3072 -128 ) (1024 -3072 -48 ) (0 -3072 -48 ) (0 -3072 -128 ) 
4 161 163 (0 -2048 -48 ) (0 -2048 -128 ) (0 -3072 -128 ) (0 -3072 -48 ) 
4 162 249 (-1024 -3072 64 ) (-1024 -3072 1920 ) (-1024 -2048 1920 ) (-1024 -2048 64 ) 
4 162 172 (0 -3072 64 ) (0 -3072 1920 ) (-1024 -3072 1920 ) (-1024 -3072 64 ) 
4 162 163 (0 -3072 64 ) (-128 -3072 64 ) (-128 -2048 64 ) (0 -2048 64 ) 
4 162 164 (-384 -3072 64 ) (-1024 -3072 64 ) (-1024 -2048 64 ) (-384 -2048 64 ) 
4 163 173 (0 -3072 -128 ) (0 -3072 64 ) (-128 -3072 64 ) (-128 -3072 -128 ) 
4 164 254 (-1024 -3072 -128 ) (-1024 -3072 -48 ) (-1024 -2048 -48 ) (-1024 -2048 -128 ) 
4 164 250 (-1024 -3072 -48 ) (-1024 -3072 -44 ) (-1024 -2048 -44 ) (-1024 -2048 -48 ) 
4 164 249 (-1024 -3072 -44 ) (-1024 -3072 64 ) (-1024 -2048 64 ) (-1024 -2048 -44 ) 
4 164 174 (-384 -3072 64 ) (-1024 -3072 64 ) (-1024 -3072 -128 ) (-384 -3072 -128 ) 
4 165 166 (2048 -3072 1920 ) (2048 -3072 -128 ) (2048 -4096 -128 ) (2048 -4096 1920 ) 
4 166 171 (1024 -3072 -48 ) (1024 -3072 -128 ) (1024 -4096 -128 ) (1024 -4096 -48 ) 
4 166 168 (1024 -3072 -44 ) (1024 -3072 -48 ) (1024 -4096 -48 ) (1024 -4096 -44 ) 
4 166 167 (1024 -3072 1920 ) (1024 -3072 -44 ) (1024 -4096 -44 ) (1024 -4096 1920 ) 
4 167 173 (0 -3072 64 ) (0 -3072 -44 ) (0 -4096 -44 ) (0 -4096 64 ) 
4 167 172 (0 -3072 1920 ) (0 -3072 64 ) (0 -4096 64 ) (0 -4096 1920 ) 
4 167 169 (928 -4096 -44 ) (608 -4096 -44 ) (608 -3072 -44 ) (928 -3072 -44 ) 
4 167 168 (1024 -4096 -44 ) (928 -4096 -44 ) (928 -3072 -44 ) (1024 -3072 -44 ) 
4 167 170 (608 -4096 -44 ) (0 -4096 -44 ) (0 -3072 -44 ) (608 -3072 -44 ) 
4 168 171 (928 -3072 -48 ) (1024 -3072 -48 ) (1024 -4096 -48 ) (928 -4096 -48 ) 
4 168 169 (928 -3072 -48 ) (928 -4096 -48 ) (928 -4096 -44 ) (928 -3072 -44 ) 
4 169 171 (608 -3072 -48 ) (928 -3072 -48 ) (928 -4096 -48 ) (608 -4096 -48 ) 
4 169 170 (608 -3072 -48 ) (608 -4096 -48 ) (608 -4096 -44 ) (608 -3072 -44 ) 
4 170 173 (0 -3072 -44 ) (0 -3072 -48 ) (0 -4096 -48 ) (0 -4096 -44 ) 
4 170 171 (0 -4096 -48 ) (0 -3072 -48 ) (608 -3072 -48 ) (608 -4096 -48 ) 
4 171 173 (0 -3072 -48 ) (0 -3072 -128 ) (0 -4096 -128 ) (0 -4096 -48 ) 
4 172 282 (-1024 -4096 64 ) (-1024 -4096 1920 ) (-1024 -3072 1920 ) (-1024 -3072 64 ) 
4 172 173 (0 -4096 64 ) (-128 -4096 64 ) (-128 -3072 64 ) (0 -3072 64 ) 
4 172 174 (-384 -4096 64 ) (-1024 -4096 64 ) (-1024 -3072 64 ) (-384 -3072 64 ) 
4 174 282 (-1024 -4096 -128 ) (-1024 -4096 64 ) (-1024 -3072 64 ) (-1024 -3072 -128 ) 
4 175 179 (-1024 3072 -128 ) (-1024 3072 1920 ) (-2048 3072 1920 ) (-2048 3072 -128 ) 
4 175 176 (-2048 3072 -128 ) (-2048 3072 1920 ) (-2048 4096 1920 ) (-2048 4096 -128 ) 
4 176 180 (-2048 3072 -128 ) (-2048 3072 1920 ) (-3072 3072 1920 ) (-3072 3072 -128 ) 
4 176 177 (-3072 3072 -128 ) (-3072 3072 1920 ) (-3072 4096 1920 ) (-3072 4096 -128 ) 
4 177 193 (-3072 3072 -128 ) (-3072 3072 1920 ) (-4096 3072 1920 ) (-4096 3072 -128 ) 
4 177 178 (-4096 3072 -128 ) (-4096 3072 1920 ) (-4096 4096 1920 ) (-4096 4096 -128 ) 
4 178 211 (-5120 3072 -128 ) (-5120 3072 -48 ) (-5120 4096 -48 ) (-5120 4096 -128 ) 
4 178 208 (-5120 3072 -48 ) (-5120 3072 -44 ) (-5120 4096 -44 ) (-5120 4096 -48 ) 
4 178 207 (-5120 3072 -44 ) (-5120 3072 1920 ) (-5120 4096 1920 ) (-5120 4096 -44 ) 
4 178 194 (-4096 3072 -128 ) (-4096 3072 1920 ) (-5120 3072 1920 ) (-5120 3072 -128 ) 
4 179 181 (-1024 2048 -128 ) (-1024 2048 1920 ) (-2048 2048 1920 ) (-2048 2048 -128 ) 
4 179 180 (-2048 3072 1920 ) (-2048 3072 -128 ) (-2048 2048 -128 ) (-2048 2048 1920 ) 
4 180 193 (-3072 3072 1920 ) (-3072 3072 -128 ) (-3072 2048 -128 ) (-3072 2048 1920 ) 
4 180 182 (-2048 2048 -128 ) (-2048 2048 1920 ) (-3072 2048 1920 ) (-3072 2048 -128 ) 
4 181 187 (-1024 1024 -128 ) (-1024 1024 -48 ) (-2048 1024 -48 ) (-2048 1024 -128 ) 
4 181 184 (-1024 1024 -48 ) (-1024 1024 -44 ) (-2048 1024 -44 ) (-2048 1024 -48 ) 
4 181 183 (-1024 1024 -44 ) (-1024 1024 1920 ) (-2048 1024 1920 ) (-2048 1024 -44 ) 
4 181 182 (-2048 1024 -128 ) (-2048 1024 1920 ) (-2048 2048 1920 ) (-2048 2048 -128 ) 
4 182 195 (-3072 1024 -128 ) (-3072 1024 1920 ) (-3072 2048 1920 ) (-3072 2048 -128 ) 
4 182 192 (-3072 1024 -48 ) (-3072 1024 -128 ) (-2048 1024 -128 ) (-2048 1024 -48 ) 
4 182 189 (-3072 1024 -44 ) (-3072 1024 -48 ) (-2048 1024 -48 ) (-2048 1024 -44 ) 
4 182 188 (-3072 1024 1920 ) (-3072 1024 -44 ) (-2048 1024 -44 ) (-2048 1024 1920 ) 
4 183 238 (-1024 0 -44 ) (-1024 0 128 ) (-2048 0 128 ) (-2048 0 -44 ) 
4 183 237 (-1024 0 128 ) (-1024 0 1920 ) (-2048 0 1920 ) (-2048 0 128 ) 
4 183 188 (-2048 1024 1920 ) (-2048 1024 -44 ) (-2048 0 -44 ) (-2048 0 1920 ) 
4 183 185 (-1024 448 -44 ) (-1024 128 -44 ) (-2048 128 -44 ) (-2048 448 -44 ) 
4 183 184 (-2048 1024 -44 ) (-1024 1024 -44 ) (-1024 448 -44 ) (-2048 448 -44 ) 
4 183 186 (-1024 128 -44 ) (-1024 0 -44 ) (-2048 0 -44 ) (-2048 128 -44 ) 
4 184 189 (-2048 1024 -44 ) (-2048 1024 -48 ) (-2048 448 -48 ) (-2048 448 -44 ) 
4 184 187 (-2048 448 -48 ) (-2048 1024 -48 ) (-1024 1024 -48 ) (-1024 448 -48 ) 
4 184 185 (-2048 448 -48 ) (-1024 448 -48 ) (-1024 448 -44 ) (-2048 448 -44 ) 
4 185 190 (-2048 448 -48 ) (-2048 128 -48 ) (-2048 128 -44 ) (-2048 448 -44 ) 
4 185 187 (-2048 128 -48 ) (-2048 448 -48 ) (-1024 448 -48 ) (-1024 128 -48 ) 
4 185 186 (-2048 128 -48 ) (-1024 128 -48 ) (-1024 128 -44 ) (-2048 128 -44 ) 
4 186 238 (-1024 0 -48 ) (-1024 0 -44 ) (-2048 0 -44 ) (-2048 0 -48 ) 
4 186 191 (-2048 128 -48 ) (-2048 0 -48 ) (-2048 0 -44 ) (-2048 128 -44 ) 
4 186 187 (-1024 0 -48 ) (-2048 0 -48 ) (-2048 128 -48 ) (-1024 128 -48 ) 
4 187 238 (-1024 0 -128 ) (-1024 0 -48 ) (-2048 0 -48 ) (-2048 0 -128 ) 
4 187 192 (-2048 1024 -48 ) (-2048 1024 -128 ) (-2048 0 -128 ) (-2048 0 -48 ) 
4 188 240 (-2048 0 -44 ) (-2048 0 128 ) (-3072 0 128 ) (-3072 0 -44 ) 
4 188 239 (-2048 0 128 ) (-2048 0 1920 ) (-3072 0 1920 ) (-3072 0 128 ) 
4 188 197 (-3072 0 -44 ) (-3072 0 1920 ) (-3072 1024 1920 ) (-3072 1024 -44 ) 
4 188 190 (-3072 128 -44 ) (-3072 448 -44 ) (-2048 448 -44 ) (-2048 128 -44 ) 
4 188 189 (-3072 448 -44 ) (-3072 1024 -44 ) (-2048 1024 -44 ) (-2048 448 -44 ) 
4 188 191 (-3072 0 -44 ) (-3072 128 -44 ) (-2048 128 -44 ) (-2048 0 -44 ) 
4 189 198 (-3072 448 -44 ) (-3072 1024 -44 ) (-3072 1024 -48 ) (-3072 448 -48 ) 
4 189 192 (-3072 448 -48 ) (-3072 1024 -48 ) (-2048 1024 -48 ) (-2048 448 -48 ) 
4 189 190 (-3072 448 -48 ) (-2048 448 -48 ) (-2048 448 -44 ) (-3072 448 -44 ) 
4 190 199 (-3072 128 -44 ) (-3072 448 -44 ) (-3072 448 -48 ) (-3072 128 -48 ) 
4 190 192 (-3072 128 -48 ) (-3072 448 -48 ) (-2048 448 -48 ) (-2048 128 -48 ) 
4 190 191 (-3072 128 -48 ) (-2048 128 -48 ) (-2048 128 -44 ) (-3072 128 -44 ) 
4 191 240 (-2048 0 -48 ) (-2048 0 -44 ) (-3072 0 -44 ) (-3072 0 -48 ) 
4 191 200 (-3072 0 -48 ) (-3072 0 -44 ) (-3072 128 -44 ) (-3072 128 -48 ) 
4 191 192 (-2048 0 -48 ) (-3072 0 -48 ) (-3072 128 -48 ) (-2048 128 -48 ) 
4 192 240 (-2048 0 -128 ) (-2048 0 -48 ) (-3072 0 -48 ) (-3072 0 -128 ) 
4 192 201 (-3072 0 -128 ) (-3072 0 -48 ) (-3072 1024 -48 ) (-3072 1024 -128 ) 
4 193 195 (-3072 2048 -128 ) (-3072 2048 1920 ) (-4096 2048 1920 ) (-4096 2048 -128 ) 
4 193 194 (-4096 3072 1920 ) (-4096 3072 -128 ) (-4096 2048 -128 ) (-4096 2048 1920 ) 
4 194 217 (-5120 2048 -128 ) (-5120 2048 -48 ) (-5120 3072 -48 ) (-5120 3072 -128 ) 
4 194 214 (-5120 2048 -48 ) (-5120 2048 -44 ) (-5120 3072 -44 ) (-5120 3072 -48 ) 
4 194 213 (-5120 2048 -44 ) (-5120 2048 1920 ) (-5120 3072 1920 ) (-5120 3072 -44 ) 
4 194 196 (-4096 2048 -128 ) (-4096 2048 1920 ) (-5120 2048 1920 ) (-5120 2048 -128 ) 
4 195 201 (-3072 1024 -128 ) (-3072 1024 -48 ) (-4096 1024 -48 ) (-4096 1024 -128 ) 
4 195 198 (-3072 1024 -48 ) (-3072 1024 -44 ) (-4096 1024 -44 ) (-4096 1024 -48 ) 
4 195 197 (-3072 1024 -44 ) (-3072 1024 1920 ) (-4096 1024 1920 ) (-4096 1024 -44 ) 
4 195 196 (-4096 1024 -128 ) (-4096 1024 1920 ) (-4096 2048 1920 ) (-4096 2048 -128 ) 
4 196 223 (-5120 1024 -128 ) (-5120 1024 -48 ) (-5120 2048 -48 ) (-5120 2048 -128 ) 
4 196 220 (-5120 1024 -48 ) (-5120 1024 -44 ) (-5120 2048 -44 ) (-5120 2048 -48 ) 
4 196 219 (-5120 1024 -44 ) (-5120 1024 1920 ) (-5120 2048 1920 ) (-5120 2048 -44 ) 
4 196 206 (-5120 1024 -48 ) (-5120 1024 -128 ) (-4096 1024 -128 ) (-4096 1024 -48 ) 
4 196 203 (-5120 1024 -44 ) (-5120 1024 -48 ) (-4096 1024 -48 ) (-4096 1024 -44 ) 
4 196 202 (-5120 1024 1920 ) (-5120 1024 -44 ) (-4096 1024 -44 ) (-4096 1024 1920 ) 
4 197 261 (-3072 0 -44 ) (-3072 0 128 ) (-4096 0 128 ) (-4096 0 -44 ) 
4 197 260 (-3072 0 128 ) (-3072 0 1920 ) (-4096 0 1920 ) (-4096 0 128 ) 
4 197 202 (-4096 1024 1920 ) (-4096 1024 -44 ) (-4096 0 -44 ) (-4096 0 1920 ) 
4 197 199 (-4096 128 -44 ) (-4096 448 -44 ) (-3072 448 -44 ) (-3072 128 -44 ) 
4 197 198 (-4096 448 -44 ) (-4096 1024 -44 ) (-3072 1024 -44 ) (-3072 448 -44 ) 
4 197 200 (-3072 0 -44 ) (-4096 0 -44 ) (-4096 128 -44 ) (-3072 128 -44 ) 
4 198 203 (-4096 1024 -44 ) (-4096 1024 -48 ) (-4096 448 -48 ) (-4096 448 -44 ) 
4 198 201 (-4096 448 -48 ) (-4096 1024 -48 ) (-3072 1024 -48 ) (-3072 448 -48 ) 
4 198 199 (-4096 448 -48 ) (-3072 448 -48 ) (-3072 448 -44 ) (-4096 448 -44 ) 
4 199 204 (-4096 448 -48 ) (-4096 128 -48 ) (-4096 128 -44 ) (-4096 448 -44 ) 
4 199 201 (-4096 128 -48 ) (-4096 448 -48 ) (-3072 448 -48 ) (-3072 128 -48 ) 
4 199 200 (-4096 128 -48 ) (-3072 128 -48 ) (-3072 128 -44 ) (-4096 128 -44 ) 
4 200 261 (-3072 0 -48 ) (-3072 0 -44 ) (-4096 0 -44 ) (-4096 0 -48 ) 
4 200 205 (-4096 128 -48 ) (-4096 0 -48 ) (-4096 0 -44 ) (-4096 128 -44 ) 
4 200 201 (-4096 0 -48 ) (-4096 128 -48 ) (-3072 128 -48 ) (-3072 0 -48 ) 
4 201 261 (-3072 0 -128 ) (-3072 0 -48 ) (-4096 0 -48 ) (-4096 0 -128 ) 
4 201 206 (-4096 1024 -48 ) (-4096 1024 -128 ) (-4096 0 -128 ) (-4096 0 -48 ) 
4 202 263 (-4096 0 -44 ) (-4096 0 128 ) (-5120 0 128 ) (-5120 0 -44 ) 
4 202 262 (-4096 0 128 ) (-4096 0 1920 ) (-5120 0 1920 ) (-5120 0 128 ) 
4 202 225 (-5120 0 -44 ) (-5120 0 1920 ) (-5120 1024 1920 ) (-5120 1024 -44 ) 
4 202 204 (-5120 128 -44 ) (-5120 448 -44 ) (-4096 448 -44 ) (-4096 128 -44 ) 
4 202 203 (-5120 448 -44 ) (-5120 1024 -44 ) (-4096 1024 -44 ) (-4096 448 -44 ) 
4 202 205 (-5120 0 -44 ) (-5120 128 -44 ) (-4096 128 -44 ) (-4096 0 -44 ) 
4 203 226 (-5120 448 -44 ) (-5120 1024 -44 ) (-5120 1024 -48 ) (-5120 448 -48 ) 
4 203 206 (-5120 448 -48 ) (-5120 1024 -48 ) (-4096 1024 -48 ) (-4096 448 -48 ) 
4 203 204 (-5120 448 -48 ) (-4096 448 -48 ) (-4096 448 -44 ) (-5120 448 -44 ) 
4 204 229 (-5120 128 -44 ) (-5120 448 -44 ) (-5120 448 -48 ) (-5120 128 -48 ) 
4 204 206 (-5120 128 -48 ) (-5120 448 -48 ) (-4096 448 -48 ) (-4096 128 -48 ) 
4 204 205 (-5120 128 -48 ) (-4096 128 -48 ) (-4096 128 -44 ) (-5120 128 -44 ) 
4 205 263 (-4096 0 -48 ) (-4096 0 -44 ) (-5120 0 -44 ) (-5120 0 -48 ) 
4 205 230 (-5120 0 -48 ) (-5120 0 -44 ) (-5120 128 -44 ) (-5120 128 -48 ) 
4 205 206 (-4096 0 -48 ) (-5120 0 -48 ) (-5120 128 -48 ) (-4096 128 -48 ) 
4 206 263 (-4096 0 -128 ) (-4096 0 -48 ) (-5120 0 -48 ) (-5120 0 -128 ) 
4 206 231 (-5120 0 -128 ) (-5120 0 -48 ) (-5120 1024 -48 ) (-5120 1024 -128 ) 
4 207 213 (-5120 3072 -44 ) (-5120 3072 1920 ) (-6144 3072 1920 ) (-6144 3072 -44 ) 
4 207 212 (-6144 3072 -44 ) (-6144 3072 1920 ) (-6144 4096 1920 ) (-6144 4096 -44 ) 
4 207 209 (-5536 4096 -44 ) (-5216 4096 -44 ) (-5216 3072 -44 ) (-5536 3072 -44 ) 
4 207 208 (-5216 4096 -44 ) (-5120 4096 -44 ) (-5120 3072 -44 ) (-5216 3072 -44 ) 
4 207 210 (-6144 4096 -44 ) (-5536 4096 -44 ) (-5536 3072 -44 ) (-6144 3072 -44 ) 
4 208 214 (-5120 3072 -48 ) (-5120 3072 -44 ) (-5216 3072 -44 ) (-5216 3072 -48 ) 
4 208 211 (-5120 3072 -48 ) (-5216 3072 -48 ) (-5216 4096 -48 ) (-5120 4096 -48 ) 
4 208 209 (-5216 4096 -48 ) (-5216 3072 -48 ) (-5216 3072 -44 ) (-5216 4096 -44 ) 
4 209 215 (-5216 3072 -44 ) (-5536 3072 -44 ) (-5536 3072 -48 ) (-5216 3072 -48 ) 
4 209 211 (-5216 3072 -48 ) (-5536 3072 -48 ) (-5536 4096 -48 ) (-5216 4096 -48 ) 
4 209 210 (-5536 4096 -48 ) (-5536 3072 -48 ) (-5536 3072 -44 ) (-5536 4096 -44 ) 
4 210 216 (-5536 3072 -44 ) (-6144 3072 -44 ) (-6144 3072 -48 ) (-5536 3072 -48 ) 
4 210 212 (-6144 3072 -48 ) (-6144 3072 -44 ) (-6144 4096 -44 ) (-6144 4096 -48 ) 
4 210 211 (-5536 3072 -48 ) (-6144 3072 -48 ) (-6144 4096 -48 ) (-5536 4096 -48 ) 
4 211 217 (-5120 3072 -128 ) (-5120 3072 -48 ) (-6144 3072 -48 ) (-6144 3072 -128 ) 
4 211 212 (-6144 3072 -128 ) (-6144 3072 -48 ) (-6144 4096 -48 ) (-6144 4096 -128 ) 
4 212 218 (-6144 3072 -128 ) (-6144 3072 1920 ) (-7168 3072 1920 ) (-7168 3072 -128 ) 
4 213 219 (-5120 2048 -44 ) (-5120 2048 1920 ) (-6144 2048 1920 ) (-6144 2048 -44 ) 
4 213 218 (-6144 3072 1920 ) (-6144 3072 -44 ) (-6144 2048 -44 ) (-6144 2048 1920 ) 
4 213 215 (-5216 2048 -44 ) (-5536 2048 -44 ) (-5536 3072 -44 ) (-5216 3072 -44 ) 
4 213 214 (-5120 2048 -44 ) (-5216 2048 -44 ) (-5216 3072 -44 ) (-5120 3072 -44 ) 
4 213 216 (-5536 2048 -44 ) (-6144 2048 -44 ) (-6144 3072 -44 ) (-5536 3072 -44 ) 
4 214 220 (-5120 2048 -48 ) (-5120 2048 -44 ) (-5216 2048 -44 ) (-5216 2048 -48 ) 
4 214 217 (-5216 3072 -48 ) (-5120 3072 -48 ) (-5120 2048 -48 ) (-5216 2048 -48 ) 
4 214 215 (-5216 3072 -48 ) (-5216 2048 -48 ) (-5216 2048 -44 ) (-5216 3072 -44 ) 
4 215 221 (-5216 2048 -44 ) (-5536 2048 -44 ) (-5536 2048 -48 ) (-5216 2048 -48 ) 
4 215 217 (-5536 3072 -48 ) (-5216 3072 -48 ) (-5216 2048 -48 ) (-5536 2048 -48 ) 
4 215 216 (-5536 3072 -48 ) (-5536 2048 -48 ) (-5536 2048 -44 ) (-5536 3072 -44 ) 
4 216 222 (-5536 2048 -44 ) (-6144 2048 -44 ) (-6144 2048 -48 ) (-5536 2048 -48 ) 
4 216 218 (-6144 3072 -44 ) (-6144 3072 -48 ) (-6144 2048 -48 ) (-6144 2048 -44 ) 
4 216 217 (-6144 2048 -48 ) (-6144 3072 -48 ) (-5536 3072 -48 ) (-5536 2048 -48 ) 
4 217 223 (-5120 2048 -128 ) (-5120 2048 -48 ) (-6144 2048 -48 ) (-6144 2048 -128 ) 
4 217 218 (-6144 3072 -48 ) (-6144 3072 -128 ) (-6144 2048 -128 ) (-6144 2048 -48 ) 
4 218 224 (-6144 2048 -128 ) (-6144 2048 1920 ) (-7168 2048 1920 ) (-7168 2048 -128 ) 
4 219 225 (-5120 1024 -44 ) (-5120 1024 1920 ) (-6144 1024 1920 ) (-6144 1024 -44 ) 
4 219 224 (-6144 1024 -44 ) (-6144 1024 1920 ) (-6144 2048 1920 ) (-6144 2048 -44 ) 
4 219 221 (-5216 1024 -44 ) (-5536 1024 -44 ) (-5536 2048 -44 ) (-5216 2048 -44 ) 
4 219 220 (-5120 1024 -44 ) (-5216 1024 -44 ) (-5216 2048 -44 ) (-5120 2048 -44 ) 
4 219 222 (-5536 1024 -44 ) (-6144 1024 -44 ) (-6144 2048 -44 ) (-5536 2048 -44 ) 
4 220 226 (-5120 1024 -48 ) (-5120 1024 -44 ) (-5216 1024 -44 ) (-5216 1024 -48 ) 
4 220 223 (-5216 2048 -48 ) (-5120 2048 -48 ) (-5120 1024 -48 ) (-5216 1024 -48 ) 
4 220 221 (-5216 2048 -48 ) (-5216 1024 -48 ) (-5216 1024 -44 ) (-5216 2048 -44 ) 
4 221 227 (-5216 1024 -44 ) (-5536 1024 -44 ) (-5536 1024 -48 ) (-5216 1024 -48 ) 
4 221 223 (-5536 2048 -48 ) (-5216 2048 -48 ) (-5216 1024 -48 ) (-5536 1024 -48 ) 
4 221 222 (-5536 2048 -48 ) (-5536 1024 -48 ) (-5536 1024 -44 ) (-5536 2048 -44 ) 
4 222 228 (-5536 1024 -44 ) (-6144 1024 -44 ) (-6144 1024 -48 ) (-5536 1024 -48 ) 
4 222 224 (-6144 1024 -48 ) (-6144 1024 -44 ) (-6144 2048 -44 ) (-6144 2048 -48 ) 
4 222 223 (-6144 1024 -48 ) (-6144 2048 -48 ) (-5536 2048 -48 ) (-5536 1024 -48 ) 
4 223 231 (-5120 1024 -128 ) (-5120 1024 -48 ) (-6144 1024 -48 ) (-6144 1024 -128 ) 
4 223 224 (-6144 1024 -128 ) (-6144 1024 -48 ) (-6144 2048 -48 ) (-6144 2048 -128 ) 
4 224 236 (-7168 1024 -48 ) (-7168 1024 -128 ) (-6144 1024 -128 ) (-6144 1024 -48 ) 
4 224 233 (-7168 1024 -44 ) (-7168 1024 -48 ) (-6144 1024 -48 ) (-6144 1024 -44 ) 
4 224 232 (-7168 1024 1920 ) (-7168 1024 -44 ) (-6144 1024 -44 ) (-6144 1024 1920 ) 
4 225 287 (-5120 0 -44 ) (-5120 0 128 ) (-6144 0 128 ) (-6144 0 -44 ) 
4 225 286 (-5120 0 128 ) (-5120 0 1920 ) (-6144 0 1920 ) (-6144 0 128 ) 
4 225 232 (-6144 1024 1920 ) (-6144 1024 -44 ) (-6144 0 -44 ) (-6144 0 1920 ) 
4 225 230 (-5120 0 -44 ) (-6144 0 -44 ) (-6144 128 -44 ) (-5120 128 -44 ) 
4 225 229 (-6144 128 -44 ) (-6144 448 -44 ) (-5120 448 -44 ) (-5120 128 -44 ) 
4 225 227 (-5536 1024 -44 ) (-5216 1024 -44 ) (-5216 448 -44 ) (-5536 448 -44 ) 
4 225 226 (-5216 1024 -44 ) (-5120 1024 -44 ) (-5120 448 -44 ) (-5216 448 -44 ) 
4 225 228 (-6144 448 -44 ) (-6144 1024 -44 ) (-5536 1024 -44 ) (-5536 448 -44 ) 
4 226 231 (-5216 1024 -48 ) (-5120 1024 -48 ) (-5120 448 -48 ) (-5216 448 -48 ) 
4 226 229 (-5216 448 -48 ) (-5120 448 -48 ) (-5120 448 -44 ) (-5216 448 -44 ) 
4 226 227 (-5216 1024 -48 ) (-5216 448 -48 ) (-5216 448 -44 ) (-5216 1024 -44 ) 
4 227 231 (-5536 1024 -48 ) (-5216 1024 -48 ) (-5216 448 -48 ) (-5536 448 -48 ) 
4 227 229 (-5536 448 -48 ) (-5216 448 -48 ) (-5216 448 -44 ) (-5536 448 -44 ) 
4 227 228 (-5536 1024 -48 ) (-5536 448 -48 ) (-5536 448 -44 ) (-5536 1024 -44 ) 
4 228 233 (-6144 1024 -44 ) (-6144 1024 -48 ) (-6144 448 -48 ) (-6144 448 -44 ) 
4 228 231 (-6144 448 -48 ) (-6144 1024 -48 ) (-5536 1024 -48 ) (-5536 448 -48 ) 
4 228 229 (-6144 448 -48 ) (-5536 448 -48 ) (-5536 448 -44 ) (-6144 448 -44 ) 
4 229 234 (-6144 448 -48 ) (-6144 128 -48 ) (-6144 128 -44 ) (-6144 448 -44 ) 
4 229 231 (-6144 128 -48 ) (-6144 448 -48 ) (-5120 448 -48 ) (-5120 128 -48 ) 
4 229 230 (-6144 128 -48 ) (-5120 128 -48 ) (-5120 128 -44 ) (-6144 128 -44 ) 
4 230 287 (-5120 0 -48 ) (-5120 0 -44 ) (-6144 0 -44 ) (-6144 0 -48 ) 
4 230 235 (-6144 128 -48 ) (-6144 0 -48 ) (-6144 0 -44 ) (-6144 128 -44 ) 
4 230 231 (-6144 0 -48 ) (-6144 128 -48 ) (-5120 128 -48 ) (-5120 0 -48 ) 
4 231 287 (-5120 0 -128 ) (-5120 0 -48 ) (-6144 0 -48 ) (-6144 0 -128 ) 
4 231 236 (-6144 1024 -48 ) (-6144 1024 -128 ) (-6144 0 -128 ) (-6144 0 -48 ) 
4 232 289 (-6144 0 -44 ) (-6144 0 128 ) (-7168 0 128 ) (-7168 0 -44 ) 
4 232 288 (-6144 0 128 ) (-6144 0 1920 ) (-7168 0 1920 ) (-7168 0 128 ) 
4 232 234 (-7168 128 -44 ) (-7168 448 -44 ) (-6144 448 -44 ) (-6144 128 -44 ) 
4 232 233 (-7168 448 -44 ) (-7168 1024 -44 ) (-6144 1024 -44 ) (-6144 448 -44 ) 
4 232 235 (-7168 0 -44 ) (-7168 128 -44 ) (-6144 128 -44 ) (-6144 0 -44 ) 
4 233 236 (-7168 448 -48 ) (-7168 1024 -48 ) (-6144 1024 -48 ) (-6144 448 -48 ) 
4 233 234 (-7168 448 -48 ) (-6144 448 -48 ) (-6144 448 -44 ) (-7168 448 -44 ) 
4 234 236 (-7168 128 -48 ) (-7168 448 -48 ) (-6144 448 -48 ) (-6144 128 -48 ) 
4 234 235 (-7168 128 -48 ) (-6144 128 -48 ) (-6144 128 -44 ) (-7168 128 -44 ) 
4 235 289 (-6144 0 -48 ) (-6144 0 -44 ) (-7168 0 -44 ) (-7168 0 -48 ) 
4 235 236 (-6144 0 -48 ) (-7168 0 -48 ) (-7168 128 -48 ) (-6144 128 -48 ) 
4 236 289 (-6144 0 -128 ) (-6144 0 -48 ) (-7168 0 -48 ) (-7168 0 -128 ) 
4 237 242 (-1024 -1024 128 ) (-1024 -1024 256 ) (-2048 -1024 256 ) (-2048 -1024 128 ) 
4 237 241 (-1024 -1024 256 ) (-1024 -1024 1920 ) (-2048 -1024 1920 ) (-2048 -1024 256 ) 
4 237 239 (-2048 0 1920 ) (-2048 0 128 ) (-2048 -1024 128 ) (-2048 -1024 1920 ) 
4 237 238 (-2048 -640 128 ) (-2048 0 128 ) (-1024 0 128 ) (-1024 -640 128 ) 
4 238 240 (-2048 0 128 ) (-2048 0 -128 ) (-2048 -640 -128 ) (-2048 -640 128 ) 
4 239 260 (-3072 0 1920 ) (-3072 0 128 ) (-3072 -1024 128 ) (-3072 -1024 1920 ) 
4 239 246 (-2048 -1024 128 ) (-2048 -1024 256 ) (-3072 -1024 256 ) (-3072 -1024 128 ) 
4 239 245 (-2048 -1024 256 ) (-2048 -1024 1920 ) (-3072 -1024 1920 ) (-3072 -1024 256 ) 
4 239 240 (-3072 -640 128 ) (-3072 0 128 ) (-2048 0 128 ) (-2048 -640 128 ) 
4 240 261 (-3072 0 128 ) (-3072 0 -128 ) (-3072 -640 -128 ) (-3072 -640 128 ) 
4 241 249 (-1024 -2048 256 ) (-1024 -2048 1920 ) (-2048 -2048 1920 ) (-2048 -2048 256 ) 
4 241 245 (-2048 -2048 256 ) (-2048 -2048 1920 ) (-2048 -1024 1920 ) (-2048 -1024 256 ) 
4 241 242 (-2048 -1216 256 ) (-2048 -1024 256 ) (-1024 -1024 256 ) (-1024 -1216 256 ) 
4 241 243 (-2048 -2048 256 ) (-2048 -1344 256 ) (-1024 -1344 256 ) (-1024 -2048 256 ) 
4 242 246 (-2048 -1216 256 ) (-2048 -1024 256 ) (-2048 -1024 128 ) (-2048 -1216 128 ) 
4 243 249 (-1024 -2048 128 ) (-1024 -2048 256 ) (-2048 -2048 256 ) (-2048 -2048 128 ) 
4 243 247 (-2048 -2048 128 ) (-2048 -2048 256 ) (-2048 -1344 256 ) (-2048 -1344 128 ) 
4 243 244 (-1024 -2048 128 ) (-2048 -2048 128 ) (-2048 -1536 128 ) (-1024 -1536 128 ) 
4 244 254 (-1024 -2048 -128 ) (-1024 -2048 -48 ) (-2048 -2048 -48 ) (-2048 -2048 -128 ) 
4 244 251 (-1536 -2048 -44 ) (-2048 -2048 -44 ) (-2048 -2048 -48 ) (-1536 -2048 -48 ) 
4 244 250 (-1024 -2048 -48 ) (-1024 -2048 -44 ) (-1536 -2048 -44 ) (-1536 -2048 -48 ) 
4 244 249 (-1024 -2048 -44 ) (-1024 -2048 128 ) (-2048 -2048 128 ) (-2048 -2048 -44 ) 
4 244 248 (-2048 -2048 -128 ) (-2048 -2048 128 ) (-2048 -1536 128 ) (-2048 -1536 -128 ) 
4 245 264 (-3072 -2048 256 ) (-3072 -2048 1920 ) (-3072 -1024 1920 ) (-3072 -1024 256 ) 
4 245 255 (-3072 -2048 1920 ) (-3072 -2048 256 ) (-2048 -2048 256 ) (-2048 -2048 1920 ) 
4 245 246 (-3072 -1216 256 ) (-3072 -1024 256 ) (-2048 -1024 256 ) (-2048 -1216 256 ) 
4 245 247 (-2048 -2048 256 ) (-3072 -2048 256 ) (-3072 -1344 256 ) (-2048 -1344 256 ) 
4 246 265 (-3072 -1216 256 ) (-3072 -1024 256 ) (-3072 -1024 128 ) (-3072 -1216 128 ) 
4 247 266 (-3072 -2048 128 ) (-3072 -2048 256 ) (-3072 -1344 256 ) (-3072 -1344 128 ) 
4 247 255 (-3072 -2048 256 ) (-3072 -2048 128 ) (-2048 -2048 128 ) (-2048 -2048 256 ) 
4 247 248 (-2048 -1536 128 ) (-2048 -2048 128 ) (-3072 -2048 128 ) (-3072 -1536 128 ) 
4 248 267 (-3072 -2048 -128 ) (-3072 -2048 128 ) (-3072 -1536 128 ) (-3072 -1536 -128 ) 
4 248 259 (-3072 -2048 -48 ) (-3072 -2048 -128 ) (-2048 -2048 -128 ) (-2048 -2048 -48 ) 
4 248 256 (-3072 -2048 -44 ) (-3072 -2048 -48 ) (-2048 -2048 -48 ) (-2048 -2048 -44 ) 
4 248 255 (-3072 -2048 128 ) (-3072 -2048 -44 ) (-2048 -2048 -44 ) (-2048 -2048 128 ) 
4 249 282 (-1024 -3072 -44 ) (-1024 -3072 1920 ) (-2048 -3072 1920 ) (-2048 -3072 -44 ) 
4 249 255 (-2048 -2048 1920 ) (-2048 -2048 -44 ) (-2048 -3072 -44 ) (-2048 -3072 1920 ) 
4 249 252 (-1536 -2144 -44 ) (-1536 -2464 -44 ) (-2048 -2464 -44 ) (-2048 -2144 -44 ) 
4 249 251 (-2048 -2048 -44 ) (-1536 -2048 -44 ) (-1536 -2144 -44 ) (-2048 -2144 -44 ) 
4 249 253 (-1536 -2464 -44 ) (-1536 -3072 -44 ) (-2048 -3072 -44 ) (-2048 -2464 -44 ) 
4 249 250 (-1536 -2048 -44 ) (-1024 -2048 -44 ) (-1024 -3072 -44 ) (-1536 -3072 -44 ) 
4 250 282 (-1024 -3072 -48 ) (-1024 -3072 -44 ) (-1536 -3072 -44 ) (-1536 -3072 -48 ) 
4 250 254 (-1024 -3072 -48 ) (-1536 -3072 -48 ) (-1536 -2048 -48 ) (-1024 -2048 -48 ) 
4 250 252 (-1536 -2144 -48 ) (-1536 -2464 -48 ) (-1536 -2464 -44 ) (-1536 -2144 -44 ) 
4 250 251 (-1536 -2048 -48 ) (-1536 -2144 -48 ) (-1536 -2144 -44 ) (-1536 -2048 -44 ) 
4 250 253 (-1536 -2464 -48 ) (-1536 -3072 -48 ) (-1536 -3072 -44 ) (-1536 -2464 -44 ) 
4 251 256 (-2048 -2048 -44 ) (-2048 -2048 -48 ) (-2048 -2144 -48 ) (-2048 -2144 -44 ) 
4 251 254 (-2048 -2144 -48 ) (-2048 -2048 -48 ) (-1536 -2048 -48 ) (-1536 -2144 -48 ) 
4 251 252 (-2048 -2144 -48 ) (-1536 -2144 -48 ) (-1536 -2144 -44 ) (-2048 -2144 -44 ) 
4 252 257 (-2048 -2144 -48 ) (-2048 -2464 -48 ) (-2048 -2464 -44 ) (-2048 -2144 -44 ) 
4 252 254 (-2048 -2464 -48 ) (-2048 -2144 -48 ) (-1536 -2144 -48 ) (-1536 -2464 -48 ) 
4 252 253 (-2048 -2464 -48 ) (-1536 -2464 -48 ) (-1536 -2464 -44 ) (-2048 -2464 -44 ) 
4 253 282 (-1536 -3072 -44 ) (-2048 -3072 -44 ) (-2048 -3072 -48 ) (-1536 -3072 -48 ) 
4 253 258 (-2048 -2464 -48 ) (-2048 -3072 -48 ) (-2048 -3072 -44 ) (-2048 -2464 -44 ) 
4 253 254 (-1536 -3072 -48 ) (-2048 -3072 -48 ) (-2048 -2464 -48 ) (-1536 -2464 -48 ) 
4 254 282 (-1024 -3072 -128 ) (-1024 -3072 -48 ) (-2048 -3072 -48 ) (-2048 -3072 -128 ) 
4 254 259 (-2048 -2048 -48 ) (-2048 -2048 -128 ) (-2048 -3072 -128 ) (-2048 -3072 -48 ) 
4 255 283 (-2048 -3072 -44 ) (-2048 -3072 1920 ) (-3072 -3072 1920 ) (-3072 -3072 -44 ) 
4 255 272 (-3072 -3072 -44 ) (-3072 -3072 1920 ) (-3072 -2048 1920 ) (-3072 -2048 -44 ) 
4 255 257 (-3072 -2464 -44 ) (-3072 -2144 -44 ) (-2048 -2144 -44 ) (-2048 -2464 -44 ) 
4 255 256 (-3072 -2144 -44 ) (-3072 -2048 -44 ) (-2048 -2048 -44 ) (-2048 -2144 -44 ) 
4 255 258 (-3072 -3072 -44 ) (-3072 -2464 -44 ) (-2048 -2464 -44 ) (-2048 -3072 -44 ) 
4 256 273 (-3072 -2144 -44 ) (-3072 -2048 -44 ) (-3072 -2048 -48 ) (-3072 -2144 -48 ) 
4 256 259 (-3072 -2144 -48 ) (-3072 -2048 -48 ) (-2048 -2048 -48 ) (-2048 -2144 -48 ) 
4 256 257 (-3072 -2144 -48 ) (-2048 -2144 -48 ) (-2048 -2144 -44 ) (-3072 -2144 -44 ) 
4 257 274 (-3072 -2464 -44 ) (-3072 -2144 -44 ) (-3072 -2144 -48 ) (-3072 -2464 -48 ) 
4 257 259 (-3072 -2464 -48 ) (-3072 -2144 -48 ) (-2048 -2144 -48 ) (-2048 -2464 -48 ) 
4 257 258 (-3072 -2464 -48 ) (-2048 -2464 -48 ) (-2048 -2464 -44 ) (-3072 -2464 -44 ) 
4 258 283 (-2048 -3072 -48 ) (-2048 -3072 -44 ) (-3072 -3072 -44 ) (-3072 -3072 -48 ) 
4 258 275 (-3072 -3072 -48 ) (-3072 -3072 -44 ) (-3072 -2464 -44 ) (-3072 -2464 -48 ) 
4 258 259 (-2048 -3072 -48 ) (-3072 -3072 -48 ) (-3072 -2464 -48 ) (-2048 -2464 -48 ) 
4 259 283 (-2048 -3072 -128 ) (-2048 -3072 -48 ) (-3072 -3072 -48 ) (-3072 -3072 -128 ) 
4 259 276 (-3072 -3072 -128 ) (-3072 -3072 -48 ) (-3072 -2048 -48 ) (-3072 -2048 -128 ) 
4 260 265 (-3072 -1024 128 ) (-3072 -1024 256 ) (-4096 -1024 256 ) (-4096 -1024 128 ) 
4 260 264 (-3072 -1024 256 ) (-3072 -1024 1920 ) (-4096 -1024 1920 ) (-4096 -1024 256 ) 
4 260 262 (-4096 0 1920 ) (-4096 0 128 ) (-4096 -1024 128 ) (-4096 -1024 1920 ) 
4 260 261 (-4096 -640 128 ) (-4096 0 128 ) (-3072 0 128 ) (-3072 -640 128 ) 
4 261 263 (-4096 0 128 ) (-4096 0 -128 ) (-4096 -640 -128 ) (-4096 -640 128 ) 
4 262 286 (-5120 0 1920 ) (-5120 0 128 ) (-5120 -1024 128 ) (-5120 -1024 1920 ) 
4 262 269 (-4096 -1024 128 ) (-4096 -1024 256 ) (-5120 -1024 256 ) (-5120 -1024 128 ) 
4 262 268 (-4096 -1024 256 ) (-4096 -1024 1920 ) (-5120 -1024 1920 ) (-5120 -1024 256 ) 
4 262 263 (-5120 -640 128 ) (-5120 0 128 ) (-4096 0 128 ) (-4096 -640 128 ) 
4 263 287 (-5120 0 128 ) (-5120 0 -128 ) (-5120 -640 -128 ) (-5120 -640 128 ) 
4 264 272 (-3072 -2048 256 ) (-3072 -2048 1920 ) (-4096 -2048 1920 ) (-4096 -2048 256 ) 
4 264 268 (-4096 -2048 256 ) (-4096 -2048 1920 ) (-4096 -1024 1920 ) (-4096 -1024 256 ) 
4 264 265 (-4096 -1216 256 ) (-4096 -1024 256 ) (-3072 -1024 256 ) (-3072 -1216 256 ) 
4 264 266 (-4096 -2048 256 ) (-4096 -1344 256 ) (-3072 -1344 256 ) (-3072 -2048 256 ) 
4 265 269 (-4096 -1216 256 ) (-4096 -1024 256 ) (-4096 -1024 128 ) (-4096 -1216 128 ) 
4 266 272 (-3072 -2048 128 ) (-3072 -2048 256 ) (-4096 -2048 256 ) (-4096 -2048 128 ) 
4 266 270 (-4096 -2048 128 ) (-4096 -2048 256 ) (-4096 -1344 256 ) (-4096 -1344 128 ) 
4 266 267 (-3072 -2048 128 ) (-4096 -2048 128 ) (-4096 -1536 128 ) (-3072 -1536 128 ) 
4 267 276 (-3072 -2048 -128 ) (-3072 -2048 -48 ) (-4096 -2048 -48 ) (-4096 -2048 -128 ) 
4 267 273 (-3072 -2048 -48 ) (-3072 -2048 -44 ) (-4096 -2048 -44 ) (-4096 -2048 -48 ) 
4 267 272 (-3072 -2048 -44 ) (-3072 -2048 128 ) (-4096 -2048 128 ) (-4096 -2048 -44 ) 
4 267 271 (-4096 -2048 -128 ) (-4096 -2048 128 ) (-4096 -1536 128 ) (-4096 -1536 -128 ) 
4 268 290 (-5120 -2048 256 ) (-5120 -2048 1920 ) (-5120 -1024 1920 ) (-5120 -1024 256 ) 
4 268 277 (-5120 -2048 1920 ) (-5120 -2048 256 ) (-4096 -2048 256 ) (-4096 -2048 1920 ) 
4 268 269 (-5120 -1216 256 ) (-5120 -1024 256 ) (-4096 -1024 256 ) (-4096 -1216 256 ) 
4 268 270 (-4096 -2048 256 ) (-5120 -2048 256 ) (-5120 -1344 256 ) (-4096 -1344 256 ) 
4 269 291 (-5120 -1216 256 ) (-5120 -1024 256 ) (-5120 -1024 128 ) (-5120 -1216 128 ) 
4 270 292 (-5120 -2048 128 ) (-5120 -2048 256 ) (-5120 -1344 256 ) (-5120 -1344 128 ) 
4 270 277 (-5120 -2048 256 ) (-5120 -2048 128 ) (-4096 -2048 128 ) (-4096 -2048 256 ) 
4 270 271 (-4096 -1536 128 ) (-4096 -2048 128 ) (-5120 -2048 128 ) (-5120 -1536 128 ) 
4 271 293 (-5120 -2048 -128 ) (-5120 -2048 128 ) (-5120 -1536 128 ) (-5120 -1536 -128 ) 
4 271 281 (-5120 -2048 -48 ) (-5120 -2048 -128 ) (-4096 -2048 -128 ) (-4096 -2048 -48 ) 
4 271 278 (-5120 -2048 -44 ) (-5120 -2048 -48 ) (-4096 -2048 -48 ) (-4096 -2048 -44 ) 
4 271 277 (-5120 -2048 128 ) (-5120 -2048 -44 ) (-4096 -2048 -44 ) (-4096 -2048 128 ) 
4 272 284 (-3072 -3072 -44 ) (-3072 -3072 1920 ) (-4096 -3072 1920 ) (-4096 -3072 -44 ) 
4 272 277 (-4096 -2048 1920 ) (-4096 -2048 -44 ) (-4096 -3072 -44 ) (-4096 -3072 1920 ) 
4 272 274 (-4096 -2464 -44 ) (-4096 -2144 -44 ) (-3072 -2144 -44 ) (-3072 -2464 -44 ) 
4 272 273 (-4096 -2144 -44 ) (-4096 -2048 -44 ) (-3072 -2048 -44 ) (-3072 -2144 -44 ) 
4 272 275 (-3072 -3072 -44 ) (-4096 -3072 -44 ) (-4096 -2464 -44 ) (-3072 -2464 -44 ) 
4 273 278 (-4096 -2048 -44 ) (-4096 -2048 -48 ) (-4096 -2144 -48 ) (-4096 -2144 -44 ) 
4 273 276 (-4096 -2144 -48 ) (-4096 -2048 -48 ) (-3072 -2048 -48 ) (-3072 -2144 -48 ) 
4 273 274 (-4096 -2144 -48 ) (-3072 -2144 -48 ) (-3072 -2144 -44 ) (-4096 -2144 -44 ) 
4 274 279 (-4096 -2144 -48 ) (-4096 -2464 -48 ) (-4096 -2464 -44 ) (-4096 -2144 -44 ) 
4 274 276 (-4096 -2464 -48 ) (-4096 -2144 -48 ) (-3072 -2144 -48 ) (-3072 -2464 -48 ) 
4 274 275 (-4096 -2464 -48 ) (-3072 -2464 -48 ) (-3072 -2464 -44 ) (-4096 -2464 -44 ) 
4 275 284 (-3072 -3072 -48 ) (-3072 -3072 -44 ) (-4096 -3072 -44 ) (-4096 -3072 -48 ) 
4 275 280 (-4096 -2464 -48 ) (-4096 -3072 -48 ) (-4096 -3072 -44 ) (-4096 -2464 -44 ) 
4 275 276 (-4096 -3072 -48 ) (-4096 -2464 -48 ) (-3072 -2464 -48 ) (-3072 -3072 -48 ) 
4 276 284 (-3072 -3072 -128 ) (-3072 -3072 -48 ) (-4096 -3072 -48 ) (-4096 -3072 -128 ) 
4 276 281 (-4096 -2048 -48 ) (-4096 -2048 -128 ) (-4096 -3072 -128 ) (-4096 -3072 -48 ) 
4 277 298 (-5120 -3072 -44 ) (-5120 -3072 1920 ) (-5120 -2048 1920 ) (-5120 -2048 -44 ) 
4 277 285 (-4096 -3072 -44 ) (-4096 -3072 1920 ) (-5120 -3072 1920 ) (-5120 -3072 -44 ) 
4 277 279 (-5120 -2464 -44 ) (-5120 -2144 -44 ) (-4096 -2144 -44 ) (-4096 -2464 -44 ) 
4 277 278 (-5120 -2144 -44 ) (-5120 -2048 -44 ) (-4096 -2048 -44 ) (-4096 -2144 -44 ) 
4 277 280 (-5120 -3072 -44 ) (-5120 -2464 -44 ) (-4096 -2464 -44 ) (-4096 -3072 -44 ) 
4 278 299 (-5120 -2144 -44 ) (-5120 -2048 -44 ) (-5120 -2048 -48 ) (-5120 -2144 -48 ) 
4 278 281 (-5120 -2144 -48 ) (-5120 -2048 -48 ) (-4096 -2048 -48 ) (-4096 -2144 -48 ) 
4 278 279 (-5120 -2144 -48 ) (-4096 -2144 -48 ) (-4096 -2144 -44 ) (-5120 -2144 -44 ) 
4 279 300 (-5120 -2464 -44 ) (-5120 -2144 -44 ) (-5120 -2144 -48 ) (-5120 -2464 -48 ) 
4 279 281 (-5120 -2464 -48 ) (-5120 -2144 -48 ) (-4096 -2144 -48 ) (-4096 -2464 -48 ) 
4 279 280 (-5120 -2464 -48 ) (-4096 -2464 -48 ) (-4096 -2464 -44 ) (-5120 -2464 -44 ) 
4 280 301 (-5120 -3072 -48 ) (-5120 -3072 -44 ) (-5120 -2464 -44 ) (-5120 -2464 -48 ) 
4 280 285 (-4096 -3072 -48 ) (-4096 -3072 -44 ) (-5120 -3072 -44 ) (-5120 -3072 -48 ) 
4 280 281 (-4096 -3072 -48 ) (-5120 -3072 -48 ) (-5120 -2464 -48 ) (-4096 -2464 -48 ) 
4 281 302 (-5120 -3072 -128 ) (-5120 -3072 -48 ) (-5120 -2048 -48 ) (-5120 -2048 -128 ) 
4 281 285 (-4096 -3072 -128 ) (-4096 -3072 -48 ) (-5120 -3072 -48 ) (-5120 -3072 -128 ) 
4 282 283 (-2048 -3072 1920 ) (-2048 -3072 -128 ) (-2048 -4096 -128 ) (-2048 -4096 1920 ) 
4 283 284 (-3072 -3072 1920 ) (-3072 -3072 -128 ) (-3072 -4096 -128 ) (-3072 -4096 1920 ) 
4 284 285 (-4096 -3072 1920 ) (-4096 -3072 -128 ) (-4096 -4096 -128 ) (-4096 -4096 1920 ) 
4 285 308 (-5120 -4096 -128 ) (-5120 -4096 1920 ) (-5120 -3072 1920 ) (-5120 -3072 -128 ) 
4 286 291 (-5120 -1024 128 ) (-5120 -1024 256 ) (-6144 -1024 256 ) (-6144 -1024 128 ) 
4 286 290 (-5120 -1024 256 ) (-5120 -1024 1920 ) (-6144 -1024 1920 ) (-6144 -1024 256 ) 
4 286 288 (-6144 0 1920 ) (-6144 0 128 ) (-6144 -1024 128 ) (-6144 -1024 1920 ) 
4 286 287 (-6144 -640 128 ) (-6144 0 128 ) (-5120 0 128 ) (-5120 -640 128 ) 
4 287 289 (-6144 0 128 ) (-6144 0 -128 ) (-6144 -640 -128 ) (-6144 -640 128 ) 
4 288 295 (-6144 -1024 128 ) (-6144 -1024 256 ) (-7168 -1024 256 ) (-7168 -1024 128 ) 
4 288 294 (-6144 -1024 256 ) (-6144 -1024 1920 ) (-7168 -1024 1920 ) (-7168 -1024 256 ) 
4 288 289 (-7168 -640 128 ) (-7168 0 128 ) (-6144 0 128 ) (-6144 -640 128 ) 
4 290 298 (-5120 -2048 256 ) (-5120 -2048 1920 ) (-6144 -2048 1920 ) (-6144 -2048 256 ) 
4 290 294 (-6144 -2048 256 ) (-6144 -2048 1920 ) (-6144 -1024 1920 ) (-6144 -1024 256 ) 
4 290 291 (-6144 -1216 256 ) (-6144 -1024 256 ) (-5120 -1024 256 ) (-5120 -1216 256 ) 
4 290 292 (-6144 -2048 256 ) (-6144 -1344 256 ) (-5120 -1344 256 ) (-5120 -2048 256 ) 
4 291 295 (-6144 -1216 256 ) (-6144 -1024 256 ) (-6144 -1024 128 ) (-6144 -1216 128 ) 
4 292 298 (-5120 -2048 128 ) (-5120 -2048 256 ) (-6144 -2048 256 ) (-6144 -2048 128 ) 
4 292 296 (-6144 -2048 128 ) (-6144 -2048 256 ) (-6144 -1344 256 ) (-6144 -1344 128 ) 
4 292 293 (-5120 -2048 128 ) (-6144 -2048 128 ) (-6144 -1536 128 ) (-5120 -1536 128 ) 
4 293 302 (-5120 -2048 -128 ) (-5120 -2048 -48 ) (-6144 -2048 -48 ) (-6144 -2048 -128 ) 
4 293 299 (-5120 -2048 -48 ) (-5120 -2048 -44 ) (-6144 -2048 -44 ) (-6144 -2048 -48 ) 
4 293 298 (-5120 -2048 -44 ) (-5120 -2048 128 ) (-6144 -2048 128 ) (-6144 -2048 -44 ) 
4 293 297 (-6144 -2048 -128 ) (-6144 -2048 128 ) (-6144 -1536 128 ) (-6144 -1536 -128 ) 
4 294 303 (-7168 -2048 1920 ) (-7168 -2048 256 ) (-6144 -2048 256 ) (-6144 -2048 1920 ) 
4 294 295 (-7168 -1216 256 ) (-7168 -1024 256 ) (-6144 -1024 256 ) (-6144 -1216 256 ) 
4 294 296 (-6144 -2048 256 ) (-7168 -2048 256 ) (-7168 -1344 256 ) (-6144 -1344 256 ) 
4 296 303 (-7168 -2048 256 ) (-7168 -2048 128 ) (-6144 -2048 128 ) (-6144 -2048 256 ) 
4 296 297 (-6144 -1536 128 ) (-6144 -2048 128 ) (-7168 -2048 128 ) (-7168 -1536 128 ) 
4 297 307 (-7168 -2048 -48 ) (-7168 -2048 -128 ) (-6144 -2048 -128 ) (-6144 -2048 -48 ) 
4 297 304 (-7168 -2048 -44 ) (-7168 -2048 -48 ) (-6144 -2048 -48 ) (-6144 -2048 -44 ) 
4 297 303 (-7168 -2048 128 ) (-7168 -2048 -44 ) (-6144 -2048 -44 ) (-6144 -2048 128 ) 
4 298 308 (-5120 -3072 -44 ) (-5120 -3072 1920 ) (-6144 -3072 1920 ) (-6144 -3072 -44 ) 
4 298 303 (-6144 -2048 1920 ) (-6144 -2048 -44 ) (-6144 -3072 -44 ) (-6144 -3072 1920 ) 
4 298 300 (-5120 -2144 -44 ) (-5120 -2464 -44 ) (-6144 -2464 -44 ) (-6144 -2144 -44 ) 
4 298 299 (-6144 -2048 -44 ) (-5120 -2048 -44 ) (-5120 -2144 -44 ) (-6144 -2144 -44 ) 
4 298 301 (-5120 -2464 -44 ) (-5120 -3072 -44 ) (-6144 -3072 -44 ) (-6144 -2464 -44 ) 
4 299 304 (-6144 -2048 -44 ) (-6144 -2048 -48 ) (-6144 -2144 -48 ) (-6144 -2144 -44 ) 
4 299 302 (-6144 -2144 -48 ) (-6144 -2048 -48 ) (-5120 -2048 -48 ) (-5120 -2144 -48 ) 
4 299 300 (-6144 -2144 -48 ) (-5120 -2144 -48 ) (-5120 -2144 -44 ) (-6144 -2144 -44 ) 
4 300 305 (-6144 -2144 -48 ) (-6144 -2464 -48 ) (-6144 -2464 -44 ) (-6144 -2144 -44 ) 
4 300 302 (-6144 -2464 -48 ) (-6144 -2144 -48 ) (-5120 -2144 -48 ) (-5120 -2464 -48 ) 
4 300 301 (-6144 -2464 -48 ) (-5120 -2464 -48 ) (-5120 -2464 -44 ) (-6144 -2464 -44 ) 
4 301 308 (-5120 -3072 -48 ) (-5120 -3072 -44 ) (-6144 -3072 -44 ) (-6144 -3072 -48 ) 
4 301 306 (-6144 -2464 -48 ) (-6144 -3072 -48 ) (-6144 -3072 -44 ) (-6144 -2464 -44 ) 
4 301 302 (-5120 -3072 -48 ) (-6144 -3072 -48 ) (-6144 -2464 -48 ) (-5120 -2464 -48 ) 
4 302 308 (-5120 -3072 -128 ) (-5120 -3072 -48 ) (-6144 -3072 -48 ) (-6144 -3072 -128 ) 
4 302 307 (-6144 -2048 -48 ) (-6144 -2048 -128 ) (-6144 -3072 -128 ) (-6144 -3072 -48 ) 
4 303 309 (-6144 -3072 -44 ) (-6144 -3072 1920 ) (-7168 -3072 1920 ) (-7168 -3072 -44 ) 
4 303 305 (-7168 -2464 -44 ) (-7168 -2144 -44 ) (-6144 -2144 -44 ) (-6144 -2464 -44 ) 
4 303 304 (-7168 -2144 -44 ) (-7168 -2048 -44 ) (-6144 -2048 -44 ) (-6144 -2144 -44 ) 
4 303 306 (-7168 -3072 -44 ) (-7168 -2464 -44 ) (-6144 -2464 -44 ) (-6144 -3072 -44 ) 
4 304 307 (-7168 -2144 -48 ) (-7168 -2048 -48 ) (-6144 -2048 -48 ) (-6144 -2144 -48 ) 
4 304 305 (-7168 -2144 -48 ) (-6144 -2144 -48 ) (-6144 -2144 -44 ) (-7168 -2144 -44 ) 
4 305 307 (-7168 -2464 -48 ) (-7168 -2144 -48 ) (-6144 -2144 -48 ) (-6144 -2464 -48 ) 
4 305 306 (-7168 -2464 -48 ) (-6144 -2464 -48 ) (-6144 -2464 -44 ) (-7168 -2464 -44 ) 
4 306 309 (-6144 -3072 -48 ) (-6144 -3072 -44 ) (-7168 -3072 -44 ) (-7168 -3072 -48 ) 
4 306 307 (-6144 -3072 -48 ) (-7168 -3072 -48 ) (-7168 -2464 -48 ) (-6144 -2464 -48 ) 
4 307 309 (-6144 -3072 -128 ) (-6144 -3072 -48 ) (-7168 -3072 -48 ) (-7168 -3072 -128 ) 
4 308 309 (-6144 -3072 1920 ) (-6144 -3072 -128 ) (-6144 -4096 -128 ) (-6144 -4096 1920 ) 
