PRT1
314
928
4 0 3 (5632 3072 -128 ) (5632 3072 1920 ) (5120 3072 1920 ) (5120 3072 -128 ) 
4 0 1 (5120 3072 -128 ) (5120 3072 1920 ) (5120 4096 1920 ) (5120 4096 -128 ) 
4 1 10 (5120 3072 -128 ) (5120 3072 1920 ) (4096 3072 1920 ) (4096 3072 -128 ) 
4 1 2 (4096 3072 -128 ) (4096 3072 1920 ) (4096 4096 1920 ) (4096 4096 -128 ) 
4 2 24 (3072 3072 -128 ) (3072 3072 1920 ) (3072 4096 1920 ) (3072 4096 -128 ) 
4 2 11 (4096 3072 -128 ) (4096 3072 1920 ) (3072 3072 1920 ) (3072 3072 -128 ) 
4 3 10 (5120 3072 1920 ) (5120 3072 -128 ) (5120 2048 -128 ) (5120 2048 1920 ) 
4 3 4 (5632 2048 -128 ) (5632 2048 1920 ) (5120 2048 1920 ) (5120 2048 -128 ) 
4 4 12 (5120 1024 -128 ) (5120 1024 1920 ) (5120 2048 1920 ) (5120 2048 -128 ) 
4 4 6 (5120 1024 -40 ) (5120 1024 -128 ) (5632 1024 -128 ) (5632 1024 -40 ) 
4 4 5 (5120 1024 1920 ) (5120 1024 -40 ) (5632 1024 -40 ) (5632 1024 1920 ) 
4 5 104 (5632 0 1920 ) (5120 0 1920 ) (5120 0 -40 ) (5632 0 -40 ) 
4 5 14 (5120 0 -40 ) (5120 0 1920 ) (5120 1024 1920 ) (5120 1024 -40 ) 
4 5 7 (5120 128 -40 ) (5120 448 -40 ) (5632 448 -40 ) (5632 128 -40 ) 
4 5 6 (5120 448 -40 ) (5120 1024 -40 ) (5632 1024 -40 ) (5632 448 -40 ) 
4 5 9 (5632 0 -40 ) (5120 0 -40 ) (5120 128 -40 ) (5632 128 -40 ) 
4 6 18 (5120 1024 -48 ) (5120 1024 -128 ) (5120 448 -128 ) (5120 448 -48 ) 
4 6 15 (5120 448 -40 ) (5120 1024 -40 ) (5120 1024 -48 ) (5120 448 -48 ) 
4 6 8 (5120 448 -128 ) (5632 448 -128 ) (5632 448 -48 ) (5120 448 -48 ) 
4 6 7 (5632 448 -48 ) (5632 448 -40 ) (5120 448 -40 ) (5120 448 -48 ) 
4 7 16 (5120 128 -40 ) (5120 448 -40 ) (5120 448 -48 ) (5120 128 -48 ) 
4 7 9 (5632 128 -48 ) (5632 128 -40 ) (5120 128 -40 ) (5120 128 -48 ) 
4 7 8 (5632 128 -48 ) (5120 128 -48 ) (5120 448 -48 ) (5632 448 -48 ) 
4 8 18 (5120 448 -48 ) (5120 448 -128 ) (5120 128 -128 ) (5120 128 -48 ) 
4 8 9 (5120 128 -128 ) (5632 128 -128 ) (5632 128 -48 ) (5120 128 -48 ) 
4 9 104 (5632 0 -128 ) (5632 0 -40 ) (5120 0 -40 ) (5120 0 -128 ) 
4 9 18 (5120 0 -128 ) (5120 0 -48 ) (5120 128 -48 ) (5120 128 -128 ) 
4 9 17 (5120 0 -48 ) (5120 0 -40 ) (5120 128 -40 ) (5120 128 -48 ) 
4 10 12 (5120 2048 -128 ) (5120 2048 1920 ) (4096 2048 1920 ) (4096 2048 -128 ) 
4 10 11 (4096 3072 1920 ) (4096 3072 -128 ) (4096 2048 -128 ) (4096 2048 1920 ) 
4 11 34 (3072 2048 -128 ) (3072 2048 1920 ) (3072 3072 1920 ) (3072 3072 -128 ) 
4 11 13 (4096 2048 -128 ) (4096 2048 1920 ) (3072 2048 1920 ) (3072 2048 -128 ) 
4 12 18 (5120 1024 -128 ) (5120 1024 -48 ) (4096 1024 -48 ) (4096 1024 -128 ) 
4 12 15 (5120 1024 -48 ) (5120 1024 -40 ) (4096 1024 -40 ) (4096 1024 -48 ) 
4 12 14 (5120 1024 -40 ) (5120 1024 1920 ) (4096 1024 1920 ) (4096 1024 -40 ) 
4 12 13 (4096 1024 -128 ) (4096 1024 1920 ) (4096 2048 1920 ) (4096 2048 -128 ) 
4 13 36 (3072 1024 -128 ) (3072 1024 1920 ) (3072 2048 1920 ) (3072 2048 -128 ) 
4 13 23 (3072 1024 -48 ) (3072 1024 -128 ) (4096 1024 -128 ) (4096 1024 -48 ) 
4 13 20 (3072 1024 -40 ) (3072 1024 -48 ) (4096 1024 -48 ) (4096 1024 -40 ) 
4 13 19 (3072 1024 1920 ) (3072 1024 -40 ) (4096 1024 -40 ) (4096 1024 1920 ) 
4 14 112 (5120 0 -40 ) (5120 0 128 ) (4096 0 128 ) (4096 0 -40 ) 
4 14 111 (5120 0 128 ) (5120 0 1920 ) (4096 0 1920 ) (4096 0 128 ) 
4 14 19 (4096 1024 1920 ) (4096 1024 -40 ) (4096 0 -40 ) (4096 0 1920 ) 
4 14 16 (4096 128 -40 ) (4096 448 -40 ) (5120 448 -40 ) (5120 128 -40 ) 
4 14 15 (4096 448 -40 ) (4096 1024 -40 ) (5120 1024 -40 ) (5120 448 -40 ) 
4 14 17 (5120 0 -40 ) (4096 0 -40 ) (4096 128 -40 ) (5120 128 -40 ) 
4 15 20 (4096 1024 -40 ) (4096 1024 -48 ) (4096 448 -48 ) (4096 448 -40 ) 
4 15 18 (4096 448 -48 ) (4096 1024 -48 ) (5120 1024 -48 ) (5120 448 -48 ) 
4 15 16 (4096 448 -48 ) (5120 448 -48 ) (5120 448 -40 ) (4096 448 -40 ) 
4 16 21 (4096 448 -48 ) (4096 128 -48 ) (4096 128 -40 ) (4096 448 -40 ) 
4 16 18 (4096 128 -48 ) (4096 448 -48 ) (5120 448 -48 ) (5120 128 -48 ) 
4 16 17 (4096 128 -48 ) (5120 128 -48 ) (5120 128 -40 ) (4096 128 -40 ) 
4 17 112 (5120 0 -48 ) (5120 0 -40 ) (4096 0 -40 ) (4096 0 -48 ) 
4 17 22 (4096 128 -48 ) (4096 0 -48 ) (4096 0 -40 ) (4096 128 -40 ) 
4 17 18 (4096 0 -48 ) (4096 128 -48 ) (5120 128 -48 ) (5120 0 -48 ) 
4 18 112 (5120 0 -128 ) (5120 0 -48 ) (4096 0 -48 ) (4096 0 -128 ) 
4 18 23 (4096 1024 -48 ) (4096 1024 -128 ) (4096 0 -128 ) (4096 0 -48 ) 
4 19 114 (4096 0 -40 ) (4096 0 128 ) (3072 0 128 ) (3072 0 -40 ) 
4 19 113 (4096 0 128 ) (4096 0 1920 ) (3072 0 1920 ) (3072 0 128 ) 
4 19 38 (3072 0 -40 ) (3072 0 1920 ) (3072 1024 1920 ) (3072 1024 -40 ) 
4 19 21 (3072 128 -40 ) (3072 448 -40 ) (4096 448 -40 ) (4096 128 -40 ) 
4 19 20 (3072 448 -40 ) (3072 1024 -40 ) (4096 1024 -40 ) (4096 448 -40 ) 
4 19 22 (3072 0 -40 ) (3072 128 -40 ) (4096 128 -40 ) (4096 0 -40 ) 
4 20 39 (3072 448 -40 ) (3072 1024 -40 ) (3072 1024 -48 ) (3072 448 -48 ) 
4 20 23 (3072 448 -48 ) (3072 1024 -48 ) (4096 1024 -48 ) (4096 448 -48 ) 
4 20 21 (3072 448 -48 ) (4096 448 -48 ) (4096 448 -40 ) (3072 448 -40 ) 
4 21 40 (3072 128 -40 ) (3072 448 -40 ) (3072 448 -48 ) (3072 128 -48 ) 
4 21 23 (3072 128 -48 ) (3072 448 -48 ) (4096 448 -48 ) (4096 128 -48 ) 
4 21 22 (3072 128 -48 ) (4096 128 -48 ) (4096 128 -40 ) (3072 128 -40 ) 
4 22 114 (4096 0 -48 ) (4096 0 -40 ) (3072 0 -40 ) (3072 0 -48 ) 
4 22 41 (3072 0 -48 ) (3072 0 -40 ) (3072 128 -40 ) (3072 128 -48 ) 
4 22 23 (4096 0 -48 ) (3072 0 -48 ) (3072 128 -48 ) (4096 128 -48 ) 
4 23 114 (4096 0 -128 ) (4096 0 -48 ) (3072 0 -48 ) (3072 0 -128 ) 
4 23 42 (3072 0 -128 ) (3072 0 -48 ) (3072 1024 -48 ) (3072 1024 -128 ) 
4 24 34 (3072 3072 -128 ) (3072 3072 1920 ) (2048 3072 1920 ) (2048 3072 -128 ) 
4 24 25 (2048 3072 -128 ) (2048 3072 1920 ) (2048 4096 1920 ) (2048 4096 -128 ) 
4 25 35 (2048 3072 -128 ) (2048 3072 1920 ) (1024 3072 1920 ) (1024 3072 -128 ) 
4 25 27 (1024 3072 -128 ) (1024 3072 64 ) (1024 4096 64 ) (1024 4096 -128 ) 
4 25 26 (1024 3072 64 ) (1024 3072 1920 ) (1024 4096 1920 ) (1024 4096 64 ) 
4 26 61 (1024 3072 64 ) (1024 3072 1920 ) (0 3072 1920 ) (0 3072 64 ) 
4 26 29 (0 3072 64 ) (0 3072 1920 ) (0 4096 1920 ) (0 4096 64 ) 
4 26 27 (896 4096 64 ) (1024 4096 64 ) (1024 3072 64 ) (896 3072 64 ) 
4 26 28 (0 3072 64 ) (0 4096 64 ) (640 4096 64 ) (640 3072 64 ) 
4 27 62 (1024 3072 -128 ) (1024 3072 64 ) (896 3072 64 ) (896 3072 -128 ) 
4 28 63 (640 3072 64 ) (0 3072 64 ) (0 3072 -128 ) (640 3072 -128 ) 
4 28 33 (0 3072 -128 ) (0 3072 -48 ) (0 4096 -48 ) (0 4096 -128 ) 
4 28 30 (0 3072 -48 ) (0 3072 -40 ) (0 4096 -40 ) (0 4096 -48 ) 
4 28 29 (0 3072 -40 ) (0 3072 64 ) (0 4096 64 ) (0 4096 -40 ) 
4 29 178 (-1024 3072 -40 ) (-1024 3072 1920 ) (-1024 4096 1920 ) (-1024 4096 -40 ) 
4 29 64 (0 3072 -40 ) (0 3072 1920 ) (-1024 3072 1920 ) (-1024 3072 -40 ) 
4 29 31 (-928 4096 -40 ) (-608 4096 -40 ) (-608 3072 -40 ) (-928 3072 -40 ) 
4 29 30 (-608 4096 -40 ) (0 4096 -40 ) (0 3072 -40 ) (-608 3072 -40 ) 
4 29 32 (-1024 3072 -40 ) (-1024 4096 -40 ) (-928 4096 -40 ) (-928 3072 -40 ) 
4 30 65 (0 3072 -48 ) (0 3072 -40 ) (-608 3072 -40 ) (-608 3072 -48 ) 
4 30 33 (0 3072 -48 ) (-608 3072 -48 ) (-608 4096 -48 ) (0 4096 -48 ) 
4 30 31 (-608 4096 -48 ) (-608 3072 -48 ) (-608 3072 -40 ) (-608 4096 -40 ) 
4 31 66 (-608 3072 -40 ) (-928 3072 -40 ) (-928 3072 -48 ) (-608 3072 -48 ) 
4 31 33 (-608 3072 -48 ) (-928 3072 -48 ) (-928 4096 -48 ) (-608 4096 -48 ) 
4 31 32 (-928 4096 -48 ) (-928 3072 -48 ) (-928 3072 -40 ) (-928 4096 -40 ) 
4 32 178 (-1024 3072 -48 ) (-1024 3072 -40 ) (-1024 4096 -40 ) (-1024 4096 -48 ) 
4 32 67 (-928 3072 -40 ) (-1024 3072 -40 ) (-1024 3072 -48 ) (-928 3072 -48 ) 
4 32 33 (-928 3072 -48 ) (-1024 3072 -48 ) (-1024 4096 -48 ) (-928 4096 -48 ) 
4 33 178 (-1024 3072 -128 ) (-1024 3072 -48 ) (-1024 4096 -48 ) (-1024 4096 -128 ) 
4 33 68 (0 3072 -128 ) (0 3072 -48 ) (-1024 3072 -48 ) (-1024 3072 -128 ) 
4 34 36 (3072 2048 -128 ) (3072 2048 1920 ) (2048 2048 1920 ) (2048 2048 -128 ) 
4 34 35 (2048 3072 1920 ) (2048 3072 -128 ) (2048 2048 -128 ) (2048 2048 1920 ) 
4 35 62 (1024 3072 64 ) (1024 3072 -128 ) (1024 2048 -128 ) (1024 2048 64 ) 
4 35 61 (1024 3072 1920 ) (1024 3072 64 ) (1024 2048 64 ) (1024 2048 1920 ) 
4 35 37 (2048 2048 -128 ) (2048 2048 1920 ) (1024 2048 1920 ) (1024 2048 -128 ) 
4 36 42 (3072 1024 -128 ) (3072 1024 -48 ) (2048 1024 -48 ) (2048 1024 -128 ) 
4 36 39 (3072 1024 -48 ) (3072 1024 -40 ) (2048 1024 -40 ) (2048 1024 -48 ) 
4 36 38 (3072 1024 -40 ) (3072 1024 1920 ) (2048 1024 1920 ) (2048 1024 -40 ) 
4 36 37 (2048 1024 -128 ) (2048 1024 1920 ) (2048 2048 1920 ) (2048 2048 -128 ) 
4 37 70 (1024 1024 -128 ) (1024 1024 64 ) (1024 2048 64 ) (1024 2048 -128 ) 
4 37 69 (1024 1024 64 ) (1024 1024 1920 ) (1024 2048 1920 ) (1024 2048 64 ) 
4 37 59 (1024 1024 -48 ) (1024 1024 -128 ) (1216 1024 -128 ) (1216 1024 -48 ) 
4 37 58 (1216 1024 -128 ) (2048 1024 -128 ) (2048 1024 -48 ) (1216 1024 -48 ) 
4 37 55 (1024 1024 -40 ) (1024 1024 -48 ) (1184 1024 -48 ) (1184 1024 -40 ) 
4 37 49 (1184 1024 -48 ) (2048 1024 -48 ) (2048 1024 -40 ) (1184 1024 -40 ) 
4 37 47 (1024 1024 144 ) (1024 1024 -40 ) (1184 1024 -40 ) (1184 1024 144 ) 
4 37 45 (1184 1024 -40 ) (1216 1024 -40 ) (1216 1024 144 ) (1184 1024 144 ) 
4 37 44 (1216 1024 -40 ) (2048 1024 -40 ) (2048 1024 144 ) (1216 1024 144 ) 
4 37 43 (1024 1024 1920 ) (1024 1024 144 ) (2048 1024 144 ) (2048 1024 1920 ) 
4 38 129 (3072 0 -40 ) (3072 0 128 ) (2048 0 128 ) (2048 0 -40 ) 
4 38 128 (3072 0 128 ) (3072 0 1920 ) (2048 0 1920 ) (2048 0 128 ) 
4 38 44 (2048 1024 144 ) (2048 1024 -40 ) (2048 0 -40 ) (2048 0 144 ) 
4 38 43 (2048 1024 1920 ) (2048 1024 144 ) (2048 0 144 ) (2048 0 1920 ) 
4 38 40 (2048 128 -40 ) (2048 448 -40 ) (3072 448 -40 ) (3072 128 -40 ) 
4 38 39 (2048 448 -40 ) (2048 1024 -40 ) (3072 1024 -40 ) (3072 448 -40 ) 
4 38 41 (3072 0 -40 ) (2048 0 -40 ) (2048 128 -40 ) (3072 128 -40 ) 
4 39 50 (2048 512 -48 ) (2048 448 -48 ) (2048 448 -40 ) (2048 512 -40 ) 
4 39 49 (2048 1024 -40 ) (2048 1024 -48 ) (2048 512 -48 ) (2048 512 -40 ) 
4 39 42 (2048 448 -48 ) (2048 1024 -48 ) (3072 1024 -48 ) (3072 448 -48 ) 
4 39 40 (2048 448 -48 ) (3072 448 -48 ) (3072 448 -40 ) (2048 448 -40 ) 
4 40 52 (2048 256 -48 ) (2048 128 -48 ) (2048 128 -40 ) (2048 256 -40 ) 
4 40 51 (2048 448 -48 ) (2048 256 -48 ) (2048 256 -40 ) (2048 448 -40 ) 
4 40 42 (2048 128 -48 ) (2048 448 -48 ) (3072 448 -48 ) (3072 128 -48 ) 
4 40 41 (2048 128 -48 ) (3072 128 -48 ) (3072 128 -40 ) (2048 128 -40 ) 
4 41 129 (3072 0 -48 ) (3072 0 -40 ) (2048 0 -40 ) (2048 0 -48 ) 
4 41 53 (2048 128 -48 ) (2048 0 -48 ) (2048 0 -40 ) (2048 128 -40 ) 
4 41 42 (2048 0 -48 ) (2048 128 -48 ) (3072 128 -48 ) (3072 0 -48 ) 
4 42 129 (3072 0 -128 ) (3072 0 -48 ) (2048 0 -48 ) (2048 0 -128 ) 
4 42 58 (2048 1024 -48 ) (2048 1024 -128 ) (2048 0 -128 ) (2048 0 -48 ) 
4 43 130 (2048 0 144 ) (2048 0 1920 ) (1024 0 1920 ) (1024 0 144 ) 
4 43 77 (1024 0 144 ) (1024 0 1920 ) (1024 1024 1920 ) (1024 1024 144 ) 
4 43 47 (1024 512 144 ) (1024 1024 144 ) (1184 1024 144 ) (1184 512 144 ) 
4 43 45 (1184 512 144 ) (1184 1024 144 ) (1216 1024 144 ) (1216 512 144 ) 
4 43 44 (2048 0 144 ) (1216 0 144 ) (1216 1024 144 ) (2048 1024 144 ) 
4 44 131 (2048 0 -40 ) (2048 0 128 ) (1216 0 128 ) (1216 0 -40 ) 
4 44 130 (2048 0 128 ) (2048 0 144 ) (1216 0 144 ) (1216 0 128 ) 
4 44 53 (2048 128 -40 ) (2048 0 -40 ) (1216 0 -40 ) (1216 128 -40 ) 
4 44 52 (2048 256 -40 ) (2048 128 -40 ) (1216 128 -40 ) (1216 256 -40 ) 
4 44 51 (2048 448 -40 ) (2048 256 -40 ) (1216 256 -40 ) (1216 448 -40 ) 
4 44 50 (2048 512 -40 ) (2048 448 -40 ) (1216 448 -40 ) (1216 512 -40 ) 
4 44 49 (1216 1024 -40 ) (2048 1024 -40 ) (2048 512 -40 ) (1216 512 -40 ) 
4 44 46 (1216 256 -40 ) (1216 112 -40 ) (1216 112 80 ) (1216 256 80 ) 
4 44 45 (1216 1024 -40 ) (1216 512 -40 ) (1216 512 144 ) (1216 1024 144 ) 
4 45 49 (1184 1024 -40 ) (1216 1024 -40 ) (1216 512 -40 ) (1184 512 -40 ) 
4 45 47 (1184 1024 -40 ) (1184 512 -40 ) (1184 512 144 ) (1184 1024 144 ) 
4 46 54 (1216 128 -40 ) (1216 112 -40 ) (1184 112 -40 ) (1184 128 -40 ) 
4 46 52 (1216 256 -40 ) (1216 128 -40 ) (1184 128 -40 ) (1184 256 -40 ) 
4 46 48 (1184 256 -40 ) (1184 112 -40 ) (1184 112 80 ) (1184 256 80 ) 
4 47 78 (1024 512 144 ) (1024 1024 144 ) (1024 1024 -40 ) (1024 512 -40 ) 
4 47 55 (1024 512 -40 ) (1024 1024 -40 ) (1184 1024 -40 ) (1184 512 -40 ) 
4 48 81 (1024 448 80 ) (1024 448 -40 ) (1024 112 -40 ) (1024 112 80 ) 
4 48 57 (1024 112 -40 ) (1024 128 -40 ) (1184 128 -40 ) (1184 112 -40 ) 
4 48 56 (1024 128 -40 ) (1024 448 -40 ) (1184 448 -40 ) (1184 128 -40 ) 
4 49 59 (1184 512 -48 ) (1184 1024 -48 ) (1216 1024 -48 ) (1216 512 -48 ) 
4 49 58 (1216 1024 -48 ) (2048 1024 -48 ) (2048 512 -48 ) (1216 512 -48 ) 
4 49 55 (1184 1024 -48 ) (1184 512 -48 ) (1184 512 -40 ) (1184 1024 -40 ) 
4 49 50 (1216 512 -48 ) (2048 512 -48 ) (2048 512 -40 ) (1216 512 -40 ) 
4 50 58 (1216 512 -48 ) (2048 512 -48 ) (2048 448 -48 ) (1216 448 -48 ) 
4 50 51 (1216 448 -40 ) (1216 448 -48 ) (2048 448 -48 ) (2048 448 -40 ) 
4 51 58 (2048 448 -48 ) (2048 256 -48 ) (1216 256 -48 ) (1216 448 -48 ) 
4 51 52 (1216 256 -48 ) (2048 256 -48 ) (2048 256 -40 ) (1216 256 -40 ) 
4 52 58 (1216 256 -48 ) (2048 256 -48 ) (2048 128 -48 ) (1216 128 -48 ) 
4 52 56 (1184 256 -48 ) (1184 128 -48 ) (1184 128 -40 ) (1184 256 -40 ) 
4 52 54 (1184 128 -40 ) (1184 128 -48 ) (1216 128 -48 ) (1216 128 -40 ) 
4 52 53 (1216 128 -48 ) (2048 128 -48 ) (2048 128 -40 ) (1216 128 -40 ) 
4 53 131 (2048 0 -48 ) (2048 0 -40 ) (1216 0 -40 ) (1216 0 -48 ) 
4 53 58 (2048 0 -48 ) (1216 0 -48 ) (1216 128 -48 ) (2048 128 -48 ) 
4 53 54 (1216 128 -40 ) (1216 128 -48 ) (1216 112 -48 ) (1216 112 -40 ) 
4 54 57 (1184 128 -48 ) (1184 112 -48 ) (1184 112 -40 ) (1184 128 -40 ) 
4 55 85 (1024 512 -40 ) (1024 1024 -40 ) (1024 1024 -48 ) (1024 512 -48 ) 
4 55 59 (1024 512 -48 ) (1024 1024 -48 ) (1184 1024 -48 ) (1184 512 -48 ) 
4 56 88 (1024 128 -40 ) (1024 448 -40 ) (1024 448 -48 ) (1024 128 -48 ) 
4 56 57 (1024 128 -48 ) (1184 128 -48 ) (1184 128 -40 ) (1024 128 -40 ) 
4 57 89 (1024 112 -40 ) (1024 128 -40 ) (1024 128 -48 ) (1024 112 -48 ) 
4 58 131 (2048 0 -128 ) (2048 0 -48 ) (1216 0 -48 ) (1216 0 -128 ) 
4 58 60 (1216 512 -128 ) (1216 0 -128 ) (1216 0 -112 ) (1216 512 -112 ) 
4 58 59 (1216 1024 -128 ) (1216 512 -128 ) (1216 512 -48 ) (1216 1024 -48 ) 
4 59 93 (1024 512 -48 ) (1024 1024 -48 ) (1024 1024 -128 ) (1024 512 -128 ) 
4 59 60 (1024 512 -128 ) (1216 512 -128 ) (1216 512 -112 ) (1024 512 -112 ) 
4 60 131 (1024 0 -112 ) (1024 0 -128 ) (1216 0 -128 ) (1216 0 -112 ) 
4 60 95 (1024 0 -128 ) (1024 0 -112 ) (1024 512 -112 ) (1024 512 -128 ) 
4 61 69 (1024 2048 64 ) (1024 2048 1920 ) (0 2048 1920 ) (0 2048 64 ) 
4 61 64 (0 3072 1920 ) (0 3072 64 ) (0 2048 64 ) (0 2048 1920 ) 
4 61 62 (896 3072 64 ) (1024 3072 64 ) (1024 2048 64 ) (896 2048 64 ) 
4 61 63 (0 2048 64 ) (0 3072 64 ) (640 3072 64 ) (640 2048 64 ) 
4 62 70 (1024 2048 -128 ) (1024 2048 64 ) (896 2048 64 ) (896 2048 -128 ) 
4 63 71 (640 2048 64 ) (0 2048 64 ) (0 2048 -128 ) (640 2048 -128 ) 
4 63 68 (0 3072 -48 ) (0 3072 -128 ) (0 2048 -128 ) (0 2048 -48 ) 
4 63 65 (0 3072 -40 ) (0 3072 -48 ) (0 2048 -48 ) (0 2048 -40 ) 
4 63 64 (0 3072 64 ) (0 3072 -40 ) (0 2048 -40 ) (0 2048 64 ) 
4 64 182 (-1024 2048 -40 ) (-1024 2048 1920 ) (-1024 3072 1920 ) (-1024 3072 -40 ) 
4 64 72 (0 2048 -40 ) (0 2048 1920 ) (-1024 2048 1920 ) (-1024 2048 -40 ) 
4 64 66 (-608 2048 -40 ) (-928 2048 -40 ) (-928 3072 -40 ) (-608 3072 -40 ) 
4 64 65 (0 3072 -40 ) (0 2048 -40 ) (-608 2048 -40 ) (-608 3072 -40 ) 
4 64 67 (-928 2048 -40 ) (-1024 2048 -40 ) (-1024 3072 -40 ) (-928 3072 -40 ) 
4 65 73 (0 2048 -48 ) (0 2048 -40 ) (-608 2048 -40 ) (-608 2048 -48 ) 
4 65 68 (0 2048 -48 ) (-608 2048 -48 ) (-608 3072 -48 ) (0 3072 -48 ) 
4 65 66 (-608 3072 -48 ) (-608 2048 -48 ) (-608 2048 -40 ) (-608 3072 -40 ) 
4 66 74 (-608 2048 -40 ) (-928 2048 -40 ) (-928 2048 -48 ) (-608 2048 -48 ) 
4 66 68 (-608 2048 -48 ) (-928 2048 -48 ) (-928 3072 -48 ) (-608 3072 -48 ) 
4 66 67 (-928 3072 -48 ) (-928 2048 -48 ) (-928 2048 -40 ) (-928 3072 -40 ) 
4 67 182 (-1024 2048 -48 ) (-1024 2048 -40 ) (-1024 3072 -40 ) (-1024 3072 -48 ) 
4 67 75 (-928 2048 -40 ) (-1024 2048 -40 ) (-1024 2048 -48 ) (-928 2048 -48 ) 
4 67 68 (-928 2048 -48 ) (-1024 2048 -48 ) (-1024 3072 -48 ) (-928 3072 -48 ) 
4 68 182 (-1024 2048 -128 ) (-1024 2048 -48 ) (-1024 3072 -48 ) (-1024 3072 -128 ) 
4 68 76 (0 2048 -128 ) (0 2048 -48 ) (-1024 2048 -48 ) (-1024 2048 -128 ) 
4 69 82 (224 1024 144 ) (192 1024 144 ) (192 1024 64 ) (224 1024 64 ) 
4 69 84 (192 1024 144 ) (0 1024 144 ) (0 1024 64 ) (192 1024 64 ) 
4 69 79 (896 1024 144 ) (640 1024 144 ) (640 1024 64 ) (896 1024 64 ) 
4 69 78 (1024 1024 64 ) (1024 1024 144 ) (896 1024 144 ) (896 1024 64 ) 
4 69 80 (640 1024 144 ) (224 1024 144 ) (224 1024 64 ) (640 1024 64 ) 
4 69 77 (1024 1024 144 ) (1024 1024 1920 ) (0 1024 1920 ) (0 1024 144 ) 
4 69 72 (0 1024 64 ) (0 1024 1920 ) (0 2048 1920 ) (0 2048 64 ) 
4 69 70 (896 2048 64 ) (1024 2048 64 ) (1024 1024 64 ) (896 1024 64 ) 
4 69 71 (0 1024 64 ) (0 2048 64 ) (640 2048 64 ) (640 1024 64 ) 
4 70 93 (1024 1024 -128 ) (1024 1024 -48 ) (896 1024 -48 ) (896 1024 -128 ) 
4 70 85 (1024 1024 -48 ) (1024 1024 -40 ) (896 1024 -40 ) (896 1024 -48 ) 
4 70 78 (1024 1024 -40 ) (1024 1024 64 ) (896 1024 64 ) (896 1024 -40 ) 
4 71 94 (0 1024 -48 ) (0 1024 -128 ) (640 1024 -128 ) (640 1024 -48 ) 
4 71 86 (0 1024 -40 ) (0 1024 -48 ) (640 1024 -48 ) (640 1024 -40 ) 
4 71 82 (224 1024 64 ) (192 1024 64 ) (192 1024 -40 ) (224 1024 -40 ) 
4 71 84 (192 1024 64 ) (0 1024 64 ) (0 1024 -40 ) (192 1024 -40 ) 
4 71 80 (640 1024 64 ) (224 1024 64 ) (224 1024 -40 ) (640 1024 -40 ) 
4 71 76 (0 1024 -128 ) (0 1024 -48 ) (0 2048 -48 ) (0 2048 -128 ) 
4 71 73 (0 1024 -48 ) (0 1024 -40 ) (0 2048 -40 ) (0 2048 -48 ) 
4 71 72 (0 1024 -40 ) (0 1024 64 ) (0 2048 64 ) (0 2048 -40 ) 
4 72 184 (-1024 1024 -40 ) (-1024 1024 1920 ) (-1024 2048 1920 ) (-1024 2048 -40 ) 
4 72 97 (-1024 1024 1920 ) (-1024 1024 -40 ) (0 1024 -40 ) (0 1024 1920 ) 
4 72 74 (-928 2048 -40 ) (-608 2048 -40 ) (-608 1024 -40 ) (-928 1024 -40 ) 
4 72 73 (-608 2048 -40 ) (0 2048 -40 ) (0 1024 -40 ) (-608 1024 -40 ) 
4 72 75 (-1024 2048 -40 ) (-928 2048 -40 ) (-928 1024 -40 ) (-1024 1024 -40 ) 
4 73 98 (-608 1024 -48 ) (0 1024 -48 ) (0 1024 -40 ) (-608 1024 -40 ) 
4 73 76 (0 1024 -48 ) (-608 1024 -48 ) (-608 2048 -48 ) (0 2048 -48 ) 
4 73 74 (-608 2048 -48 ) (-608 1024 -48 ) (-608 1024 -40 ) (-608 2048 -40 ) 
4 74 99 (-928 1024 -48 ) (-608 1024 -48 ) (-608 1024 -40 ) (-928 1024 -40 ) 
4 74 76 (-608 1024 -48 ) (-928 1024 -48 ) (-928 2048 -48 ) (-608 2048 -48 ) 
4 74 75 (-928 2048 -48 ) (-928 1024 -48 ) (-928 1024 -40 ) (-928 2048 -40 ) 
4 75 184 (-1024 1024 -48 ) (-1024 1024 -40 ) (-1024 2048 -40 ) (-1024 2048 -48 ) 
4 75 100 (-1024 1024 -40 ) (-1024 1024 -48 ) (-928 1024 -48 ) (-928 1024 -40 ) 
4 75 76 (-928 1024 -48 ) (-1024 1024 -48 ) (-1024 2048 -48 ) (-928 2048 -48 ) 
4 76 184 (-1024 1024 -128 ) (-1024 1024 -48 ) (-1024 2048 -48 ) (-1024 2048 -128 ) 
4 76 103 (-1024 1024 -48 ) (-1024 1024 -128 ) (0 1024 -128 ) (0 1024 -48 ) 
4 77 142 (1024 0 144 ) (1024 0 1920 ) (0 0 1920 ) (0 0 144 ) 
4 77 97 (0 1024 1920 ) (0 1024 144 ) (0 0 144 ) (0 0 1920 ) 
4 77 82 (192 1024 144 ) (224 1024 144 ) (224 512 144 ) (192 512 144 ) 
4 77 84 (0 0 144 ) (0 1024 144 ) (192 1024 144 ) (192 0 144 ) 
4 77 79 (640 1024 144 ) (896 1024 144 ) (896 512 144 ) (640 512 144 ) 
4 77 78 (896 1024 144 ) (1024 1024 144 ) (1024 512 144 ) (896 512 144 ) 
4 77 80 (224 1024 144 ) (640 1024 144 ) (640 512 144 ) (224 512 144 ) 
4 78 85 (896 1024 -40 ) (1024 1024 -40 ) (1024 512 -40 ) (896 512 -40 ) 
4 78 79 (896 512 64 ) (896 512 144 ) (896 1024 144 ) (896 1024 64 ) 
4 79 80 (640 512 64 ) (640 512 144 ) (640 1024 144 ) (640 1024 64 ) 
4 80 86 (224 512 -40 ) (224 1024 -40 ) (640 1024 -40 ) (640 512 -40 ) 
4 80 82 (224 1024 -40 ) (224 512 -40 ) (224 512 144 ) (224 1024 144 ) 
4 81 89 (224 112 -40 ) (224 128 -40 ) (1024 128 -40 ) (1024 112 -40 ) 
4 81 88 (224 128 -40 ) (224 448 -40 ) (1024 448 -40 ) (1024 128 -40 ) 
4 81 83 (224 448 -40 ) (224 304 -40 ) (224 304 80 ) (224 448 80 ) 
4 82 86 (192 512 -40 ) (192 1024 -40 ) (224 1024 -40 ) (224 512 -40 ) 
4 82 84 (192 1024 -40 ) (192 512 -40 ) (192 512 144 ) (192 1024 144 ) 
4 83 90 (192 304 -40 ) (192 448 -40 ) (224 448 -40 ) (224 304 -40 ) 
4 83 84 (192 448 -40 ) (192 304 -40 ) (192 304 80 ) (192 448 80 ) 
4 84 144 (0 0 128 ) (0 0 -40 ) (192 0 -40 ) (192 0 128 ) 
4 84 142 (192 0 144 ) (0 0 144 ) (0 0 128 ) (192 0 128 ) 
4 84 97 (0 1024 144 ) (0 1024 -40 ) (0 0 -40 ) (0 0 144 ) 
4 84 92 (192 0 -40 ) (0 0 -40 ) (0 128 -40 ) (192 128 -40 ) 
4 84 91 (0 128 -40 ) (0 304 -40 ) (192 304 -40 ) (192 128 -40 ) 
4 84 90 (0 304 -40 ) (0 448 -40 ) (192 448 -40 ) (192 304 -40 ) 
4 84 87 (0 448 -40 ) (0 512 -40 ) (192 512 -40 ) (192 448 -40 ) 
4 84 86 (0 512 -40 ) (0 1024 -40 ) (192 1024 -40 ) (192 512 -40 ) 
4 85 93 (896 1024 -48 ) (1024 1024 -48 ) (1024 512 -48 ) (896 512 -48 ) 
4 86 98 (0 1024 -40 ) (0 1024 -48 ) (0 512 -48 ) (0 512 -40 ) 
4 86 94 (0 512 -48 ) (0 1024 -48 ) (640 1024 -48 ) (640 512 -48 ) 
4 86 87 (0 512 -48 ) (192 512 -48 ) (192 512 -40 ) (0 512 -40 ) 
4 87 98 (0 512 -48 ) (0 448 -48 ) (0 448 -40 ) (0 512 -40 ) 
4 87 96 (0 448 -48 ) (0 512 -48 ) (192 512 -48 ) (192 448 -48 ) 
4 87 90 (0 448 -48 ) (192 448 -48 ) (192 448 -40 ) (0 448 -40 ) 
4 88 90 (224 448 -40 ) (224 448 -48 ) (224 304 -48 ) (224 304 -40 ) 
4 88 89 (224 128 -40 ) (224 128 -48 ) (1024 128 -48 ) (1024 128 -40 ) 
4 90 101 (0 448 -48 ) (0 304 -48 ) (0 304 -40 ) (0 448 -40 ) 
4 90 96 (0 304 -48 ) (0 448 -48 ) (192 448 -48 ) (192 304 -48 ) 
4 90 91 (0 304 -48 ) (192 304 -48 ) (192 304 -40 ) (0 304 -40 ) 
4 91 101 (0 304 -48 ) (0 128 -48 ) (0 128 -40 ) (0 304 -40 ) 
4 91 96 (0 128 -48 ) (0 304 -48 ) (192 304 -48 ) (192 128 -48 ) 
4 91 92 (0 128 -48 ) (192 128 -48 ) (192 128 -40 ) (0 128 -40 ) 
4 92 144 (192 0 -40 ) (0 0 -40 ) (0 0 -48 ) (192 0 -48 ) 
4 92 102 (0 128 -48 ) (0 0 -48 ) (0 0 -40 ) (0 128 -40 ) 
4 92 96 (0 0 -48 ) (0 128 -48 ) (192 128 -48 ) (192 0 -48 ) 
4 93 95 (896 512 -128 ) (1024 512 -128 ) (1024 512 -112 ) (896 512 -112 ) 
4 94 103 (0 1024 -48 ) (0 1024 -128 ) (0 512 -128 ) (0 512 -48 ) 
4 94 95 (192 512 -128 ) (640 512 -128 ) (640 512 -112 ) (192 512 -112 ) 
4 94 96 (0 512 -128 ) (192 512 -128 ) (192 512 -48 ) (0 512 -48 ) 
4 95 143 (1024 0 -128 ) (1024 0 -112 ) (896 0 -112 ) (896 0 -128 ) 
4 95 144 (640 0 -112 ) (192 0 -112 ) (192 0 -128 ) (640 0 -128 ) 
4 95 96 (192 512 -112 ) (192 512 -128 ) (192 0 -128 ) (192 0 -112 ) 
4 96 144 (192 0 -48 ) (0 0 -48 ) (0 0 -128 ) (192 0 -128 ) 
4 96 103 (0 512 -128 ) (0 0 -128 ) (0 0 -48 ) (0 512 -48 ) 
4 97 186 (-1024 0 -40 ) (-1024 0 1920 ) (-1024 1024 1920 ) (-1024 1024 -40 ) 
4 97 146 (0 0 -40 ) (0 0 128 ) (-1024 0 128 ) (-1024 0 -40 ) 
4 97 145 (0 0 128 ) (0 0 1920 ) (-1024 0 1920 ) (-1024 0 128 ) 
4 97 102 (-1024 0 -40 ) (-1024 128 -40 ) (0 128 -40 ) (0 0 -40 ) 
4 97 101 (-1024 128 -40 ) (-1024 448 -40 ) (0 448 -40 ) (0 128 -40 ) 
4 97 99 (-928 1024 -40 ) (-608 1024 -40 ) (-608 448 -40 ) (-928 448 -40 ) 
4 97 98 (-608 1024 -40 ) (0 1024 -40 ) (0 448 -40 ) (-608 448 -40 ) 
4 97 100 (-1024 448 -40 ) (-1024 1024 -40 ) (-928 1024 -40 ) (-928 448 -40 ) 
4 98 103 (-608 1024 -48 ) (0 1024 -48 ) (0 448 -48 ) (-608 448 -48 ) 
4 98 101 (-608 448 -48 ) (0 448 -48 ) (0 448 -40 ) (-608 448 -40 ) 
4 98 99 (-608 1024 -48 ) (-608 448 -48 ) (-608 448 -40 ) (-608 1024 -40 ) 
4 99 103 (-928 1024 -48 ) (-608 1024 -48 ) (-608 448 -48 ) (-928 448 -48 ) 
4 99 101 (-928 448 -48 ) (-608 448 -48 ) (-608 448 -40 ) (-928 448 -40 ) 
4 99 100 (-928 1024 -48 ) (-928 448 -48 ) (-928 448 -40 ) (-928 1024 -40 ) 
4 100 187 (-1024 448 -40 ) (-1024 1024 -40 ) (-1024 1024 -48 ) (-1024 448 -48 ) 
4 100 103 (-1024 448 -48 ) (-1024 1024 -48 ) (-928 1024 -48 ) (-928 448 -48 ) 
4 100 101 (-1024 448 -48 ) (-928 448 -48 ) (-928 448 -40 ) (-1024 448 -40 ) 
4 101 188 (-1024 128 -40 ) (-1024 448 -40 ) (-1024 448 -48 ) (-1024 128 -48 ) 
4 101 103 (-1024 128 -48 ) (-1024 448 -48 ) (0 448 -48 ) (0 128 -48 ) 
4 101 102 (-1024 128 -48 ) (0 128 -48 ) (0 128 -40 ) (-1024 128 -40 ) 
4 102 189 (-1024 0 -48 ) (-1024 0 -40 ) (-1024 128 -40 ) (-1024 128 -48 ) 
4 102 146 (0 0 -48 ) (0 0 -40 ) (-1024 0 -40 ) (-1024 0 -48 ) 
4 102 103 (0 0 -48 ) (-1024 0 -48 ) (-1024 128 -48 ) (0 128 -48 ) 
4 103 190 (-1024 0 -128 ) (-1024 0 -48 ) (-1024 1024 -48 ) (-1024 1024 -128 ) 
4 103 146 (0 0 -128 ) (0 0 -48 ) (-1024 0 -48 ) (-1024 0 -128 ) 
4 104 112 (5120 0 128 ) (5120 0 -128 ) (5120 -640 -128 ) (5120 -640 128 ) 
4 104 111 (5120 0 1920 ) (5120 0 128 ) (5120 -640 128 ) (5120 -640 1920 ) 
4 104 105 (5632 -640 128 ) (5632 -640 1920 ) (5120 -640 1920 ) (5120 -640 128 ) 
4 105 111 (5120 -1024 128 ) (5120 -1024 1920 ) (5120 -640 1920 ) (5120 -640 128 ) 
4 105 106 (5632 -1024 128 ) (5632 -1024 1920 ) (5120 -1024 1920 ) (5120 -1024 128 ) 
4 106 116 (5120 -1024 256 ) (5120 -1024 128 ) (5120 -1216 128 ) (5120 -1216 256 ) 
4 106 115 (5120 -1216 1920 ) (5120 -1024 1920 ) (5120 -1024 256 ) (5120 -1216 256 ) 
4 106 107 (5632 -1216 256 ) (5632 -1216 1920 ) (5120 -1216 1920 ) (5120 -1216 256 ) 
4 107 115 (5120 -1344 1920 ) (5120 -1216 1920 ) (5120 -1216 256 ) (5120 -1344 256 ) 
4 107 108 (5632 -1344 256 ) (5632 -1344 1920 ) (5120 -1344 1920 ) (5120 -1344 256 ) 
4 108 117 (5120 -2048 128 ) (5120 -2048 256 ) (5120 -1344 256 ) (5120 -1344 128 ) 
4 108 115 (5120 -2048 256 ) (5120 -2048 1920 ) (5120 -1344 1920 ) (5120 -1344 256 ) 
4 108 110 (5120 -2048 1920 ) (5120 -2048 128 ) (5632 -2048 128 ) (5632 -2048 1920 ) 
4 108 109 (5120 -2048 128 ) (5120 -1536 128 ) (5632 -1536 128 ) (5632 -2048 128 ) 
4 109 118 (5120 -2048 -128 ) (5120 -2048 128 ) (5120 -1536 128 ) (5120 -1536 -128 ) 
4 109 110 (5120 -2048 128 ) (5120 -2048 -128 ) (5632 -2048 -128 ) (5632 -2048 128 ) 
4 110 125 (5632 -3072 -128 ) (5632 -3072 1920 ) (5120 -3072 1920 ) (5120 -3072 -128 ) 
4 110 123 (5120 -3072 -128 ) (5120 -3072 1920 ) (5120 -2048 1920 ) (5120 -2048 -128 ) 
4 111 116 (5120 -1024 128 ) (5120 -1024 256 ) (4096 -1024 256 ) (4096 -1024 128 ) 
4 111 115 (5120 -1024 256 ) (5120 -1024 1920 ) (4096 -1024 1920 ) (4096 -1024 256 ) 
4 111 113 (4096 0 1920 ) (4096 0 128 ) (4096 -1024 128 ) (4096 -1024 1920 ) 
4 111 112 (4096 -640 128 ) (4096 0 128 ) (5120 0 128 ) (5120 -640 128 ) 
4 112 114 (4096 0 128 ) (4096 0 -128 ) (4096 -640 -128 ) (4096 -640 128 ) 
4 113 128 (3072 0 1920 ) (3072 0 128 ) (3072 -1024 128 ) (3072 -1024 1920 ) 
4 113 120 (4096 -1024 128 ) (4096 -1024 256 ) (3072 -1024 256 ) (3072 -1024 128 ) 
4 113 119 (4096 -1024 256 ) (4096 -1024 1920 ) (3072 -1024 1920 ) (3072 -1024 256 ) 
4 113 114 (3072 -640 128 ) (3072 0 128 ) (4096 0 128 ) (4096 -640 128 ) 
4 114 129 (3072 0 128 ) (3072 0 -128 ) (3072 -640 -128 ) (3072 -640 128 ) 
4 115 123 (5120 -2048 256 ) (5120 -2048 1920 ) (4096 -2048 1920 ) (4096 -2048 256 ) 
4 115 119 (4096 -2048 256 ) (4096 -2048 1920 ) (4096 -1024 1920 ) (4096 -1024 256 ) 
4 115 116 (4096 -1216 256 ) (4096 -1024 256 ) (5120 -1024 256 ) (5120 -1216 256 ) 
4 115 117 (4096 -2048 256 ) (4096 -1344 256 ) (5120 -1344 256 ) (5120 -2048 256 ) 
4 116 120 (4096 -1216 256 ) (4096 -1024 256 ) (4096 -1024 128 ) (4096 -1216 128 ) 
4 117 123 (5120 -2048 128 ) (5120 -2048 256 ) (4096 -2048 256 ) (4096 -2048 128 ) 
4 117 121 (4096 -2048 128 ) (4096 -2048 256 ) (4096 -1344 256 ) (4096 -1344 128 ) 
4 117 118 (5120 -2048 128 ) (4096 -2048 128 ) (4096 -1536 128 ) (5120 -1536 128 ) 
4 118 123 (5120 -2048 -128 ) (5120 -2048 128 ) (4096 -2048 128 ) (4096 -2048 -128 ) 
4 118 122 (4096 -2048 -128 ) (4096 -2048 128 ) (4096 -1536 128 ) (4096 -1536 -128 ) 
4 119 132 (3072 -2048 256 ) (3072 -2048 1920 ) (3072 -1024 1920 ) (3072 -1024 256 ) 
4 119 124 (3072 -2048 1920 ) (3072 -2048 256 ) (4096 -2048 256 ) (4096 -2048 1920 ) 
4 119 120 (3072 -1216 256 ) (3072 -1024 256 ) (4096 -1024 256 ) (4096 -1216 256 ) 
4 119 121 (4096 -2048 256 ) (3072 -2048 256 ) (3072 -1344 256 ) (4096 -1344 256 ) 
4 120 133 (3072 -1216 256 ) (3072 -1024 256 ) (3072 -1024 128 ) (3072 -1216 128 ) 
4 121 134 (3072 -2048 128 ) (3072 -2048 256 ) (3072 -1344 256 ) (3072 -1344 128 ) 
4 121 124 (3072 -2048 256 ) (3072 -2048 128 ) (4096 -2048 128 ) (4096 -2048 256 ) 
4 121 122 (4096 -1536 128 ) (4096 -2048 128 ) (3072 -2048 128 ) (3072 -1536 128 ) 
4 122 135 (3072 -2048 -128 ) (3072 -2048 128 ) (3072 -1536 128 ) (3072 -1536 -128 ) 
4 122 124 (3072 -2048 128 ) (3072 -2048 -128 ) (4096 -2048 -128 ) (4096 -2048 128 ) 
4 123 126 (5120 -3072 -128 ) (5120 -3072 1920 ) (4096 -3072 1920 ) (4096 -3072 -128 ) 
4 123 124 (4096 -2048 1920 ) (4096 -2048 -128 ) (4096 -3072 -128 ) (4096 -3072 1920 ) 
4 124 140 (3072 -3072 -128 ) (3072 -3072 1920 ) (3072 -2048 1920 ) (3072 -2048 -128 ) 
4 124 127 (4096 -3072 -128 ) (4096 -3072 1920 ) (3072 -3072 1920 ) (3072 -3072 -128 ) 
4 125 126 (5120 -3072 1920 ) (5120 -3072 -128 ) (5120 -4096 -128 ) (5120 -4096 1920 ) 
4 126 127 (4096 -3072 1920 ) (4096 -3072 -128 ) (4096 -4096 -128 ) (4096 -4096 1920 ) 
4 127 168 (3072 -4096 -128 ) (3072 -4096 1920 ) (3072 -3072 1920 ) (3072 -3072 -128 ) 
4 128 133 (3072 -1024 128 ) (3072 -1024 256 ) (2048 -1024 256 ) (2048 -1024 128 ) 
4 128 132 (3072 -1024 256 ) (3072 -1024 1920 ) (2048 -1024 1920 ) (2048 -1024 256 ) 
4 128 130 (2048 0 1920 ) (2048 0 128 ) (2048 -1024 128 ) (2048 -1024 1920 ) 
4 128 129 (2048 -640 128 ) (2048 0 128 ) (3072 0 128 ) (3072 -640 128 ) 
4 129 131 (2048 0 128 ) (2048 0 -128 ) (2048 -640 -128 ) (2048 -640 128 ) 
4 130 142 (1024 0 1920 ) (1024 0 128 ) (1024 -1024 128 ) (1024 -1024 1920 ) 
4 130 137 (2048 -1024 128 ) (2048 -1024 256 ) (1024 -1024 256 ) (1024 -1024 128 ) 
4 130 136 (2048 -1024 256 ) (2048 -1024 1920 ) (1024 -1024 1920 ) (1024 -1024 256 ) 
4 130 131 (1024 -640 128 ) (1024 0 128 ) (2048 0 128 ) (2048 -640 128 ) 
4 131 143 (1024 0 128 ) (1024 0 -128 ) (1024 -640 -128 ) (1024 -640 128 ) 
4 132 140 (3072 -2048 256 ) (3072 -2048 1920 ) (2048 -2048 1920 ) (2048 -2048 256 ) 
4 132 136 (2048 -2048 256 ) (2048 -2048 1920 ) (2048 -1024 1920 ) (2048 -1024 256 ) 
4 132 133 (2048 -1216 256 ) (2048 -1024 256 ) (3072 -1024 256 ) (3072 -1216 256 ) 
4 132 134 (2048 -2048 256 ) (2048 -1344 256 ) (3072 -1344 256 ) (3072 -2048 256 ) 
4 133 137 (2048 -1216 256 ) (2048 -1024 256 ) (2048 -1024 128 ) (2048 -1216 128 ) 
4 134 140 (3072 -2048 128 ) (3072 -2048 256 ) (2048 -2048 256 ) (2048 -2048 128 ) 
4 134 138 (2048 -2048 128 ) (2048 -2048 256 ) (2048 -1344 256 ) (2048 -1344 128 ) 
4 134 135 (3072 -2048 128 ) (2048 -2048 128 ) (2048 -1536 128 ) (3072 -1536 128 ) 
4 135 140 (3072 -2048 -128 ) (3072 -2048 128 ) (2048 -2048 128 ) (2048 -2048 -128 ) 
4 135 139 (2048 -2048 -128 ) (2048 -2048 128 ) (2048 -1536 128 ) (2048 -1536 -128 ) 
4 136 147 (1024 -2048 256 ) (1024 -2048 1920 ) (1024 -1024 1920 ) (1024 -1024 256 ) 
4 136 141 (1024 -2048 1920 ) (1024 -2048 256 ) (2048 -2048 256 ) (2048 -2048 1920 ) 
4 136 137 (1024 -1216 256 ) (1024 -1024 256 ) (2048 -1024 256 ) (2048 -1216 256 ) 
4 136 138 (2048 -2048 256 ) (1024 -2048 256 ) (1024 -1344 256 ) (2048 -1344 256 ) 
4 137 148 (1024 -1216 256 ) (1024 -1024 256 ) (1024 -1024 128 ) (1024 -1216 128 ) 
4 138 149 (1024 -2048 128 ) (1024 -2048 256 ) (1024 -1344 256 ) (1024 -1344 128 ) 
4 138 141 (1024 -2048 256 ) (1024 -2048 128 ) (2048 -2048 128 ) (2048 -2048 256 ) 
4 138 139 (2048 -1536 128 ) (2048 -2048 128 ) (1024 -2048 128 ) (1024 -1536 128 ) 
4 139 151 (1024 -2048 -128 ) (1024 -2048 128 ) (1024 -1536 128 ) (1024 -1536 -128 ) 
4 139 141 (1024 -2048 128 ) (1024 -2048 -128 ) (2048 -2048 -128 ) (2048 -2048 128 ) 
4 140 168 (3072 -3072 -128 ) (3072 -3072 1920 ) (2048 -3072 1920 ) (2048 -3072 -128 ) 
4 140 141 (2048 -2048 1920 ) (2048 -2048 -128 ) (2048 -3072 -128 ) (2048 -3072 1920 ) 
4 141 169 (2048 -3072 -128 ) (2048 -3072 1920 ) (1024 -3072 1920 ) (1024 -3072 -128 ) 
4 141 164 (1024 -3072 -128 ) (1024 -3072 -48 ) (1024 -2048 -48 ) (1024 -2048 -128 ) 
4 141 160 (1024 -3072 -48 ) (1024 -3072 -40 ) (1024 -2048 -40 ) (1024 -2048 -48 ) 
4 141 159 (1024 -3072 -40 ) (1024 -3072 1920 ) (1024 -2048 1920 ) (1024 -2048 -40 ) 
4 142 148 (1024 -1024 128 ) (1024 -1024 256 ) (512 -1024 256 ) (512 -1024 128 ) 
4 142 150 (512 -1024 256 ) (0 -1024 256 ) (0 -1024 128 ) (512 -1024 128 ) 
4 142 147 (1024 -1024 256 ) (1024 -1024 1920 ) (0 -1024 1920 ) (0 -1024 256 ) 
4 142 145 (0 0 1920 ) (0 0 128 ) (0 -1024 128 ) (0 -1024 1920 ) 
4 142 143 (896 0 128 ) (1024 0 128 ) (1024 -640 128 ) (896 -640 128 ) 
4 142 144 (0 -640 128 ) (0 0 128 ) (640 0 128 ) (640 -640 128 ) 
4 144 146 (0 0 128 ) (0 0 -128 ) (0 -640 -128 ) (0 -640 128 ) 
4 145 240 (-1024 -1024 128 ) (-1024 -1024 1920 ) (-1024 0 1920 ) (-1024 0 128 ) 
4 145 154 (-512 -1024 256 ) (-1024 -1024 256 ) (-1024 -1024 128 ) (-512 -1024 128 ) 
4 145 153 (0 -1024 128 ) (0 -1024 256 ) (-512 -1024 256 ) (-512 -1024 128 ) 
4 145 152 (0 -1024 256 ) (0 -1024 1920 ) (-1024 -1024 1920 ) (-1024 -1024 256 ) 
4 145 146 (-1024 -640 128 ) (-1024 0 128 ) (0 0 128 ) (0 -640 128 ) 
4 146 241 (-1024 -640 128 ) (-1024 0 128 ) (-1024 0 -128 ) (-1024 -640 -128 ) 
4 147 159 (1024 -2048 256 ) (1024 -2048 1920 ) (0 -2048 1920 ) (0 -2048 256 ) 
4 147 152 (0 -2048 256 ) (0 -2048 1920 ) (0 -1024 1920 ) (0 -1024 256 ) 
4 147 148 (512 -1024 256 ) (1024 -1024 256 ) (1024 -1216 256 ) (512 -1216 256 ) 
4 147 149 (1024 -1344 256 ) (1024 -2048 256 ) (512 -2048 256 ) (512 -1344 256 ) 
4 147 150 (0 -2048 256 ) (0 -1024 256 ) (512 -1024 256 ) (512 -2048 256 ) 
4 148 150 (512 -1024 128 ) (512 -1216 128 ) (512 -1216 256 ) (512 -1024 256 ) 
4 149 159 (1024 -2048 128 ) (1024 -2048 256 ) (512 -2048 256 ) (512 -2048 128 ) 
4 149 151 (1024 -2048 128 ) (512 -2048 128 ) (512 -1536 128 ) (1024 -1536 128 ) 
4 149 150 (512 -1344 128 ) (512 -2048 128 ) (512 -2048 256 ) (512 -1344 256 ) 
4 150 159 (512 -2048 256 ) (0 -2048 256 ) (0 -2048 128 ) (512 -2048 128 ) 
4 150 153 (0 -2048 128 ) (0 -2048 256 ) (0 -1024 256 ) (0 -1024 128 ) 
4 150 151 (512 -2048 128 ) (0 -2048 128 ) (0 -1536 128 ) (512 -1536 128 ) 
4 151 164 (1024 -2048 -128 ) (1024 -2048 -48 ) (0 -2048 -48 ) (0 -2048 -128 ) 
4 151 161 (928 -2048 -40 ) (608 -2048 -40 ) (608 -2048 -48 ) (928 -2048 -48 ) 
4 151 160 (1024 -2048 -48 ) (1024 -2048 -40 ) (928 -2048 -40 ) (928 -2048 -48 ) 
4 151 163 (608 -2048 -40 ) (0 -2048 -40 ) (0 -2048 -48 ) (608 -2048 -48 ) 
4 151 159 (1024 -2048 -40 ) (1024 -2048 128 ) (0 -2048 128 ) (0 -2048 -40 ) 
4 151 156 (0 -2048 -128 ) (0 -2048 128 ) (0 -1536 128 ) (0 -1536 -128 ) 
4 152 245 (-1024 -1344 1920 ) (-1024 -1216 1920 ) (-1024 -1216 256 ) (-1024 -1344 256 ) 
4 152 244 (-1024 -1216 1920 ) (-1024 -1024 1920 ) (-1024 -1024 256 ) (-1024 -1216 256 ) 
4 152 246 (-1024 -2048 256 ) (-1024 -2048 1920 ) (-1024 -1344 1920 ) (-1024 -1344 256 ) 
4 152 165 (-1024 -2048 1920 ) (-1024 -2048 256 ) (0 -2048 256 ) (0 -2048 1920 ) 
4 152 154 (-1024 -1024 256 ) (-512 -1024 256 ) (-512 -1216 256 ) (-1024 -1216 256 ) 
4 152 155 (-512 -1344 256 ) (-512 -2048 256 ) (-1024 -2048 256 ) (-1024 -1344 256 ) 
4 152 153 (-512 -1024 256 ) (0 -1024 256 ) (0 -2048 256 ) (-512 -2048 256 ) 
4 153 165 (-512 -2048 128 ) (0 -2048 128 ) (0 -2048 256 ) (-512 -2048 256 ) 
4 153 157 (-128 -2048 128 ) (-384 -2048 128 ) (-384 -1536 128 ) (-128 -1536 128 ) 
4 153 156 (0 -2048 128 ) (-128 -2048 128 ) (-128 -1536 128 ) (0 -1536 128 ) 
4 153 158 (-384 -2048 128 ) (-512 -2048 128 ) (-512 -1536 128 ) (-384 -1536 128 ) 
4 153 154 (-512 -1024 128 ) (-512 -1216 128 ) (-512 -1216 256 ) (-512 -1024 256 ) 
4 153 155 (-512 -1344 128 ) (-512 -2048 128 ) (-512 -2048 256 ) (-512 -1344 256 ) 
4 154 244 (-1024 -1216 256 ) (-1024 -1024 256 ) (-1024 -1024 128 ) (-1024 -1216 128 ) 
4 155 246 (-1024 -2048 128 ) (-1024 -2048 256 ) (-1024 -1344 256 ) (-1024 -1344 128 ) 
4 155 165 (-1024 -2048 256 ) (-1024 -2048 128 ) (-512 -2048 128 ) (-512 -2048 256 ) 
4 155 158 (-512 -2048 128 ) (-1024 -2048 128 ) (-1024 -1536 128 ) (-512 -1536 128 ) 
4 156 166 (-128 -2048 -128 ) (0 -2048 -128 ) (0 -2048 64 ) (-128 -2048 64 ) 
4 156 165 (0 -2048 64 ) (0 -2048 128 ) (-128 -2048 128 ) (-128 -2048 64 ) 
4 156 157 (-128 -1536 128 ) (-128 -1536 64 ) (-128 -2048 64 ) (-128 -2048 128 ) 
4 157 165 (-128 -2048 64 ) (-128 -2048 128 ) (-384 -2048 128 ) (-384 -2048 64 ) 
4 157 158 (-384 -1536 128 ) (-384 -1536 64 ) (-384 -2048 64 ) (-384 -2048 128 ) 
4 158 247 (-1024 -2048 -128 ) (-1024 -2048 128 ) (-1024 -1536 128 ) (-1024 -1536 -128 ) 
4 158 167 (-1024 -2048 64 ) (-1024 -2048 -128 ) (-384 -2048 -128 ) (-384 -2048 64 ) 
4 158 165 (-1024 -2048 128 ) (-1024 -2048 64 ) (-384 -2048 64 ) (-384 -2048 128 ) 
4 159 170 (1024 -3072 -40 ) (1024 -3072 1920 ) (0 -3072 1920 ) (0 -3072 -40 ) 
4 159 166 (0 -2048 64 ) (0 -2048 -40 ) (0 -3072 -40 ) (0 -3072 64 ) 
4 159 165 (0 -2048 1920 ) (0 -2048 64 ) (0 -3072 64 ) (0 -3072 1920 ) 
4 159 162 (928 -3072 -40 ) (608 -3072 -40 ) (608 -2560 -40 ) (928 -2560 -40 ) 
4 159 161 (608 -2560 -40 ) (608 -2048 -40 ) (928 -2048 -40 ) (928 -2560 -40 ) 
4 159 160 (1024 -3072 -40 ) (928 -3072 -40 ) (928 -2048 -40 ) (1024 -2048 -40 ) 
4 159 163 (608 -3072 -40 ) (0 -3072 -40 ) (0 -2048 -40 ) (608 -2048 -40 ) 
4 160 171 (1024 -3072 -48 ) (1024 -3072 -40 ) (928 -3072 -40 ) (928 -3072 -48 ) 
4 160 164 (928 -2048 -48 ) (1024 -2048 -48 ) (1024 -3072 -48 ) (928 -3072 -48 ) 
4 160 162 (928 -2560 -48 ) (928 -3072 -48 ) (928 -3072 -40 ) (928 -2560 -40 ) 
4 160 161 (928 -2048 -48 ) (928 -2560 -48 ) (928 -2560 -40 ) (928 -2048 -40 ) 
4 161 164 (608 -2048 -48 ) (928 -2048 -48 ) (928 -2560 -48 ) (608 -2560 -48 ) 
4 161 163 (608 -2048 -48 ) (608 -2560 -48 ) (608 -2560 -40 ) (608 -2048 -40 ) 
4 161 162 (608 -2560 -40 ) (608 -2560 -48 ) (928 -2560 -48 ) (928 -2560 -40 ) 
4 162 172 (928 -3072 -40 ) (608 -3072 -40 ) (608 -3072 -48 ) (928 -3072 -48 ) 
4 162 164 (928 -2560 -48 ) (928 -3072 -48 ) (608 -3072 -48 ) (608 -2560 -48 ) 
4 162 163 (608 -2560 -48 ) (608 -3072 -48 ) (608 -3072 -40 ) (608 -2560 -40 ) 
4 163 173 (608 -3072 -40 ) (0 -3072 -40 ) (0 -3072 -48 ) (608 -3072 -48 ) 
4 163 166 (0 -2048 -40 ) (0 -2048 -48 ) (0 -3072 -48 ) (0 -3072 -40 ) 
4 163 164 (0 -3072 -48 ) (0 -2048 -48 ) (608 -2048 -48 ) (608 -3072 -48 ) 
4 164 174 (1024 -3072 -128 ) (1024 -3072 -48 ) (0 -3072 -48 ) (0 -3072 -128 ) 
4 164 166 (0 -2048 -48 ) (0 -2048 -128 ) (0 -3072 -128 ) (0 -3072 -48 ) 
4 165 252 (-1024 -3072 64 ) (-1024 -3072 1920 ) (-1024 -2048 1920 ) (-1024 -2048 64 ) 
4 165 175 (0 -3072 64 ) (0 -3072 1920 ) (-1024 -3072 1920 ) (-1024 -3072 64 ) 
4 165 166 (0 -3072 64 ) (-128 -3072 64 ) (-128 -2048 64 ) (0 -2048 64 ) 
4 165 167 (-384 -3072 64 ) (-1024 -3072 64 ) (-1024 -2048 64 ) (-384 -2048 64 ) 
4 166 176 (0 -3072 -128 ) (0 -3072 64 ) (-128 -3072 64 ) (-128 -3072 -128 ) 
4 167 257 (-1024 -3072 -128 ) (-1024 -3072 -48 ) (-1024 -2048 -48 ) (-1024 -2048 -128 ) 
4 167 253 (-1024 -3072 -48 ) (-1024 -3072 -40 ) (-1024 -2048 -40 ) (-1024 -2048 -48 ) 
4 167 252 (-1024 -3072 -40 ) (-1024 -3072 64 ) (-1024 -2048 64 ) (-1024 -2048 -40 ) 
4 167 177 (-384 -3072 64 ) (-1024 -3072 64 ) (-1024 -3072 -128 ) (-384 -3072 -128 ) 
4 168 169 (2048 -3072 1920 ) (2048 -3072 -128 ) (2048 -4096 -128 ) (2048 -4096 1920 ) 
4 169 174 (1024 -3072 -48 ) (1024 -3072 -128 ) (1024 -4096 -128 ) (1024 -4096 -48 ) 
4 169 171 (1024 -3072 -40 ) (1024 -3072 -48 ) (1024 -4096 -48 ) (1024 -4096 -40 ) 
4 169 170 (1024 -3072 1920 ) (1024 -3072 -40 ) (1024 -4096 -40 ) (1024 -4096 1920 ) 
4 170 176 (0 -3072 64 ) (0 -3072 -40 ) (0 -4096 -40 ) (0 -4096 64 ) 
4 170 175 (0 -3072 1920 ) (0 -3072 64 ) (0 -4096 64 ) (0 -4096 1920 ) 
4 170 172 (928 -4096 -40 ) (608 -4096 -40 ) (608 -3072 -40 ) (928 -3072 -40 ) 
4 170 171 (1024 -4096 -40 ) (928 -4096 -40 ) (928 -3072 -40 ) (1024 -3072 -40 ) 
4 170 173 (608 -4096 -40 ) (0 -4096 -40 ) (0 -3072 -40 ) (608 -3072 -40 ) 
4 171 174 (928 -3072 -48 ) (1024 -3072 -48 ) (1024 -4096 -48 ) (928 -4096 -48 ) 
4 171 172 (928 -3072 -48 ) (928 -4096 -48 ) (928 -4096 -40 ) (928 -3072 -40 ) 
4 172 174 (608 -3072 -48 ) (928 -3072 -48 ) (928 -4096 -48 ) (608 -4096 -48 ) 
4 172 173 (608 -3072 -48 ) (608 -4096 -48 ) (608 -4096 -40 ) (608 -3072 -40 ) 
4 173 176 (0 -3072 -40 ) (0 -3072 -48 ) (0 -4096 -48 ) (0 -4096 -40 ) 
4 173 174 (0 -4096 -48 ) (0 -3072 -48 ) (608 -3072 -48 ) (608 -4096 -48 ) 
4 174 176 (0 -3072 -48 ) (0 -3072 -128 ) (0 -4096 -128 ) (0 -4096 -48 ) 
4 175 286 (-1024 -4096 64 ) (-1024 -4096 1920 ) (-1024 -3072 1920 ) (-1024 -3072 64 ) 
4 175 176 (0 -4096 64 ) (-128 -4096 64 ) (-128 -3072 64 ) (0 -3072 64 ) 
4 175 177 (-384 -4096 64 ) (-1024 -4096 64 ) (-1024 -3072 64 ) (-384 -3072 64 ) 
4 177 286 (-1024 -4096 -128 ) (-1024 -4096 64 ) (-1024 -3072 64 ) (-1024 -3072 -128 ) 
4 178 182 (-1024 3072 -128 ) (-1024 3072 1920 ) (-2048 3072 1920 ) (-2048 3072 -128 ) 
4 178 179 (-2048 3072 -128 ) (-2048 3072 1920 ) (-2048 4096 1920 ) (-2048 4096 -128 ) 
4 179 183 (-2048 3072 -128 ) (-2048 3072 1920 ) (-3072 3072 1920 ) (-3072 3072 -128 ) 
4 179 180 (-3072 3072 -128 ) (-3072 3072 1920 ) (-3072 4096 1920 ) (-3072 4096 -128 ) 
4 180 196 (-3072 3072 -128 ) (-3072 3072 1920 ) (-4096 3072 1920 ) (-4096 3072 -128 ) 
4 180 181 (-4096 3072 -128 ) (-4096 3072 1920 ) (-4096 4096 1920 ) (-4096 4096 -128 ) 
4 181 214 (-5120 3072 -128 ) (-5120 3072 -48 ) (-5120 4096 -48 ) (-5120 4096 -128 ) 
4 181 211 (-5120 3072 -48 ) (-5120 3072 -40 ) (-5120 4096 -40 ) (-5120 4096 -48 ) 
4 181 210 (-5120 3072 -40 ) (-5120 3072 1920 ) (-5120 4096 1920 ) (-5120 4096 -40 ) 
4 181 197 (-4096 3072 -128 ) (-4096 3072 1920 ) (-5120 3072 1920 ) (-5120 3072 -128 ) 
4 182 184 (-1024 2048 -128 ) (-1024 2048 1920 ) (-2048 2048 1920 ) (-2048 2048 -128 ) 
4 182 183 (-2048 3072 1920 ) (-2048 3072 -128 ) (-2048 2048 -128 ) (-2048 2048 1920 ) 
4 183 196 (-3072 3072 1920 ) (-3072 3072 -128 ) (-3072 2048 -128 ) (-3072 2048 1920 ) 
4 183 185 (-2048 2048 -128 ) (-2048 2048 1920 ) (-3072 2048 1920 ) (-3072 2048 -128 ) 
4 184 190 (-1024 1024 -128 ) (-1024 1024 -48 ) (-2048 1024 -48 ) (-2048 1024 -128 ) 
4 184 187 (-1024 1024 -48 ) (-1024 1024 -40 ) (-2048 1024 -40 ) (-2048 1024 -48 ) 
4 184 186 (-1024 1024 -40 ) (-1024 1024 1920 ) (-2048 1024 1920 ) (-2048 1024 -40 ) 
4 184 185 (-2048 1024 -128 ) (-2048 1024 1920 ) (-2048 2048 1920 ) (-2048 2048 -128 ) 
4 185 198 (-3072 1024 -128 ) (-3072 1024 1920 ) (-3072 2048 1920 ) (-3072 2048 -128 ) 
4 185 195 (-3072 1024 -48 ) (-3072 1024 -128 ) (-2048 1024 -128 ) (-2048 1024 -48 ) 
4 185 192 (-3072 1024 -40 ) (-3072 1024 -48 ) (-2048 1024 -48 ) (-2048 1024 -40 ) 
4 185 191 (-3072 1024 1920 ) (-3072 1024 -40 ) (-2048 1024 -40 ) (-2048 1024 1920 ) 
4 186 241 (-1024 0 -40 ) (-1024 0 128 ) (-2048 0 128 ) (-2048 0 -40 ) 
4 186 240 (-1024 0 128 ) (-1024 0 1920 ) (-2048 0 1920 ) (-2048 0 128 ) 
4 186 191 (-2048 1024 1920 ) (-2048 1024 -40 ) (-2048 0 -40 ) (-2048 0 1920 ) 
4 186 188 (-1024 448 -40 ) (-1024 128 -40 ) (-2048 128 -40 ) (-2048 448 -40 ) 
4 186 187 (-2048 1024 -40 ) (-1024 1024 -40 ) (-1024 448 -40 ) (-2048 448 -40 ) 
4 186 189 (-1024 128 -40 ) (-1024 0 -40 ) (-2048 0 -40 ) (-2048 128 -40 ) 
4 187 192 (-2048 1024 -40 ) (-2048 1024 -48 ) (-2048 448 -48 ) (-2048 448 -40 ) 
4 187 190 (-2048 448 -48 ) (-2048 1024 -48 ) (-1024 1024 -48 ) (-1024 448 -48 ) 
4 187 188 (-2048 448 -48 ) (-1024 448 -48 ) (-1024 448 -40 ) (-2048 448 -40 ) 
4 188 193 (-2048 448 -48 ) (-2048 128 -48 ) (-2048 128 -40 ) (-2048 448 -40 ) 
4 188 190 (-2048 128 -48 ) (-2048 448 -48 ) (-1024 448 -48 ) (-1024 128 -48 ) 
4 188 189 (-2048 128 -48 ) (-1024 128 -48 ) (-1024 128 -40 ) (-2048 128 -40 ) 
4 189 241 (-1024 0 -48 ) (-1024 0 -40 ) (-2048 0 -40 ) (-2048 0 -48 ) 
4 189 194 (-2048 128 -48 ) (-2048 0 -48 ) (-2048 0 -40 ) (-2048 128 -40 ) 
4 189 190 (-1024 0 -48 ) (-2048 0 -48 ) (-2048 128 -48 ) (-1024 128 -48 ) 
4 190 241 (-1024 0 -128 ) (-1024 0 -48 ) (-2048 0 -48 ) (-2048 0 -128 ) 
4 190 195 (-2048 1024 -48 ) (-2048 1024 -128 ) (-2048 0 -128 ) (-2048 0 -48 ) 
4 191 243 (-2048 0 -40 ) (-2048 0 128 ) (-3072 0 128 ) (-3072 0 -40 ) 
4 191 242 (-2048 0 128 ) (-2048 0 1920 ) (-3072 0 1920 ) (-3072 0 128 ) 
4 191 200 (-3072 0 -40 ) (-3072 0 1920 ) (-3072 1024 1920 ) (-3072 1024 -40 ) 
4 191 193 (-3072 128 -40 ) (-3072 448 -40 ) (-2048 448 -40 ) (-2048 128 -40 ) 
4 191 192 (-3072 448 -40 ) (-3072 1024 -40 ) (-2048 1024 -40 ) (-2048 448 -40 ) 
4 191 194 (-3072 0 -40 ) (-3072 128 -40 ) (-2048 128 -40 ) (-2048 0 -40 ) 
4 192 201 (-3072 448 -40 ) (-3072 1024 -40 ) (-3072 1024 -48 ) (-3072 448 -48 ) 
4 192 195 (-3072 448 -48 ) (-3072 1024 -48 ) (-2048 1024 -48 ) (-2048 448 -48 ) 
4 192 193 (-3072 448 -48 ) (-2048 448 -48 ) (-2048 448 -40 ) (-3072 448 -40 ) 
4 193 202 (-3072 128 -40 ) (-3072 448 -40 ) (-3072 448 -48 ) (-3072 128 -48 ) 
4 193 195 (-3072 128 -48 ) (-3072 448 -48 ) (-2048 448 -48 ) (-2048 128 -48 ) 
4 193 194 (-3072 128 -48 ) (-2048 128 -48 ) (-2048 128 -40 ) (-3072 128 -40 ) 
4 194 243 (-2048 0 -48 ) (-2048 0 -40 ) (-3072 0 -40 ) (-3072 0 -48 ) 
4 194 203 (-3072 0 -48 ) (-3072 0 -40 ) (-3072 128 -40 ) (-3072 128 -48 ) 
4 194 195 (-2048 0 -48 ) (-3072 0 -48 ) (-3072 128 -48 ) (-2048 128 -48 ) 
4 195 243 (-2048 0 -128 ) (-2048 0 -48 ) (-3072 0 -48 ) (-3072 0 -128 ) 
4 195 204 (-3072 0 -128 ) (-3072 0 -48 ) (-3072 1024 -48 ) (-3072 1024 -128 ) 
4 196 198 (-3072 2048 -128 ) (-3072 2048 1920 ) (-4096 2048 1920 ) (-4096 2048 -128 ) 
4 196 197 (-4096 3072 1920 ) (-4096 3072 -128 ) (-4096 2048 -128 ) (-4096 2048 1920 ) 
4 197 220 (-5120 2048 -128 ) (-5120 2048 -48 ) (-5120 3072 -48 ) (-5120 3072 -128 ) 
4 197 217 (-5120 2048 -48 ) (-5120 2048 -40 ) (-5120 3072 -40 ) (-5120 3072 -48 ) 
4 197 216 (-5120 2048 -40 ) (-5120 2048 1920 ) (-5120 3072 1920 ) (-5120 3072 -40 ) 
4 197 199 (-4096 2048 -128 ) (-4096 2048 1920 ) (-5120 2048 1920 ) (-5120 2048 -128 ) 
4 198 204 (-3072 1024 -128 ) (-3072 1024 -48 ) (-4096 1024 -48 ) (-4096 1024 -128 ) 
4 198 201 (-3072 1024 -48 ) (-3072 1024 -40 ) (-4096 1024 -40 ) (-4096 1024 -48 ) 
4 198 200 (-3072 1024 -40 ) (-3072 1024 1920 ) (-4096 1024 1920 ) (-4096 1024 -40 ) 
4 198 199 (-4096 1024 -128 ) (-4096 1024 1920 ) (-4096 2048 1920 ) (-4096 2048 -128 ) 
4 199 226 (-5120 1024 -128 ) (-5120 1024 -48 ) (-5120 2048 -48 ) (-5120 2048 -128 ) 
4 199 223 (-5120 1024 -48 ) (-5120 1024 -40 ) (-5120 2048 -40 ) (-5120 2048 -48 ) 
4 199 222 (-5120 1024 -40 ) (-5120 1024 1920 ) (-5120 2048 1920 ) (-5120 2048 -40 ) 
4 199 209 (-5120 1024 -48 ) (-5120 1024 -128 ) (-4096 1024 -128 ) (-4096 1024 -48 ) 
4 199 206 (-5120 1024 -40 ) (-5120 1024 -48 ) (-4096 1024 -48 ) (-4096 1024 -40 ) 
4 199 205 (-5120 1024 1920 ) (-5120 1024 -40 ) (-4096 1024 -40 ) (-4096 1024 1920 ) 
4 200 264 (-3072 0 -40 ) (-3072 0 128 ) (-4096 0 128 ) (-4096 0 -40 ) 
4 200 263 (-3072 0 128 ) (-3072 0 1920 ) (-4096 0 1920 ) (-4096 0 128 ) 
4 200 205 (-4096 1024 1920 ) (-4096 1024 -40 ) (-4096 0 -40 ) (-4096 0 1920 ) 
4 200 202 (-4096 128 -40 ) (-4096 448 -40 ) (-3072 448 -40 ) (-3072 128 -40 ) 
4 200 201 (-4096 448 -40 ) (-4096 1024 -40 ) (-3072 1024 -40 ) (-3072 448 -40 ) 
4 200 203 (-3072 0 -40 ) (-4096 0 -40 ) (-4096 128 -40 ) (-3072 128 -40 ) 
4 201 206 (-4096 1024 -40 ) (-4096 1024 -48 ) (-4096 448 -48 ) (-4096 448 -40 ) 
4 201 204 (-4096 448 -48 ) (-4096 1024 -48 ) (-3072 1024 -48 ) (-3072 448 -48 ) 
4 201 202 (-4096 448 -48 ) (-3072 448 -48 ) (-3072 448 -40 ) (-4096 448 -40 ) 
4 202 207 (-4096 448 -48 ) (-4096 128 -48 ) (-4096 128 -40 ) (-4096 448 -40 ) 
4 202 204 (-4096 128 -48 ) (-4096 448 -48 ) (-3072 448 -48 ) (-3072 128 -48 ) 
4 202 203 (-4096 128 -48 ) (-3072 128 -48 ) (-3072 128 -40 ) (-4096 128 -40 ) 
4 203 264 (-3072 0 -48 ) (-3072 0 -40 ) (-4096 0 -40 ) (-4096 0 -48 ) 
4 203 208 (-4096 128 -48 ) (-4096 0 -48 ) (-4096 0 -40 ) (-4096 128 -40 ) 
4 203 204 (-4096 0 -48 ) (-4096 128 -48 ) (-3072 128 -48 ) (-3072 0 -48 ) 
4 204 264 (-3072 0 -128 ) (-3072 0 -48 ) (-4096 0 -48 ) (-4096 0 -128 ) 
4 204 209 (-4096 1024 -48 ) (-4096 1024 -128 ) (-4096 0 -128 ) (-4096 0 -48 ) 
4 205 266 (-4096 0 -40 ) (-4096 0 128 ) (-5120 0 128 ) (-5120 0 -40 ) 
4 205 265 (-4096 0 128 ) (-4096 0 1920 ) (-5120 0 1920 ) (-5120 0 128 ) 
4 205 228 (-5120 0 -40 ) (-5120 0 1920 ) (-5120 1024 1920 ) (-5120 1024 -40 ) 
4 205 207 (-5120 128 -40 ) (-5120 448 -40 ) (-4096 448 -40 ) (-4096 128 -40 ) 
4 205 206 (-5120 448 -40 ) (-5120 1024 -40 ) (-4096 1024 -40 ) (-4096 448 -40 ) 
4 205 208 (-5120 0 -40 ) (-5120 128 -40 ) (-4096 128 -40 ) (-4096 0 -40 ) 
4 206 229 (-5120 448 -40 ) (-5120 1024 -40 ) (-5120 1024 -48 ) (-5120 448 -48 ) 
4 206 209 (-5120 448 -48 ) (-5120 1024 -48 ) (-4096 1024 -48 ) (-4096 448 -48 ) 
4 206 207 (-5120 448 -48 ) (-4096 448 -48 ) (-4096 448 -40 ) (-5120 448 -40 ) 
4 207 232 (-5120 128 -40 ) (-5120 448 -40 ) (-5120 448 -48 ) (-5120 128 -48 ) 
4 207 209 (-5120 128 -48 ) (-5120 448 -48 ) (-4096 448 -48 ) (-4096 128 -48 ) 
4 207 208 (-5120 128 -48 ) (-4096 128 -48 ) (-4096 128 -40 ) (-5120 128 -40 ) 
4 208 266 (-4096 0 -48 ) (-4096 0 -40 ) (-5120 0 -40 ) (-5120 0 -48 ) 
4 208 233 (-5120 0 -48 ) (-5120 0 -40 ) (-5120 128 -40 ) (-5120 128 -48 ) 
4 208 209 (-4096 0 -48 ) (-5120 0 -48 ) (-5120 128 -48 ) (-4096 128 -48 ) 
4 209 266 (-4096 0 -128 ) (-4096 0 -48 ) (-5120 0 -48 ) (-5120 0 -128 ) 
4 209 234 (-5120 0 -128 ) (-5120 0 -48 ) (-5120 1024 -48 ) (-5120 1024 -128 ) 
4 210 216 (-5120 3072 -40 ) (-5120 3072 1920 ) (-6144 3072 1920 ) (-6144 3072 -40 ) 
4 210 215 (-6144 3072 -40 ) (-6144 3072 1920 ) (-6144 4096 1920 ) (-6144 4096 -40 ) 
4 210 212 (-5536 4096 -40 ) (-5216 4096 -40 ) (-5216 3072 -40 ) (-5536 3072 -40 ) 
4 210 211 (-5216 4096 -40 ) (-5120 4096 -40 ) (-5120 3072 -40 ) (-5216 3072 -40 ) 
4 210 213 (-6144 4096 -40 ) (-5536 4096 -40 ) (-5536 3072 -40 ) (-6144 3072 -40 ) 
4 211 217 (-5120 3072 -48 ) (-5120 3072 -40 ) (-5216 3072 -40 ) (-5216 3072 -48 ) 
4 211 214 (-5120 3072 -48 ) (-5216 3072 -48 ) (-5216 4096 -48 ) (-5120 4096 -48 ) 
4 211 212 (-5216 4096 -48 ) (-5216 3072 -48 ) (-5216 3072 -40 ) (-5216 4096 -40 ) 
4 212 218 (-5216 3072 -40 ) (-5536 3072 -40 ) (-5536 3072 -48 ) (-5216 3072 -48 ) 
4 212 214 (-5216 3072 -48 ) (-5536 3072 -48 ) (-5536 4096 -48 ) (-5216 4096 -48 ) 
4 212 213 (-5536 4096 -48 ) (-5536 3072 -48 ) (-5536 3072 -40 ) (-5536 4096 -40 ) 
4 213 219 (-5536 3072 -40 ) (-6144 3072 -40 ) (-6144 3072 -48 ) (-5536 3072 -48 ) 
4 213 215 (-6144 3072 -48 ) (-6144 3072 -40 ) (-6144 4096 -40 ) (-6144 4096 -48 ) 
4 213 214 (-5536 3072 -48 ) (-6144 3072 -48 ) (-6144 4096 -48 ) (-5536 4096 -48 ) 
4 214 220 (-5120 3072 -128 ) (-5120 3072 -48 ) (-6144 3072 -48 ) (-6144 3072 -128 ) 
4 214 215 (-6144 3072 -128 ) (-6144 3072 -48 ) (-6144 4096 -48 ) (-6144 4096 -128 ) 
4 215 221 (-6144 3072 -128 ) (-6144 3072 1920 ) (-7168 3072 1920 ) (-7168 3072 -128 ) 
4 216 222 (-5120 2048 -40 ) (-5120 2048 1920 ) (-6144 2048 1920 ) (-6144 2048 -40 ) 
4 216 221 (-6144 3072 1920 ) (-6144 3072 -40 ) (-6144 2048 -40 ) (-6144 2048 1920 ) 
4 216 218 (-5216 2048 -40 ) (-5536 2048 -40 ) (-5536 3072 -40 ) (-5216 3072 -40 ) 
4 216 217 (-5120 2048 -40 ) (-5216 2048 -40 ) (-5216 3072 -40 ) (-5120 3072 -40 ) 
4 216 219 (-5536 2048 -40 ) (-6144 2048 -40 ) (-6144 3072 -40 ) (-5536 3072 -40 ) 
4 217 223 (-5120 2048 -48 ) (-5120 2048 -40 ) (-5216 2048 -40 ) (-5216 2048 -48 ) 
4 217 220 (-5216 3072 -48 ) (-5120 3072 -48 ) (-5120 2048 -48 ) (-5216 2048 -48 ) 
4 217 218 (-5216 3072 -48 ) (-5216 2048 -48 ) (-5216 2048 -40 ) (-5216 3072 -40 ) 
4 218 224 (-5216 2048 -40 ) (-5536 2048 -40 ) (-5536 2048 -48 ) (-5216 2048 -48 ) 
4 218 220 (-5536 3072 -48 ) (-5216 3072 -48 ) (-5216 2048 -48 ) (-5536 2048 -48 ) 
4 218 219 (-5536 3072 -48 ) (-5536 2048 -48 ) (-5536 2048 -40 ) (-5536 3072 -40 ) 
4 219 225 (-5536 2048 -40 ) (-6144 2048 -40 ) (-6144 2048 -48 ) (-5536 2048 -48 ) 
4 219 221 (-6144 3072 -40 ) (-6144 3072 -48 ) (-6144 2048 -48 ) (-6144 2048 -40 ) 
4 219 220 (-6144 2048 -48 ) (-6144 3072 -48 ) (-5536 3072 -48 ) (-5536 2048 -48 ) 
4 220 226 (-5120 2048 -128 ) (-5120 2048 -48 ) (-6144 2048 -48 ) (-6144 2048 -128 ) 
4 220 221 (-6144 3072 -48 ) (-6144 3072 -128 ) (-6144 2048 -128 ) (-6144 2048 -48 ) 
4 221 227 (-6144 2048 -128 ) (-6144 2048 1920 ) (-7168 2048 1920 ) (-7168 2048 -128 ) 
4 222 228 (-5120 1024 -40 ) (-5120 1024 1920 ) (-6144 1024 1920 ) (-6144 1024 -40 ) 
4 222 227 (-6144 1024 -40 ) (-6144 1024 1920 ) (-6144 2048 1920 ) (-6144 2048 -40 ) 
4 222 224 (-5216 1024 -40 ) (-5536 1024 -40 ) (-5536 2048 -40 ) (-5216 2048 -40 ) 
4 222 223 (-5120 1024 -40 ) (-5216 1024 -40 ) (-5216 2048 -40 ) (-5120 2048 -40 ) 
4 222 225 (-5536 1024 -40 ) (-6144 1024 -40 ) (-6144 2048 -40 ) (-5536 2048 -40 ) 
4 223 229 (-5120 1024 -48 ) (-5120 1024 -40 ) (-5216 1024 -40 ) (-5216 1024 -48 ) 
4 223 226 (-5216 2048 -48 ) (-5120 2048 -48 ) (-5120 1024 -48 ) (-5216 1024 -48 ) 
4 223 224 (-5216 2048 -48 ) (-5216 1024 -48 ) (-5216 1024 -40 ) (-5216 2048 -40 ) 
4 224 230 (-5216 1024 -40 ) (-5536 1024 -40 ) (-5536 1024 -48 ) (-5216 1024 -48 ) 
4 224 226 (-5536 2048 -48 ) (-5216 2048 -48 ) (-5216 1024 -48 ) (-5536 1024 -48 ) 
4 224 225 (-5536 2048 -48 ) (-5536 1024 -48 ) (-5536 1024 -40 ) (-5536 2048 -40 ) 
4 225 231 (-5536 1024 -40 ) (-6144 1024 -40 ) (-6144 1024 -48 ) (-5536 1024 -48 ) 
4 225 227 (-6144 1024 -48 ) (-6144 1024 -40 ) (-6144 2048 -40 ) (-6144 2048 -48 ) 
4 225 226 (-6144 1024 -48 ) (-6144 2048 -48 ) (-5536 2048 -48 ) (-5536 1024 -48 ) 
4 226 234 (-5120 1024 -128 ) (-5120 1024 -48 ) (-6144 1024 -48 ) (-6144 1024 -128 ) 
4 226 227 (-6144 1024 -128 ) (-6144 1024 -48 ) (-6144 2048 -48 ) (-6144 2048 -128 ) 
4 227 239 (-7168 1024 -48 ) (-7168 1024 -128 ) (-6144 1024 -128 ) (-6144 1024 -48 ) 
4 227 236 (-7168 1024 -40 ) (-7168 1024 -48 ) (-6144 1024 -48 ) (-6144 1024 -40 ) 
4 227 235 (-7168 1024 1920 ) (-7168 1024 -40 ) (-6144 1024 -40 ) (-6144 1024 1920 ) 
4 228 291 (-5120 0 -40 ) (-5120 0 128 ) (-6144 0 128 ) (-6144 0 -40 ) 
4 228 290 (-5120 0 128 ) (-5120 0 1920 ) (-6144 0 1920 ) (-6144 0 128 ) 
4 228 235 (-6144 1024 1920 ) (-6144 1024 -40 ) (-6144 0 -40 ) (-6144 0 1920 ) 
4 228 233 (-5120 0 -40 ) (-6144 0 -40 ) (-6144 128 -40 ) (-5120 128 -40 ) 
4 228 232 (-6144 128 -40 ) (-6144 448 -40 ) (-5120 448 -40 ) (-5120 128 -40 ) 
4 228 230 (-5536 1024 -40 ) (-5216 1024 -40 ) (-5216 448 -40 ) (-5536 448 -40 ) 
4 228 229 (-5216 1024 -40 ) (-5120 1024 -40 ) (-5120 448 -40 ) (-5216 448 -40 ) 
4 228 231 (-6144 448 -40 ) (-6144 1024 -40 ) (-5536 1024 -40 ) (-5536 448 -40 ) 
4 229 234 (-5216 1024 -48 ) (-5120 1024 -48 ) (-5120 448 -48 ) (-5216 448 -48 ) 
4 229 232 (-5216 448 -48 ) (-5120 448 -48 ) (-5120 448 -40 ) (-5216 448 -40 ) 
4 229 230 (-5216 1024 -48 ) (-5216 448 -48 ) (-5216 448 -40 ) (-5216 1024 -40 ) 
4 230 234 (-5536 1024 -48 ) (-5216 1024 -48 ) (-5216 448 -48 ) (-5536 448 -48 ) 
4 230 232 (-5536 448 -48 ) (-5216 448 -48 ) (-5216 448 -40 ) (-5536 448 -40 ) 
4 230 231 (-5536 1024 -48 ) (-5536 448 -48 ) (-5536 448 -40 ) (-5536 1024 -40 ) 
4 231 236 (-6144 1024 -40 ) (-6144 1024 -48 ) (-6144 448 -48 ) (-6144 448 -40 ) 
4 231 234 (-6144 448 -48 ) (-6144 1024 -48 ) (-5536 1024 -48 ) (-5536 448 -48 ) 
4 231 232 (-6144 448 -48 ) (-5536 448 -48 ) (-5536 448 -40 ) (-6144 448 -40 ) 
4 232 237 (-6144 448 -48 ) (-6144 128 -48 ) (-6144 128 -40 ) (-6144 448 -40 ) 
4 232 234 (-6144 128 -48 ) (-6144 448 -48 ) (-5120 448 -48 ) (-5120 128 -48 ) 
4 232 233 (-6144 128 -48 ) (-5120 128 -48 ) (-5120 128 -40 ) (-6144 128 -40 ) 
4 233 291 (-5120 0 -48 ) (-5120 0 -40 ) (-6144 0 -40 ) (-6144 0 -48 ) 
4 233 238 (-6144 128 -48 ) (-6144 0 -48 ) (-6144 0 -40 ) (-6144 128 -40 ) 
4 233 234 (-6144 0 -48 ) (-6144 128 -48 ) (-5120 128 -48 ) (-5120 0 -48 ) 
4 234 291 (-5120 0 -128 ) (-5120 0 -48 ) (-6144 0 -48 ) (-6144 0 -128 ) 
4 234 239 (-6144 1024 -48 ) (-6144 1024 -128 ) (-6144 0 -128 ) (-6144 0 -48 ) 
4 235 293 (-6144 0 -40 ) (-6144 0 128 ) (-7168 0 128 ) (-7168 0 -40 ) 
4 235 292 (-6144 0 128 ) (-6144 0 1920 ) (-7168 0 1920 ) (-7168 0 128 ) 
4 235 237 (-7168 128 -40 ) (-7168 448 -40 ) (-6144 448 -40 ) (-6144 128 -40 ) 
4 235 236 (-7168 448 -40 ) (-7168 1024 -40 ) (-6144 1024 -40 ) (-6144 448 -40 ) 
4 235 238 (-7168 0 -40 ) (-7168 128 -40 ) (-6144 128 -40 ) (-6144 0 -40 ) 
4 236 239 (-7168 448 -48 ) (-7168 1024 -48 ) (-6144 1024 -48 ) (-6144 448 -48 ) 
4 236 237 (-7168 448 -48 ) (-6144 448 -48 ) (-6144 448 -40 ) (-7168 448 -40 ) 
4 237 239 (-7168 128 -48 ) (-7168 448 -48 ) (-6144 448 -48 ) (-6144 128 -48 ) 
4 237 238 (-7168 128 -48 ) (-6144 128 -48 ) (-6144 128 -40 ) (-7168 128 -40 ) 
4 238 293 (-6144 0 -48 ) (-6144 0 -40 ) (-7168 0 -40 ) (-7168 0 -48 ) 
4 238 239 (-6144 0 -48 ) (-7168 0 -48 ) (-7168 128 -48 ) (-6144 128 -48 ) 
4 239 293 (-6144 0 -128 ) (-6144 0 -48 ) (-7168 0 -48 ) (-7168 0 -128 ) 
4 240 244 (-1024 -1024 128 ) (-1024 -1024 1920 ) (-2048 -1024 1920 ) (-2048 -1024 128 ) 
4 240 242 (-2048 0 1920 ) (-2048 0 128 ) (-2048 -1024 128 ) (-2048 -1024 1920 ) 
4 240 241 (-2048 -640 128 ) (-2048 0 128 ) (-1024 0 128 ) (-1024 -640 128 ) 
4 241 243 (-2048 0 128 ) (-2048 0 -128 ) (-2048 -640 -128 ) (-2048 -640 128 ) 
4 242 263 (-3072 0 1920 ) (-3072 0 128 ) (-3072 -1024 128 ) (-3072 -1024 1920 ) 
4 242 248 (-2048 -1024 128 ) (-2048 -1024 1920 ) (-3072 -1024 1920 ) (-3072 -1024 128 ) 
4 242 243 (-3072 -640 128 ) (-3072 0 128 ) (-2048 0 128 ) (-2048 -640 128 ) 
4 243 264 (-3072 0 128 ) (-3072 0 -128 ) (-3072 -640 -128 ) (-3072 -640 128 ) 
4 244 248 (-2048 -1216 1920 ) (-2048 -1024 1920 ) (-2048 -1024 128 ) (-2048 -1216 128 ) 
4 244 245 (-1024 -1216 256 ) (-1024 -1216 1920 ) (-2048 -1216 1920 ) (-2048 -1216 256 ) 
4 245 249 (-2048 -1344 1920 ) (-2048 -1216 1920 ) (-2048 -1216 256 ) (-2048 -1344 256 ) 
4 245 246 (-1024 -1344 256 ) (-1024 -1344 1920 ) (-2048 -1344 1920 ) (-2048 -1344 256 ) 
4 246 252 (-1024 -2048 128 ) (-1024 -2048 1920 ) (-2048 -2048 1920 ) (-2048 -2048 128 ) 
4 246 250 (-2048 -2048 128 ) (-2048 -2048 1920 ) (-2048 -1344 1920 ) (-2048 -1344 128 ) 
4 246 247 (-1024 -2048 128 ) (-2048 -2048 128 ) (-2048 -1536 128 ) (-1024 -1536 128 ) 
4 247 257 (-1024 -2048 -128 ) (-1024 -2048 -48 ) (-2048 -2048 -48 ) (-2048 -2048 -128 ) 
4 247 254 (-1536 -2048 -40 ) (-2048 -2048 -40 ) (-2048 -2048 -48 ) (-1536 -2048 -48 ) 
4 247 253 (-1024 -2048 -48 ) (-1024 -2048 -40 ) (-1536 -2048 -40 ) (-1536 -2048 -48 ) 
4 247 252 (-1024 -2048 -40 ) (-1024 -2048 128 ) (-2048 -2048 128 ) (-2048 -2048 -40 ) 
4 247 251 (-2048 -2048 -128 ) (-2048 -2048 128 ) (-2048 -1536 128 ) (-2048 -1536 -128 ) 
4 248 267 (-3072 -1216 1920 ) (-3072 -1024 1920 ) (-3072 -1024 128 ) (-3072 -1216 128 ) 
4 248 249 (-2048 -1216 256 ) (-2048 -1216 1920 ) (-3072 -1216 1920 ) (-3072 -1216 256 ) 
4 249 268 (-3072 -1344 1920 ) (-3072 -1216 1920 ) (-3072 -1216 256 ) (-3072 -1344 256 ) 
4 249 250 (-2048 -1344 256 ) (-2048 -1344 1920 ) (-3072 -1344 1920 ) (-3072 -1344 256 ) 
4 250 269 (-3072 -2048 128 ) (-3072 -2048 1920 ) (-3072 -1344 1920 ) (-3072 -1344 128 ) 
4 250 258 (-3072 -2048 1920 ) (-3072 -2048 128 ) (-2048 -2048 128 ) (-2048 -2048 1920 ) 
4 250 251 (-2048 -1536 128 ) (-2048 -2048 128 ) (-3072 -2048 128 ) (-3072 -1536 128 ) 
4 251 271 (-3072 -2048 -128 ) (-3072 -2048 128 ) (-3072 -1536 128 ) (-3072 -1536 -128 ) 
4 251 262 (-3072 -2048 -48 ) (-3072 -2048 -128 ) (-2048 -2048 -128 ) (-2048 -2048 -48 ) 
4 251 259 (-3072 -2048 -40 ) (-3072 -2048 -48 ) (-2048 -2048 -48 ) (-2048 -2048 -40 ) 
4 251 258 (-3072 -2048 128 ) (-3072 -2048 -40 ) (-2048 -2048 -40 ) (-2048 -2048 128 ) 
4 252 286 (-1024 -3072 -40 ) (-1024 -3072 1920 ) (-2048 -3072 1920 ) (-2048 -3072 -40 ) 
4 252 258 (-2048 -2048 1920 ) (-2048 -2048 -40 ) (-2048 -3072 -40 ) (-2048 -3072 1920 ) 
4 252 255 (-1536 -2144 -40 ) (-1536 -2464 -40 ) (-2048 -2464 -40 ) (-2048 -2144 -40 ) 
4 252 254 (-2048 -2048 -40 ) (-1536 -2048 -40 ) (-1536 -2144 -40 ) (-2048 -2144 -40 ) 
4 252 256 (-1536 -2464 -40 ) (-1536 -3072 -40 ) (-2048 -3072 -40 ) (-2048 -2464 -40 ) 
4 252 253 (-1536 -2048 -40 ) (-1024 -2048 -40 ) (-1024 -3072 -40 ) (-1536 -3072 -40 ) 
4 253 286 (-1024 -3072 -48 ) (-1024 -3072 -40 ) (-1536 -3072 -40 ) (-1536 -3072 -48 ) 
4 253 257 (-1024 -3072 -48 ) (-1536 -3072 -48 ) (-1536 -2048 -48 ) (-1024 -2048 -48 ) 
4 253 255 (-1536 -2144 -48 ) (-1536 -2464 -48 ) (-1536 -2464 -40 ) (-1536 -2144 -40 ) 
4 253 254 (-1536 -2048 -48 ) (-1536 -2144 -48 ) (-1536 -2144 -40 ) (-1536 -2048 -40 ) 
4 253 256 (-1536 -2464 -48 ) (-1536 -3072 -48 ) (-1536 -3072 -40 ) (-1536 -2464 -40 ) 
4 254 259 (-2048 -2048 -40 ) (-2048 -2048 -48 ) (-2048 -2144 -48 ) (-2048 -2144 -40 ) 
4 254 257 (-2048 -2144 -48 ) (-2048 -2048 -48 ) (-1536 -2048 -48 ) (-1536 -2144 -48 ) 
4 254 255 (-2048 -2144 -48 ) (-1536 -2144 -48 ) (-1536 -2144 -40 ) (-2048 -2144 -40 ) 
4 255 260 (-2048 -2144 -48 ) (-2048 -2464 -48 ) (-2048 -2464 -40 ) (-2048 -2144 -40 ) 
4 255 257 (-2048 -2464 -48 ) (-2048 -2144 -48 ) (-1536 -2144 -48 ) (-1536 -2464 -48 ) 
4 255 256 (-2048 -2464 -48 ) (-1536 -2464 -48 ) (-1536 -2464 -40 ) (-2048 -2464 -40 ) 
4 256 286 (-1536 -3072 -40 ) (-2048 -3072 -40 ) (-2048 -3072 -48 ) (-1536 -3072 -48 ) 
4 256 261 (-2048 -2464 -48 ) (-2048 -3072 -48 ) (-2048 -3072 -40 ) (-2048 -2464 -40 ) 
4 256 257 (-1536 -3072 -48 ) (-2048 -3072 -48 ) (-2048 -2464 -48 ) (-1536 -2464 -48 ) 
4 257 286 (-1024 -3072 -128 ) (-1024 -3072 -48 ) (-2048 -3072 -48 ) (-2048 -3072 -128 ) 
4 257 262 (-2048 -2048 -48 ) (-2048 -2048 -128 ) (-2048 -3072 -128 ) (-2048 -3072 -48 ) 
4 258 287 (-2048 -3072 -40 ) (-2048 -3072 1920 ) (-3072 -3072 1920 ) (-3072 -3072 -40 ) 
4 258 276 (-3072 -3072 -40 ) (-3072 -3072 1920 ) (-3072 -2048 1920 ) (-3072 -2048 -40 ) 
4 258 260 (-3072 -2464 -40 ) (-3072 -2144 -40 ) (-2048 -2144 -40 ) (-2048 -2464 -40 ) 
4 258 259 (-3072 -2144 -40 ) (-3072 -2048 -40 ) (-2048 -2048 -40 ) (-2048 -2144 -40 ) 
4 258 261 (-3072 -3072 -40 ) (-3072 -2464 -40 ) (-2048 -2464 -40 ) (-2048 -3072 -40 ) 
4 259 277 (-3072 -2144 -40 ) (-3072 -2048 -40 ) (-3072 -2048 -48 ) (-3072 -2144 -48 ) 
4 259 262 (-3072 -2144 -48 ) (-3072 -2048 -48 ) (-2048 -2048 -48 ) (-2048 -2144 -48 ) 
4 259 260 (-3072 -2144 -48 ) (-2048 -2144 -48 ) (-2048 -2144 -40 ) (-3072 -2144 -40 ) 
4 260 278 (-3072 -2464 -40 ) (-3072 -2144 -40 ) (-3072 -2144 -48 ) (-3072 -2464 -48 ) 
4 260 262 (-3072 -2464 -48 ) (-3072 -2144 -48 ) (-2048 -2144 -48 ) (-2048 -2464 -48 ) 
4 260 261 (-3072 -2464 -48 ) (-2048 -2464 -48 ) (-2048 -2464 -40 ) (-3072 -2464 -40 ) 
4 261 287 (-2048 -3072 -48 ) (-2048 -3072 -40 ) (-3072 -3072 -40 ) (-3072 -3072 -48 ) 
4 261 279 (-3072 -3072 -48 ) (-3072 -3072 -40 ) (-3072 -2464 -40 ) (-3072 -2464 -48 ) 
4 261 262 (-2048 -3072 -48 ) (-3072 -3072 -48 ) (-3072 -2464 -48 ) (-2048 -2464 -48 ) 
4 262 287 (-2048 -3072 -128 ) (-2048 -3072 -48 ) (-3072 -3072 -48 ) (-3072 -3072 -128 ) 
4 262 280 (-3072 -3072 -128 ) (-3072 -3072 -48 ) (-3072 -2048 -48 ) (-3072 -2048 -128 ) 
4 263 267 (-3072 -1024 128 ) (-3072 -1024 1920 ) (-3584 -1024 1920 ) (-3584 -1024 128 ) 
4 263 270 (-3584 -1024 1920 ) (-4096 -1024 1920 ) (-4096 -1024 128 ) (-3584 -1024 128 ) 
4 263 265 (-4096 0 1920 ) (-4096 0 128 ) (-4096 -1024 128 ) (-4096 -1024 1920 ) 
4 263 264 (-4096 -640 128 ) (-4096 0 128 ) (-3072 0 128 ) (-3072 -640 128 ) 
4 264 266 (-4096 0 128 ) (-4096 0 -128 ) (-4096 -640 -128 ) (-4096 -640 128 ) 
4 265 290 (-5120 0 1920 ) (-5120 0 128 ) (-5120 -1024 128 ) (-5120 -1024 1920 ) 
4 265 273 (-4096 -1024 128 ) (-4096 -1024 256 ) (-5120 -1024 256 ) (-5120 -1024 128 ) 
4 265 272 (-4096 -1024 256 ) (-4096 -1024 1920 ) (-5120 -1024 1920 ) (-5120 -1024 256 ) 
4 265 266 (-5120 -640 128 ) (-5120 0 128 ) (-4096 0 128 ) (-4096 -640 128 ) 
4 266 291 (-5120 0 128 ) (-5120 0 -128 ) (-5120 -640 -128 ) (-5120 -640 128 ) 
4 267 268 (-3584 -1216 1920 ) (-3584 -1216 256 ) (-3072 -1216 256 ) (-3072 -1216 1920 ) 
4 267 270 (-3584 -1024 128 ) (-3584 -1216 128 ) (-3584 -1216 1920 ) (-3584 -1024 1920 ) 
4 268 270 (-3584 -1344 256 ) (-3584 -1344 1920 ) (-3584 -1216 1920 ) (-3584 -1216 256 ) 
4 268 269 (-3584 -1344 1920 ) (-3584 -1344 256 ) (-3072 -1344 256 ) (-3072 -1344 1920 ) 
4 269 276 (-3072 -2048 128 ) (-3072 -2048 1920 ) (-3584 -2048 1920 ) (-3584 -2048 128 ) 
4 269 271 (-3072 -2048 128 ) (-3584 -2048 128 ) (-3584 -1536 128 ) (-3072 -1536 128 ) 
4 269 270 (-3584 -1344 128 ) (-3584 -2048 128 ) (-3584 -2048 1920 ) (-3584 -1344 1920 ) 
4 270 276 (-3584 -2048 1920 ) (-4096 -2048 1920 ) (-4096 -2048 128 ) (-3584 -2048 128 ) 
4 270 273 (-4096 -1216 256 ) (-4096 -1024 256 ) (-4096 -1024 128 ) (-4096 -1216 128 ) 
4 270 274 (-4096 -2048 128 ) (-4096 -2048 256 ) (-4096 -1344 256 ) (-4096 -1344 128 ) 
4 270 272 (-4096 -2048 256 ) (-4096 -2048 1920 ) (-4096 -1024 1920 ) (-4096 -1024 256 ) 
4 270 271 (-3584 -2048 128 ) (-4096 -2048 128 ) (-4096 -1536 128 ) (-3584 -1536 128 ) 
4 271 280 (-3072 -2048 -128 ) (-3072 -2048 -48 ) (-4096 -2048 -48 ) (-4096 -2048 -128 ) 
4 271 277 (-3072 -2048 -48 ) (-3072 -2048 -40 ) (-4096 -2048 -40 ) (-4096 -2048 -48 ) 
4 271 276 (-3072 -2048 -40 ) (-3072 -2048 128 ) (-4096 -2048 128 ) (-4096 -2048 -40 ) 
4 271 275 (-4096 -2048 -128 ) (-4096 -2048 128 ) (-4096 -1536 128 ) (-4096 -1536 -128 ) 
4 272 294 (-5120 -2048 256 ) (-5120 -2048 1920 ) (-5120 -1024 1920 ) (-5120 -1024 256 ) 
4 272 281 (-5120 -2048 1920 ) (-5120 -2048 256 ) (-4096 -2048 256 ) (-4096 -2048 1920 ) 
4 272 273 (-5120 -1216 256 ) (-5120 -1024 256 ) (-4096 -1024 256 ) (-4096 -1216 256 ) 
4 272 274 (-4096 -2048 256 ) (-5120 -2048 256 ) (-5120 -1344 256 ) (-4096 -1344 256 ) 
4 273 295 (-5120 -1216 256 ) (-5120 -1024 256 ) (-5120 -1024 128 ) (-5120 -1216 128 ) 
4 274 296 (-5120 -2048 128 ) (-5120 -2048 256 ) (-5120 -1344 256 ) (-5120 -1344 128 ) 
4 274 281 (-5120 -2048 256 ) (-5120 -2048 128 ) (-4096 -2048 128 ) (-4096 -2048 256 ) 
4 274 275 (-4096 -1536 128 ) (-4096 -2048 128 ) (-5120 -2048 128 ) (-5120 -1536 128 ) 
4 275 297 (-5120 -2048 -128 ) (-5120 -2048 128 ) (-5120 -1536 128 ) (-5120 -1536 -128 ) 
4 275 285 (-5120 -2048 -48 ) (-5120 -2048 -128 ) (-4096 -2048 -128 ) (-4096 -2048 -48 ) 
4 275 282 (-5120 -2048 -40 ) (-5120 -2048 -48 ) (-4096 -2048 -48 ) (-4096 -2048 -40 ) 
4 275 281 (-5120 -2048 128 ) (-5120 -2048 -40 ) (-4096 -2048 -40 ) (-4096 -2048 128 ) 
4 276 288 (-3072 -3072 -40 ) (-3072 -3072 1920 ) (-4096 -3072 1920 ) (-4096 -3072 -40 ) 
4 276 281 (-4096 -2048 1920 ) (-4096 -2048 -40 ) (-4096 -3072 -40 ) (-4096 -3072 1920 ) 
4 276 278 (-4096 -2464 -40 ) (-4096 -2144 -40 ) (-3072 -2144 -40 ) (-3072 -2464 -40 ) 
4 276 277 (-4096 -2144 -40 ) (-4096 -2048 -40 ) (-3072 -2048 -40 ) (-3072 -2144 -40 ) 
4 276 279 (-3072 -3072 -40 ) (-4096 -3072 -40 ) (-4096 -2464 -40 ) (-3072 -2464 -40 ) 
4 277 282 (-4096 -2048 -40 ) (-4096 -2048 -48 ) (-4096 -2144 -48 ) (-4096 -2144 -40 ) 
4 277 280 (-4096 -2144 -48 ) (-4096 -2048 -48 ) (-3072 -2048 -48 ) (-3072 -2144 -48 ) 
4 277 278 (-4096 -2144 -48 ) (-3072 -2144 -48 ) (-3072 -2144 -40 ) (-4096 -2144 -40 ) 
4 278 283 (-4096 -2144 -48 ) (-4096 -2464 -48 ) (-4096 -2464 -40 ) (-4096 -2144 -40 ) 
4 278 280 (-4096 -2464 -48 ) (-4096 -2144 -48 ) (-3072 -2144 -48 ) (-3072 -2464 -48 ) 
4 278 279 (-4096 -2464 -48 ) (-3072 -2464 -48 ) (-3072 -2464 -40 ) (-4096 -2464 -40 ) 
4 279 288 (-3072 -3072 -48 ) (-3072 -3072 -40 ) (-4096 -3072 -40 ) (-4096 -3072 -48 ) 
4 279 284 (-4096 -2464 -48 ) (-4096 -3072 -48 ) (-4096 -3072 -40 ) (-4096 -2464 -40 ) 
4 279 280 (-4096 -3072 -48 ) (-4096 -2464 -48 ) (-3072 -2464 -48 ) (-3072 -3072 -48 ) 
4 280 288 (-3072 -3072 -128 ) (-3072 -3072 -48 ) (-4096 -3072 -48 ) (-4096 -3072 -128 ) 
4 280 285 (-4096 -2048 -48 ) (-4096 -2048 -128 ) (-4096 -3072 -128 ) (-4096 -3072 -48 ) 
4 281 302 (-5120 -3072 -40 ) (-5120 -3072 1920 ) (-5120 -2048 1920 ) (-5120 -2048 -40 ) 
4 281 289 (-4096 -3072 -40 ) (-4096 -3072 1920 ) (-5120 -3072 1920 ) (-5120 -3072 -40 ) 
4 281 283 (-5120 -2464 -40 ) (-5120 -2144 -40 ) (-4096 -2144 -40 ) (-4096 -2464 -40 ) 
4 281 282 (-5120 -2144 -40 ) (-5120 -2048 -40 ) (-4096 -2048 -40 ) (-4096 -2144 -40 ) 
4 281 284 (-5120 -3072 -40 ) (-5120 -2464 -40 ) (-4096 -2464 -40 ) (-4096 -3072 -40 ) 
4 282 303 (-5120 -2144 -40 ) (-5120 -2048 -40 ) (-5120 -2048 -48 ) (-5120 -2144 -48 ) 
4 282 285 (-5120 -2144 -48 ) (-5120 -2048 -48 ) (-4096 -2048 -48 ) (-4096 -2144 -48 ) 
4 282 283 (-5120 -2144 -48 ) (-4096 -2144 -48 ) (-4096 -2144 -40 ) (-5120 -2144 -40 ) 
4 283 304 (-5120 -2464 -40 ) (-5120 -2144 -40 ) (-5120 -2144 -48 ) (-5120 -2464 -48 ) 
4 283 285 (-5120 -2464 -48 ) (-5120 -2144 -48 ) (-4096 -2144 -48 ) (-4096 -2464 -48 ) 
4 283 284 (-5120 -2464 -48 ) (-4096 -2464 -48 ) (-4096 -2464 -40 ) (-5120 -2464 -40 ) 
4 284 305 (-5120 -3072 -48 ) (-5120 -3072 -40 ) (-5120 -2464 -40 ) (-5120 -2464 -48 ) 
4 284 289 (-4096 -3072 -48 ) (-4096 -3072 -40 ) (-5120 -3072 -40 ) (-5120 -3072 -48 ) 
4 284 285 (-4096 -3072 -48 ) (-5120 -3072 -48 ) (-5120 -2464 -48 ) (-4096 -2464 -48 ) 
4 285 306 (-5120 -3072 -128 ) (-5120 -3072 -48 ) (-5120 -2048 -48 ) (-5120 -2048 -128 ) 
4 285 289 (-4096 -3072 -128 ) (-4096 -3072 -48 ) (-5120 -3072 -48 ) (-5120 -3072 -128 ) 
4 286 287 (-2048 -3072 1920 ) (-2048 -3072 -128 ) (-2048 -4096 -128 ) (-2048 -4096 1920 ) 
4 287 288 (-3072 -3072 1920 ) (-3072 -3072 -128 ) (-3072 -4096 -128 ) (-3072 -4096 1920 ) 
4 288 289 (-4096 -3072 1920 ) (-4096 -3072 -128 ) (-4096 -4096 -128 ) (-4096 -4096 1920 ) 
4 289 312 (-5120 -4096 -128 ) (-5120 -4096 1920 ) (-5120 -3072 1920 ) (-5120 -3072 -128 ) 
4 290 295 (-5120 -1024 128 ) (-5120 -1024 256 ) (-6144 -1024 256 ) (-6144 -1024 128 ) 
4 290 294 (-5120 -1024 256 ) (-5120 -1024 1920 ) (-6144 -1024 1920 ) (-6144 -1024 256 ) 
4 290 292 (-6144 0 1920 ) (-6144 0 128 ) (-6144 -1024 128 ) (-6144 -1024 1920 ) 
4 290 291 (-6144 -640 128 ) (-6144 0 128 ) (-5120 0 128 ) (-5120 -640 128 ) 
4 291 293 (-6144 0 128 ) (-6144 0 -128 ) (-6144 -640 -128 ) (-6144 -640 128 ) 
4 292 299 (-6144 -1024 128 ) (-6144 -1024 256 ) (-7168 -1024 256 ) (-7168 -1024 128 ) 
4 292 298 (-6144 -1024 256 ) (-6144 -1024 1920 ) (-7168 -1024 1920 ) (-7168 -1024 256 ) 
4 292 293 (-7168 -640 128 ) (-7168 0 128 ) (-6144 0 128 ) (-6144 -640 128 ) 
4 294 302 (-5120 -2048 256 ) (-5120 -2048 1920 ) (-6144 -2048 1920 ) (-6144 -2048 256 ) 
4 294 298 (-6144 -2048 256 ) (-6144 -2048 1920 ) (-6144 -1024 1920 ) (-6144 -1024 256 ) 
4 294 295 (-6144 -1216 256 ) (-6144 -1024 256 ) (-5120 -1024 256 ) (-5120 -1216 256 ) 
4 294 296 (-6144 -2048 256 ) (-6144 -1344 256 ) (-5120 -1344 256 ) (-5120 -2048 256 ) 
4 295 299 (-6144 -1216 256 ) (-6144 -1024 256 ) (-6144 -1024 128 ) (-6144 -1216 128 ) 
4 296 302 (-5120 -2048 128 ) (-5120 -2048 256 ) (-6144 -2048 256 ) (-6144 -2048 128 ) 
4 296 300 (-6144 -2048 128 ) (-6144 -2048 256 ) (-6144 -1344 256 ) (-6144 -1344 128 ) 
4 296 297 (-5120 -2048 128 ) (-6144 -2048 128 ) (-6144 -1536 128 ) (-5120 -1536 128 ) 
4 297 306 (-5120 -2048 -128 ) (-5120 -2048 -48 ) (-6144 -2048 -48 ) (-6144 -2048 -128 ) 
4 297 303 (-5120 -2048 -48 ) (-5120 -2048 -40 ) (-6144 -2048 -40 ) (-6144 -2048 -48 ) 
4 297 302 (-5120 -2048 -40 ) (-5120 -2048 128 ) (-6144 -2048 128 ) (-6144 -2048 -40 ) 
4 297 301 (-6144 -2048 -128 ) (-6144 -2048 128 ) (-6144 -1536 128 ) (-6144 -1536 -128 ) 
4 298 307 (-7168 -2048 1920 ) (-7168 -2048 256 ) (-6144 -2048 256 ) (-6144 -2048 1920 ) 
4 298 299 (-7168 -1216 256 ) (-7168 -1024 256 ) (-6144 -1024 256 ) (-6144 -1216 256 ) 
4 298 300 (-6144 -2048 256 ) (-7168 -2048 256 ) (-7168 -1344 256 ) (-6144 -1344 256 ) 
4 300 307 (-7168 -2048 256 ) (-7168 -2048 128 ) (-6144 -2048 128 ) (-6144 -2048 256 ) 
4 300 301 (-6144 -1536 128 ) (-6144 -2048 128 ) (-7168 -2048 128 ) (-7168 -1536 128 ) 
4 301 311 (-7168 -2048 -48 ) (-7168 -2048 -128 ) (-6144 -2048 -128 ) (-6144 -2048 -48 ) 
4 301 308 (-7168 -2048 -40 ) (-7168 -2048 -48 ) (-6144 -2048 -48 ) (-6144 -2048 -40 ) 
4 301 307 (-7168 -2048 128 ) (-7168 -2048 -40 ) (-6144 -2048 -40 ) (-6144 -2048 128 ) 
4 302 312 (-5120 -3072 -40 ) (-5120 -3072 1920 ) (-6144 -3072 1920 ) (-6144 -3072 -40 ) 
4 302 307 (-6144 -2048 1920 ) (-6144 -2048 -40 ) (-6144 -3072 -40 ) (-6144 -3072 1920 ) 
4 302 304 (-5120 -2144 -40 ) (-5120 -2464 -40 ) (-6144 -2464 -40 ) (-6144 -2144 -40 ) 
4 302 303 (-6144 -2048 -40 ) (-5120 -2048 -40 ) (-5120 -2144 -40 ) (-6144 -2144 -40 ) 
4 302 305 (-5120 -2464 -40 ) (-5120 -3072 -40 ) (-6144 -3072 -40 ) (-6144 -2464 -40 ) 
4 303 308 (-6144 -2048 -40 ) (-6144 -2048 -48 ) (-6144 -2144 -48 ) (-6144 -2144 -40 ) 
4 303 306 (-6144 -2144 -48 ) (-6144 -2048 -48 ) (-5120 -2048 -48 ) (-5120 -2144 -48 ) 
4 303 304 (-6144 -2144 -48 ) (-5120 -2144 -48 ) (-5120 -2144 -40 ) (-6144 -2144 -40 ) 
4 304 309 (-6144 -2144 -48 ) (-6144 -2464 -48 ) (-6144 -2464 -40 ) (-6144 -2144 -40 ) 
4 304 306 (-6144 -2464 -48 ) (-6144 -2144 -48 ) (-5120 -2144 -48 ) (-5120 -2464 -48 ) 
4 304 305 (-6144 -2464 -48 ) (-5120 -2464 -48 ) (-5120 -2464 -40 ) (-6144 -2464 -40 ) 
4 305 312 (-5120 -3072 -48 ) (-5120 -3072 -40 ) (-6144 -3072 -40 ) (-6144 -3072 -48 ) 
4 305 310 (-6144 -2464 -48 ) (-6144 -3072 -48 ) (-6144 -3072 -40 ) (-6144 -2464 -40 ) 
4 305 306 (-5120 -3072 -48 ) (-6144 -3072 -48 ) (-6144 -2464 -48 ) (-5120 -2464 -48 ) 
4 306 312 (-5120 -3072 -128 ) (-5120 -3072 -48 ) (-6144 -3072 -48 ) (-6144 -3072 -128 ) 
4 306 311 (-6144 -2048 -48 ) (-6144 -2048 -128 ) (-6144 -3072 -128 ) (-6144 -3072 -48 ) 
4 307 313 (-6144 -3072 -40 ) (-6144 -3072 1920 ) (-7168 -3072 1920 ) (-7168 -3072 -40 ) 
4 307 309 (-7168 -2464 -40 ) (-7168 -2144 -40 ) (-6144 -2144 -40 ) (-6144 -2464 -40 ) 
4 307 308 (-7168 -2144 -40 ) (-7168 -2048 -40 ) (-6144 -2048 -40 ) (-6144 -2144 -40 ) 
4 307 310 (-7168 -3072 -40 ) (-7168 -2464 -40 ) (-6144 -2464 -40 ) (-6144 -3072 -40 ) 
4 308 311 (-7168 -2144 -48 ) (-7168 -2048 -48 ) (-6144 -2048 -48 ) (-6144 -2144 -48 ) 
4 308 309 (-7168 -2144 -48 ) (-6144 -2144 -48 ) (-6144 -2144 -40 ) (-7168 -2144 -40 ) 
4 309 311 (-7168 -2464 -48 ) (-7168 -2144 -48 ) (-6144 -2144 -48 ) (-6144 -2464 -48 ) 
4 309 310 (-7168 -2464 -48 ) (-6144 -2464 -48 ) (-6144 -2464 -40 ) (-7168 -2464 -40 ) 
4 310 313 (-6144 -3072 -48 ) (-6144 -3072 -40 ) (-7168 -3072 -40 ) (-7168 -3072 -48 ) 
4 310 311 (-6144 -3072 -48 ) (-7168 -3072 -48 ) (-7168 -2464 -48 ) (-6144 -2464 -48 ) 
4 311 313 (-6144 -3072 -128 ) (-6144 -3072 -48 ) (-7168 -3072 -48 ) (-7168 -3072 -128 ) 
4 312 313 (-6144 -3072 1920 ) (-6144 -3072 -128 ) (-6144 -4096 -128 ) (-6144 -4096 1920 ) 
